#
# There is insufficient memory for the Java Runtime Environment to continue.
# Native memory allocation (malloc) failed to allocate 1203856 bytes. Error detail: Chunk::new
# Possible reasons:
#   The system is out of physical RAM or swap space
#   This process is running with CompressedOops enabled, and the Java Heap may be blocking the growth of the native heap
# Possible solutions:
#   Reduce memory load on the system
#   Increase physical memory or swap space
#   Check if swap backing store is full
#   Decrease Java heap size (-Xmx/-Xms)
#   Decrease number of Java threads
#   Decrease Java thread stack sizes (-Xss)
#   Set larger code cache with -XX:ReservedCodeCacheSize=
#   JVM is running with Unscaled Compressed Oops mode in which the Java heap is
#     placed in the first 4GB address space. The Java Heap base address is the
#     maximum limit for the native heap growth. Please use -XX:HeapBaseMinAddress
#     to set the Java Heap base and to place the Java Heap above 4GB virtual address.
# This output file may be truncated or incomplete.
#
#  Out of Memory Error (arena.cpp:168), pid=296, tid=4964
#
# JRE version: OpenJDK Runtime Environment (21.0.9) (build 21.0.9+-14787801-b1163.94)
# Java VM: OpenJDK 64-Bit Server VM (21.0.9+-14787801-b1163.94, mixed mode, tiered, compressed oops, compressed class ptrs, g1 gc, windows-amd64)
# No core dump will be written. Minidumps are not enabled by default on client versions of Windows
#

---------------  S U M M A R Y ------------

Command Line: org.jetbrains.kotlin.cli.jvm.K2JVMCompiler @D:\PROJECT DAN REFERENSI\PROJECT MOBILE APPS\MedanSafe\app\build\20260418_16571323451971311000.compiler.options

Host: Intel(R) Core(TM) i3-1005G1 CPU @ 1.20GHz, 4 cores, 7G,  Windows 11 , 64 bit Build 26100 (10.0.26100.7920)
Time: Sat Apr 18 03:34:39 2026 SE Asia Standard Time elapsed time: 138.497829 seconds (0d 0h 2m 18s)

---------------  T H R E A D  ---------------

Current thread (0x000001d6caaf5490):  JavaThread "C2 CompilerThread1" daemon [_thread_in_native, id=4964, stack(0x0000001b61000000,0x0000001b61100000) (1024K)]


Current CompileTask:
C2:138498 26832       4       org.jetbrains.kotlin.codegen.optimization.DeadCodeEliminationMethodTransformer::transform (118 bytes)

Stack: [0x0000001b61000000,0x0000001b61100000]
Native frames: (J=compiled Java code, j=interpreted, Vv=VM code, C=native code)
V  [jvm.dll+0x6d6c99]
V  [jvm.dll+0x866b83]
V  [jvm.dll+0x8691ae]
V  [jvm.dll+0x869893]
V  [jvm.dll+0x280776]
V  [jvm.dll+0xc07cd]
V  [jvm.dll+0xc0d03]
V  [jvm.dll+0x3b986b]
V  [jvm.dll+0x3856a7]
V  [jvm.dll+0x384b1a]
V  [jvm.dll+0x249462]
V  [jvm.dll+0x248a31]
V  [jvm.dll+0x1c7344]
V  [jvm.dll+0x2581ae]
V  [jvm.dll+0x2566f6]
V  [jvm.dll+0x3f48a6]
V  [jvm.dll+0x80f118]
V  [jvm.dll+0x6d54ed]
C  [ucrtbase.dll+0x37b0]
C  [KERNEL32.DLL+0x2e8d7]
C  [ntdll.dll+0x8c48c]


---------------  P R O C E S S  ---------------

Threads class SMR info:
_java_thread_list=0x000001d6c9a8b9c0, length=12, elements={
0x000001d6a69b97b0, 0x000001d6bfbeccb0, 0x000001d6bfc08860, 0x000001d6bfc092c0,
0x000001d6bfc28740, 0x000001d6bfc29290, 0x000001d6bfc1f0a0, 0x000001d6bfc1fb00,
0x000001d6bfc0fa80, 0x000001d6bfc14a30, 0x000001d6bfdc42b0, 0x000001d6caaf5490
}

Java Threads: ( => current thread )
  0x000001d6a69b97b0 JavaThread "main"                              [_thread_in_Java, id=3004, stack(0x0000001b61300000,0x0000001b61400000) (1024K)]
  0x000001d6bfbeccb0 JavaThread "Common-Cleaner"             daemon [_thread_blocked, id=12652, stack(0x0000001b61b00000,0x0000001b61c00000) (1024K)]
  0x000001d6bfc08860 JavaThread "Reference Handler"          daemon [_thread_blocked, id=5732, stack(0x0000001b61c00000,0x0000001b61d00000) (1024K)]
  0x000001d6bfc092c0 JavaThread "Finalizer"                  daemon [_thread_blocked, id=268, stack(0x0000001b61d00000,0x0000001b61e00000) (1024K)]
  0x000001d6bfc28740 JavaThread "Signal Dispatcher"          daemon [_thread_blocked, id=4536, stack(0x0000001b61e00000,0x0000001b61f00000) (1024K)]
  0x000001d6bfc29290 JavaThread "Attach Listener"            daemon [_thread_blocked, id=1044, stack(0x0000001b61f00000,0x0000001b62000000) (1024K)]
  0x000001d6bfc1f0a0 JavaThread "Service Thread"             daemon [_thread_blocked, id=13092, stack(0x0000001b62000000,0x0000001b62100000) (1024K)]
  0x000001d6bfc1fb00 JavaThread "Monitor Deflation Thread"   daemon [_thread_blocked, id=5712, stack(0x0000001b62100000,0x0000001b62200000) (1024K)]
  0x000001d6bfc0fa80 JavaThread "C2 CompilerThread0"         daemon [_thread_in_native, id=12608, stack(0x0000001b62200000,0x0000001b62300000) (1024K)]
  0x000001d6bfc14a30 JavaThread "C1 CompilerThread0"         daemon [_thread_blocked, id=12268, stack(0x0000001b62300000,0x0000001b62400000) (1024K)]
  0x000001d6bfdc42b0 JavaThread "Notification Thread"        daemon [_thread_blocked, id=7248, stack(0x0000001b62400000,0x0000001b62500000) (1024K)]
=>0x000001d6caaf5490 JavaThread "C2 CompilerThread1"         daemon [_thread_in_native, id=4964, stack(0x0000001b61000000,0x0000001b61100000) (1024K)]
Total: 12

Other Threads:
  0x000001d6bfa49680 VMThread "VM Thread"                           [id=2012, stack(0x0000001b61a00000,0x0000001b61b00000) (1024K)]
  0x000001d6bf9eba20 WatcherThread "VM Periodic Task Thread"        [id=11092, stack(0x0000001b61900000,0x0000001b61a00000) (1024K)]
  0x000001d6a8d838e0 WorkerThread "GC Thread#0"                     [id=5676, stack(0x0000001b61400000,0x0000001b61500000) (1024K)]
  0x000001d6c439a4a0 WorkerThread "GC Thread#1"                     [id=12772, stack(0x0000001b62500000,0x0000001b62600000) (1024K)]
  0x000001d6c439b010 WorkerThread "GC Thread#2"                     [id=9612, stack(0x0000001b62600000,0x0000001b62700000) (1024K)]
  0x000001d6c434a700 WorkerThread "GC Thread#3"                     [id=10580, stack(0x0000001b62700000,0x0000001b62800000) (1024K)]
  0x000001d6a8d956a0 ConcurrentGCThread "G1 Main Marker"            [id=10952, stack(0x0000001b61500000,0x0000001b61600000) (1024K)]
  0x000001d6a8d961a0 WorkerThread "G1 Conc#0"                       [id=12388, stack(0x0000001b61600000,0x0000001b61700000) (1024K)]
  0x000001d6a8dee720 ConcurrentGCThread "G1 Refine#0"               [id=4392, stack(0x0000001b61700000,0x0000001b61800000) (1024K)]
  0x000001d6bf8ba370 ConcurrentGCThread "G1 Service"                [id=5008, stack(0x0000001b61800000,0x0000001b61900000) (1024K)]
Total: 10

Threads with active compile tasks:
C2 CompilerThread0  138629 26816 %     4       org.jetbrains.kotlin.codegen.optimization.temporaryVals.TemporaryVariablesEliminationTransformer::processLabels @ 73 (534 bytes)
C2 CompilerThread1  138629 26832       4       org.jetbrains.kotlin.codegen.optimization.DeadCodeEliminationMethodTransformer::transform (118 bytes)
Total: 2

VM state: not at safepoint (normal execution)

VM Mutex/Monitor currently owned by a thread: None

Heap address: 0x0000000084000000, size: 1984 MB, Compressed Oops mode: 32-bit

CDS archive(s) not mapped
Compressed class space mapped at: 0x0000000100000000-0x0000000140000000, reserved size: 1073741824
Narrow klass base: 0x0000000000000000, Narrow klass shift: 3, Narrow klass range: 0x140000000

GC Precious Log:
 CardTable entry size: 512
 Card Set container configuration: InlinePtr #cards 5 size 8 Array Of Cards #cards 12 size 40 Howl #buckets 4 coarsen threshold 1843 Howl Bitmap #cards 512 size 80 coarsen threshold 460 Card regions per heap region 1 cards per card region 2048
 CPUs: 4 total, 4 available
 Memory: 7930M
 Large Page Support: Disabled
 NUMA Support: Disabled
 Compressed Oops: Enabled (32-bit)
 Heap Region Size: 1M
 Heap Min Capacity: 8M
 Heap Initial Capacity: 124M
 Heap Max Capacity: 1984M
 Pre-touch: Disabled
 Parallel Workers: 4
 Concurrent Workers: 1
 Concurrent Refinement Workers: 4
 Periodic GC: Disabled

Heap:
 garbage-first heap   total 266240K, used 246734K [0x0000000084000000, 0x0000000100000000)
  region size 1024K, 98 young (100352K), 9 survivors (9216K)
 Metaspace       used 102843K, committed 103616K, reserved 1179648K
  class space    used 10733K, committed 11136K, reserved 1048576K

Heap Regions: E=young(eden), S=young(survivor), O=old, HS=humongous(starts), HC=humongous(continues), CS=collection set, F=free, TAMS=top-at-mark-start, PB=parsable bottom
|   0|0x0000000084000000, 0x0000000084100000, 0x0000000084100000|100%|HS|  |TAMS 0x0000000084000000| PB 0x0000000084000000| Complete 
|   1|0x0000000084100000, 0x0000000084200000, 0x0000000084200000|100%|HC|  |TAMS 0x0000000084100000| PB 0x0000000084100000| Complete 
|   2|0x0000000084200000, 0x0000000084300000, 0x0000000084300000|100%|HC|  |TAMS 0x0000000084200000| PB 0x0000000084200000| Complete 
|   3|0x0000000084300000, 0x0000000084400000, 0x0000000084400000|100%|HC|  |TAMS 0x0000000084300000| PB 0x0000000084300000| Complete 
|   4|0x0000000084400000, 0x0000000084500000, 0x0000000084500000|100%| O|  |TAMS 0x0000000084400000| PB 0x0000000084400000| Untracked 
|   5|0x0000000084500000, 0x0000000084600000, 0x0000000084600000|100%| O|  |TAMS 0x0000000084500000| PB 0x0000000084500000| Untracked 
|   6|0x0000000084600000, 0x0000000084700000, 0x0000000084700000|100%| O|  |TAMS 0x0000000084600000| PB 0x0000000084600000| Untracked 
|   7|0x0000000084700000, 0x0000000084800000, 0x0000000084800000|100%| O|  |TAMS 0x0000000084700000| PB 0x0000000084700000| Untracked 
|   8|0x0000000084800000, 0x0000000084900000, 0x0000000084900000|100%| O|  |TAMS 0x0000000084800000| PB 0x0000000084800000| Untracked 
|   9|0x0000000084900000, 0x0000000084a00000, 0x0000000084a00000|100%| O|  |TAMS 0x0000000084900000| PB 0x0000000084900000| Untracked 
|  10|0x0000000084a00000, 0x0000000084b00000, 0x0000000084b00000|100%| O|  |TAMS 0x0000000084a00000| PB 0x0000000084a00000| Untracked 
|  11|0x0000000084b00000, 0x0000000084c00000, 0x0000000084c00000|100%| O|  |TAMS 0x0000000084b00000| PB 0x0000000084b00000| Untracked 
|  12|0x0000000084c00000, 0x0000000084d00000, 0x0000000084d00000|100%| O|  |TAMS 0x0000000084c00000| PB 0x0000000084c00000| Untracked 
|  13|0x0000000084d00000, 0x0000000084e00000, 0x0000000084e00000|100%| O|  |TAMS 0x0000000084d00000| PB 0x0000000084d00000| Untracked 
|  14|0x0000000084e00000, 0x0000000084f00000, 0x0000000084f00000|100%| O|  |TAMS 0x0000000084e00000| PB 0x0000000084e00000| Untracked 
|  15|0x0000000084f00000, 0x0000000085000000, 0x0000000085000000|100%| O|  |TAMS 0x0000000084f00000| PB 0x0000000084f00000| Untracked 
|  16|0x0000000085000000, 0x0000000085100000, 0x0000000085100000|100%| O|  |TAMS 0x0000000085000000| PB 0x0000000085000000| Untracked 
|  17|0x0000000085100000, 0x0000000085200000, 0x0000000085200000|100%| O|  |TAMS 0x0000000085100000| PB 0x0000000085100000| Untracked 
|  18|0x0000000085200000, 0x0000000085300000, 0x0000000085300000|100%| O|  |TAMS 0x0000000085200000| PB 0x0000000085200000| Untracked 
|  19|0x0000000085300000, 0x0000000085400000, 0x0000000085400000|100%| O|  |TAMS 0x0000000085300000| PB 0x0000000085300000| Untracked 
|  20|0x0000000085400000, 0x0000000085500000, 0x0000000085500000|100%| O|  |TAMS 0x0000000085400000| PB 0x0000000085400000| Untracked 
|  21|0x0000000085500000, 0x0000000085600000, 0x0000000085600000|100%| O|  |TAMS 0x0000000085500000| PB 0x0000000085500000| Untracked 
|  22|0x0000000085600000, 0x0000000085700000, 0x0000000085700000|100%|HS|  |TAMS 0x0000000085600000| PB 0x0000000085600000| Complete 
|  23|0x0000000085700000, 0x0000000085800000, 0x0000000085800000|100%|HC|  |TAMS 0x0000000085700000| PB 0x0000000085700000| Complete 
|  24|0x0000000085800000, 0x0000000085900000, 0x0000000085900000|100%| O|  |TAMS 0x0000000085800000| PB 0x0000000085800000| Untracked 
|  25|0x0000000085900000, 0x0000000085a00000, 0x0000000085a00000|100%| O|  |TAMS 0x0000000085900000| PB 0x0000000085900000| Untracked 
|  26|0x0000000085a00000, 0x0000000085b00000, 0x0000000085b00000|100%| O|  |TAMS 0x0000000085a00000| PB 0x0000000085a00000| Untracked 
|  27|0x0000000085b00000, 0x0000000085c00000, 0x0000000085c00000|100%| O|  |TAMS 0x0000000085b00000| PB 0x0000000085b00000| Untracked 
|  28|0x0000000085c00000, 0x0000000085d00000, 0x0000000085d00000|100%| O|  |TAMS 0x0000000085c00000| PB 0x0000000085c00000| Untracked 
|  29|0x0000000085d00000, 0x0000000085e00000, 0x0000000085e00000|100%| O|  |TAMS 0x0000000085d00000| PB 0x0000000085d00000| Untracked 
|  30|0x0000000085e00000, 0x0000000085f00000, 0x0000000085f00000|100%| O|  |TAMS 0x0000000085e00000| PB 0x0000000085e00000| Untracked 
|  31|0x0000000085f00000, 0x0000000086000000, 0x0000000086000000|100%| O|  |TAMS 0x0000000085f00000| PB 0x0000000085f00000| Untracked 
|  32|0x0000000086000000, 0x0000000086100000, 0x0000000086100000|100%| O|  |TAMS 0x0000000086000000| PB 0x0000000086000000| Untracked 
|  33|0x0000000086100000, 0x0000000086200000, 0x0000000086200000|100%| O|  |TAMS 0x0000000086100000| PB 0x0000000086100000| Untracked 
|  34|0x0000000086200000, 0x0000000086300000, 0x0000000086300000|100%| O|  |TAMS 0x0000000086200000| PB 0x0000000086200000| Untracked 
|  35|0x0000000086300000, 0x0000000086400000, 0x0000000086400000|100%| O|  |TAMS 0x0000000086300000| PB 0x0000000086300000| Untracked 
|  36|0x0000000086400000, 0x0000000086500000, 0x0000000086500000|100%| O|  |TAMS 0x0000000086400000| PB 0x0000000086400000| Untracked 
|  37|0x0000000086500000, 0x0000000086600000, 0x0000000086600000|100%| O|  |TAMS 0x0000000086500000| PB 0x0000000086500000| Untracked 
|  38|0x0000000086600000, 0x0000000086700000, 0x0000000086700000|100%| O|  |TAMS 0x0000000086600000| PB 0x0000000086600000| Untracked 
|  39|0x0000000086700000, 0x0000000086800000, 0x0000000086800000|100%| O|  |TAMS 0x0000000086700000| PB 0x0000000086700000| Untracked 
|  40|0x0000000086800000, 0x0000000086900000, 0x0000000086900000|100%| O|  |TAMS 0x0000000086800000| PB 0x0000000086800000| Untracked 
|  41|0x0000000086900000, 0x0000000086a00000, 0x0000000086a00000|100%| O|  |TAMS 0x0000000086900000| PB 0x0000000086900000| Untracked 
|  42|0x0000000086a00000, 0x0000000086b00000, 0x0000000086b00000|100%| O|  |TAMS 0x0000000086a00000| PB 0x0000000086a00000| Untracked 
|  43|0x0000000086b00000, 0x0000000086c00000, 0x0000000086c00000|100%| O|  |TAMS 0x0000000086b00000| PB 0x0000000086b00000| Untracked 
|  44|0x0000000086c00000, 0x0000000086d00000, 0x0000000086d00000|100%| O|  |TAMS 0x0000000086c00000| PB 0x0000000086c00000| Untracked 
|  45|0x0000000086d00000, 0x0000000086e00000, 0x0000000086e00000|100%| O|  |TAMS 0x0000000086d00000| PB 0x0000000086d00000| Untracked 
|  46|0x0000000086e00000, 0x0000000086f00000, 0x0000000086f00000|100%| O|  |TAMS 0x0000000086e00000| PB 0x0000000086e00000| Untracked 
|  47|0x0000000086f00000, 0x0000000087000000, 0x0000000087000000|100%| O|  |TAMS 0x0000000086f00000| PB 0x0000000086f00000| Untracked 
|  48|0x0000000087000000, 0x0000000087100000, 0x0000000087100000|100%| O|  |TAMS 0x0000000087000000| PB 0x0000000087000000| Untracked 
|  49|0x0000000087100000, 0x0000000087200000, 0x0000000087200000|100%| O|  |TAMS 0x0000000087100000| PB 0x0000000087100000| Untracked 
|  50|0x0000000087200000, 0x0000000087300000, 0x0000000087300000|100%| O|  |TAMS 0x0000000087200000| PB 0x0000000087200000| Untracked 
|  51|0x0000000087300000, 0x0000000087400000, 0x0000000087400000|100%| O|  |TAMS 0x0000000087300000| PB 0x0000000087300000| Untracked 
|  52|0x0000000087400000, 0x0000000087500000, 0x0000000087500000|100%| O|  |TAMS 0x0000000087400000| PB 0x0000000087400000| Untracked 
|  53|0x0000000087500000, 0x0000000087600000, 0x0000000087600000|100%| O|  |TAMS 0x0000000087500000| PB 0x0000000087500000| Untracked 
|  54|0x0000000087600000, 0x0000000087700000, 0x0000000087700000|100%| O|  |TAMS 0x0000000087600000| PB 0x0000000087600000| Untracked 
|  55|0x0000000087700000, 0x0000000087800000, 0x0000000087800000|100%| O|  |TAMS 0x0000000087700000| PB 0x0000000087700000| Untracked 
|  56|0x0000000087800000, 0x0000000087900000, 0x0000000087900000|100%| O|  |TAMS 0x0000000087800000| PB 0x0000000087800000| Untracked 
|  57|0x0000000087900000, 0x0000000087a00000, 0x0000000087a00000|100%| O|  |TAMS 0x0000000087900000| PB 0x0000000087900000| Untracked 
|  58|0x0000000087a00000, 0x0000000087b00000, 0x0000000087b00000|100%| O|  |TAMS 0x0000000087a00000| PB 0x0000000087a00000| Untracked 
|  59|0x0000000087b00000, 0x0000000087c00000, 0x0000000087c00000|100%| O|  |TAMS 0x0000000087b00000| PB 0x0000000087b00000| Untracked 
|  60|0x0000000087c00000, 0x0000000087d00000, 0x0000000087d00000|100%| O|  |TAMS 0x0000000087c00000| PB 0x0000000087c00000| Untracked 
|  61|0x0000000087d00000, 0x0000000087e00000, 0x0000000087e00000|100%| O|  |TAMS 0x0000000087d00000| PB 0x0000000087d00000| Untracked 
|  62|0x0000000087e00000, 0x0000000087f00000, 0x0000000087f00000|100%| O|  |TAMS 0x0000000087e00000| PB 0x0000000087e00000| Untracked 
|  63|0x0000000087f00000, 0x0000000088000000, 0x0000000088000000|100%| O|  |TAMS 0x0000000087f00000| PB 0x0000000087f00000| Untracked 
|  64|0x0000000088000000, 0x0000000088100000, 0x0000000088100000|100%| O|  |TAMS 0x0000000088000000| PB 0x0000000088000000| Untracked 
|  65|0x0000000088100000, 0x0000000088200000, 0x0000000088200000|100%| O|  |TAMS 0x0000000088100000| PB 0x0000000088100000| Untracked 
|  66|0x0000000088200000, 0x0000000088300000, 0x0000000088300000|100%| O|  |TAMS 0x0000000088200000| PB 0x0000000088200000| Untracked 
|  67|0x0000000088300000, 0x0000000088400000, 0x0000000088400000|100%| O|  |TAMS 0x0000000088300000| PB 0x0000000088300000| Untracked 
|  68|0x0000000088400000, 0x0000000088500000, 0x0000000088500000|100%| O|  |TAMS 0x0000000088400000| PB 0x0000000088400000| Untracked 
|  69|0x0000000088500000, 0x0000000088600000, 0x0000000088600000|100%| O|  |TAMS 0x0000000088500000| PB 0x0000000088500000| Untracked 
|  70|0x0000000088600000, 0x0000000088700000, 0x0000000088700000|100%| O|  |TAMS 0x0000000088600000| PB 0x0000000088600000| Untracked 
|  71|0x0000000088700000, 0x0000000088800000, 0x0000000088800000|100%| O|  |TAMS 0x0000000088700000| PB 0x0000000088700000| Untracked 
|  72|0x0000000088800000, 0x0000000088900000, 0x0000000088900000|100%| O|  |TAMS 0x0000000088800000| PB 0x0000000088800000| Untracked 
|  73|0x0000000088900000, 0x0000000088a00000, 0x0000000088a00000|100%| O|  |TAMS 0x0000000088900000| PB 0x0000000088900000| Untracked 
|  74|0x0000000088a00000, 0x0000000088b00000, 0x0000000088b00000|100%| O|  |TAMS 0x0000000088a00000| PB 0x0000000088a00000| Untracked 
|  75|0x0000000088b00000, 0x0000000088c00000, 0x0000000088c00000|100%| O|  |TAMS 0x0000000088b00000| PB 0x0000000088b00000| Untracked 
|  76|0x0000000088c00000, 0x0000000088d00000, 0x0000000088d00000|100%| O|  |TAMS 0x0000000088c00000| PB 0x0000000088c00000| Untracked 
|  77|0x0000000088d00000, 0x0000000088e00000, 0x0000000088e00000|100%| O|  |TAMS 0x0000000088d00000| PB 0x0000000088d00000| Untracked 
|  78|0x0000000088e00000, 0x0000000088f00000, 0x0000000088f00000|100%| O|  |TAMS 0x0000000088e00000| PB 0x0000000088e00000| Untracked 
|  79|0x0000000088f00000, 0x0000000089000000, 0x0000000089000000|100%| O|  |TAMS 0x0000000088f00000| PB 0x0000000088f00000| Untracked 
|  80|0x0000000089000000, 0x0000000089100000, 0x0000000089100000|100%| O|  |TAMS 0x0000000089000000| PB 0x0000000089000000| Untracked 
|  81|0x0000000089100000, 0x0000000089200000, 0x0000000089200000|100%| O|  |TAMS 0x0000000089100000| PB 0x0000000089100000| Untracked 
|  82|0x0000000089200000, 0x0000000089300000, 0x0000000089300000|100%| O|  |TAMS 0x0000000089200000| PB 0x0000000089200000| Untracked 
|  83|0x0000000089300000, 0x0000000089400000, 0x0000000089400000|100%| O|  |TAMS 0x0000000089300000| PB 0x0000000089300000| Untracked 
|  84|0x0000000089400000, 0x0000000089500000, 0x0000000089500000|100%| O|  |TAMS 0x0000000089400000| PB 0x0000000089400000| Untracked 
|  85|0x0000000089500000, 0x0000000089600000, 0x0000000089600000|100%| O|  |TAMS 0x0000000089500000| PB 0x0000000089500000| Untracked 
|  86|0x0000000089600000, 0x0000000089700000, 0x0000000089700000|100%| O|  |TAMS 0x0000000089600000| PB 0x0000000089600000| Untracked 
|  87|0x0000000089700000, 0x0000000089800000, 0x0000000089800000|100%| O|  |TAMS 0x0000000089700000| PB 0x0000000089700000| Untracked 
|  88|0x0000000089800000, 0x0000000089900000, 0x0000000089900000|100%| O|  |TAMS 0x0000000089800000| PB 0x0000000089800000| Untracked 
|  89|0x0000000089900000, 0x0000000089a00000, 0x0000000089a00000|100%| O|  |TAMS 0x0000000089900000| PB 0x0000000089900000| Untracked 
|  90|0x0000000089a00000, 0x0000000089b00000, 0x0000000089b00000|100%| O|  |TAMS 0x0000000089a00000| PB 0x0000000089a00000| Untracked 
|  91|0x0000000089b00000, 0x0000000089c00000, 0x0000000089c00000|100%| O|  |TAMS 0x0000000089b00000| PB 0x0000000089b00000| Untracked 
|  92|0x0000000089c00000, 0x0000000089d00000, 0x0000000089d00000|100%| O|  |TAMS 0x0000000089c00000| PB 0x0000000089c00000| Untracked 
|  93|0x0000000089d00000, 0x0000000089e00000, 0x0000000089e00000|100%| O|  |TAMS 0x0000000089d00000| PB 0x0000000089d00000| Untracked 
|  94|0x0000000089e00000, 0x0000000089f00000, 0x0000000089f00000|100%| O|  |TAMS 0x0000000089e00000| PB 0x0000000089e00000| Untracked 
|  95|0x0000000089f00000, 0x000000008a000000, 0x000000008a000000|100%| O|  |TAMS 0x0000000089f00000| PB 0x0000000089f00000| Untracked 
|  96|0x000000008a000000, 0x000000008a100000, 0x000000008a100000|100%| O|  |TAMS 0x000000008a000000| PB 0x000000008a000000| Untracked 
|  97|0x000000008a100000, 0x000000008a200000, 0x000000008a200000|100%| O|  |TAMS 0x000000008a100000| PB 0x000000008a100000| Untracked 
|  98|0x000000008a200000, 0x000000008a300000, 0x000000008a300000|100%| O|  |TAMS 0x000000008a200000| PB 0x000000008a200000| Untracked 
|  99|0x000000008a300000, 0x000000008a400000, 0x000000008a400000|100%| O|  |TAMS 0x000000008a300000| PB 0x000000008a300000| Untracked 
| 100|0x000000008a400000, 0x000000008a500000, 0x000000008a500000|100%| O|  |TAMS 0x000000008a400000| PB 0x000000008a400000| Untracked 
| 101|0x000000008a500000, 0x000000008a600000, 0x000000008a600000|100%| O|  |TAMS 0x000000008a500000| PB 0x000000008a500000| Untracked 
| 102|0x000000008a600000, 0x000000008a700000, 0x000000008a700000|100%| O|  |TAMS 0x000000008a600000| PB 0x000000008a600000| Untracked 
| 103|0x000000008a700000, 0x000000008a800000, 0x000000008a800000|100%| O|  |TAMS 0x000000008a700000| PB 0x000000008a700000| Untracked 
| 104|0x000000008a800000, 0x000000008a900000, 0x000000008a900000|100%| O|  |TAMS 0x000000008a800000| PB 0x000000008a800000| Untracked 
| 105|0x000000008a900000, 0x000000008aa00000, 0x000000008aa00000|100%| O|  |TAMS 0x000000008a900000| PB 0x000000008a900000| Untracked 
| 106|0x000000008aa00000, 0x000000008ab00000, 0x000000008ab00000|100%| O|  |TAMS 0x000000008aa00000| PB 0x000000008aa00000| Untracked 
| 107|0x000000008ab00000, 0x000000008ac00000, 0x000000008ac00000|100%| O|  |TAMS 0x000000008ab00000| PB 0x000000008ab00000| Untracked 
| 108|0x000000008ac00000, 0x000000008ad00000, 0x000000008ad00000|100%| O|  |TAMS 0x000000008ac00000| PB 0x000000008ac00000| Untracked 
| 109|0x000000008ad00000, 0x000000008ad00000, 0x000000008ae00000|  0%| F|  |TAMS 0x000000008ad00000| PB 0x000000008ad00000| Untracked 
| 110|0x000000008ae00000, 0x000000008ae00000, 0x000000008af00000|  0%| F|  |TAMS 0x000000008ae00000| PB 0x000000008ae00000| Untracked 
| 111|0x000000008af00000, 0x000000008af00000, 0x000000008b000000|  0%| F|  |TAMS 0x000000008af00000| PB 0x000000008af00000| Untracked 
| 112|0x000000008b000000, 0x000000008b100000, 0x000000008b100000|100%| O|  |TAMS 0x000000008b000000| PB 0x000000008b000000| Untracked 
| 113|0x000000008b100000, 0x000000008b100000, 0x000000008b200000|  0%| F|  |TAMS 0x000000008b100000| PB 0x000000008b100000| Untracked 
| 114|0x000000008b200000, 0x000000008b300000, 0x000000008b300000|100%| O|  |TAMS 0x000000008b200000| PB 0x000000008b200000| Untracked 
| 115|0x000000008b300000, 0x000000008b400000, 0x000000008b400000|100%| O|  |TAMS 0x000000008b300000| PB 0x000000008b300000| Untracked 
| 116|0x000000008b400000, 0x000000008b400000, 0x000000008b500000|  0%| F|  |TAMS 0x000000008b400000| PB 0x000000008b400000| Untracked 
| 117|0x000000008b500000, 0x000000008b500000, 0x000000008b600000|  0%| F|  |TAMS 0x000000008b500000| PB 0x000000008b500000| Untracked 
| 118|0x000000008b600000, 0x000000008b600000, 0x000000008b700000|  0%| F|  |TAMS 0x000000008b600000| PB 0x000000008b600000| Untracked 
| 119|0x000000008b700000, 0x000000008b800000, 0x000000008b800000|100%| O|  |TAMS 0x000000008b700000| PB 0x000000008b700000| Untracked 
| 120|0x000000008b800000, 0x000000008b900000, 0x000000008b900000|100%| O|  |TAMS 0x000000008b800000| PB 0x000000008b800000| Untracked 
| 121|0x000000008b900000, 0x000000008b900000, 0x000000008ba00000|  0%| F|  |TAMS 0x000000008b900000| PB 0x000000008b900000| Untracked 
| 122|0x000000008ba00000, 0x000000008bb00000, 0x000000008bb00000|100%| O|  |TAMS 0x000000008ba00000| PB 0x000000008ba00000| Untracked 
| 123|0x000000008bb00000, 0x000000008bc00000, 0x000000008bc00000|100%| O|  |TAMS 0x000000008bb00000| PB 0x000000008bb00000| Untracked 
| 124|0x000000008bc00000, 0x000000008bd00000, 0x000000008bd00000|100%| O|  |TAMS 0x000000008bc00000| PB 0x000000008bc00000| Untracked 
| 125|0x000000008bd00000, 0x000000008be00000, 0x000000008be00000|100%| O|  |TAMS 0x000000008bd00000| PB 0x000000008bd00000| Untracked 
| 126|0x000000008be00000, 0x000000008bf00000, 0x000000008bf00000|100%| O|  |TAMS 0x000000008be00000| PB 0x000000008be00000| Untracked 
| 127|0x000000008bf00000, 0x000000008c000000, 0x000000008c000000|100%| O|  |TAMS 0x000000008bf00000| PB 0x000000008bf00000| Untracked 
| 128|0x000000008c000000, 0x000000008c0f3ac0, 0x000000008c100000| 95%| O|  |TAMS 0x000000008c000000| PB 0x000000008c000000| Untracked 
| 129|0x000000008c100000, 0x000000008c100000, 0x000000008c200000|  0%| F|  |TAMS 0x000000008c100000| PB 0x000000008c100000| Untracked 
| 130|0x000000008c200000, 0x000000008c300000, 0x000000008c300000|100%| O|  |TAMS 0x000000008c200000| PB 0x000000008c200000| Untracked 
| 131|0x000000008c300000, 0x000000008c400000, 0x000000008c400000|100%| O|  |TAMS 0x000000008c300000| PB 0x000000008c300000| Untracked 
| 132|0x000000008c400000, 0x000000008c500000, 0x000000008c500000|100%| O|  |TAMS 0x000000008c400000| PB 0x000000008c400000| Untracked 
| 133|0x000000008c500000, 0x000000008c600000, 0x000000008c600000|100%| O|  |TAMS 0x000000008c500000| PB 0x000000008c500000| Untracked 
| 134|0x000000008c600000, 0x000000008c700000, 0x000000008c700000|100%| O|  |TAMS 0x000000008c600000| PB 0x000000008c600000| Untracked 
| 135|0x000000008c700000, 0x000000008c800000, 0x000000008c800000|100%| O|  |TAMS 0x000000008c700000| PB 0x000000008c700000| Untracked 
| 136|0x000000008c800000, 0x000000008c900000, 0x000000008c900000|100%| O|  |TAMS 0x000000008c800000| PB 0x000000008c800000| Untracked 
| 137|0x000000008c900000, 0x000000008ca00000, 0x000000008ca00000|100%| O|  |TAMS 0x000000008c900000| PB 0x000000008c900000| Untracked 
| 138|0x000000008ca00000, 0x000000008cb00000, 0x000000008cb00000|100%| O|  |TAMS 0x000000008ca00000| PB 0x000000008ca00000| Untracked 
| 139|0x000000008cb00000, 0x000000008cc00000, 0x000000008cc00000|100%| O|  |TAMS 0x000000008cb00000| PB 0x000000008cb00000| Untracked 
| 140|0x000000008cc00000, 0x000000008cd00000, 0x000000008cd00000|100%| O|  |TAMS 0x000000008cc00000| PB 0x000000008cc00000| Untracked 
| 141|0x000000008cd00000, 0x000000008ce00000, 0x000000008ce00000|100%| O|  |TAMS 0x000000008cd00000| PB 0x000000008cd00000| Untracked 
| 142|0x000000008ce00000, 0x000000008cf00000, 0x000000008cf00000|100%| O|  |TAMS 0x000000008ce00000| PB 0x000000008ce00000| Untracked 
| 143|0x000000008cf00000, 0x000000008d000000, 0x000000008d000000|100%| O|  |TAMS 0x000000008cf00000| PB 0x000000008cf00000| Untracked 
| 144|0x000000008d000000, 0x000000008d000000, 0x000000008d100000|  0%| F|  |TAMS 0x000000008d000000| PB 0x000000008d000000| Untracked 
| 145|0x000000008d100000, 0x000000008d200000, 0x000000008d200000|100%| O|  |TAMS 0x000000008d100000| PB 0x000000008d100000| Untracked 
| 146|0x000000008d200000, 0x000000008d300000, 0x000000008d300000|100%| O|  |TAMS 0x000000008d200000| PB 0x000000008d200000| Untracked 
| 147|0x000000008d300000, 0x000000008d400000, 0x000000008d400000|100%| O|  |TAMS 0x000000008d300000| PB 0x000000008d300000| Untracked 
| 148|0x000000008d400000, 0x000000008d500000, 0x000000008d500000|100%| O|  |TAMS 0x000000008d400000| PB 0x000000008d400000| Untracked 
| 149|0x000000008d500000, 0x000000008d500000, 0x000000008d600000|  0%| F|  |TAMS 0x000000008d500000| PB 0x000000008d500000| Untracked 
| 150|0x000000008d600000, 0x000000008d700000, 0x000000008d700000|100%| O|  |TAMS 0x000000008d600000| PB 0x000000008d600000| Untracked 
| 151|0x000000008d700000, 0x000000008d700000, 0x000000008d800000|  0%| F|  |TAMS 0x000000008d700000| PB 0x000000008d700000| Untracked 
| 152|0x000000008d800000, 0x000000008d900000, 0x000000008d900000|100%| S|CS|TAMS 0x000000008d800000| PB 0x000000008d800000| Complete 
| 153|0x000000008d900000, 0x000000008da00000, 0x000000008da00000|100%| S|CS|TAMS 0x000000008d900000| PB 0x000000008d900000| Complete 
| 154|0x000000008da00000, 0x000000008db00000, 0x000000008db00000|100%| S|CS|TAMS 0x000000008da00000| PB 0x000000008da00000| Complete 
| 155|0x000000008db00000, 0x000000008dc00000, 0x000000008dc00000|100%| S|CS|TAMS 0x000000008db00000| PB 0x000000008db00000| Complete 
| 156|0x000000008dc00000, 0x000000008dc00000, 0x000000008dd00000|  0%| F|  |TAMS 0x000000008dc00000| PB 0x000000008dc00000| Untracked 
| 157|0x000000008dd00000, 0x000000008dd00000, 0x000000008de00000|  0%| F|  |TAMS 0x000000008dd00000| PB 0x000000008dd00000| Untracked 
| 158|0x000000008de00000, 0x000000008de00000, 0x000000008df00000|  0%| F|  |TAMS 0x000000008de00000| PB 0x000000008de00000| Untracked 
| 159|0x000000008df00000, 0x000000008df00000, 0x000000008e000000|  0%| F|  |TAMS 0x000000008df00000| PB 0x000000008df00000| Untracked 
| 160|0x000000008e000000, 0x000000008e100000, 0x000000008e100000|100%| S|CS|TAMS 0x000000008e000000| PB 0x000000008e000000| Complete 
| 161|0x000000008e100000, 0x000000008e200000, 0x000000008e200000|100%| S|CS|TAMS 0x000000008e100000| PB 0x000000008e100000| Complete 
| 162|0x000000008e200000, 0x000000008e300000, 0x000000008e300000|100%| S|CS|TAMS 0x000000008e200000| PB 0x000000008e200000| Complete 
| 163|0x000000008e300000, 0x000000008e400000, 0x000000008e400000|100%| S|CS|TAMS 0x000000008e300000| PB 0x000000008e300000| Complete 
| 164|0x000000008e400000, 0x000000008e500000, 0x000000008e500000|100%| S|CS|TAMS 0x000000008e400000| PB 0x000000008e400000| Complete 
| 165|0x000000008e500000, 0x000000008e500000, 0x000000008e600000|  0%| F|  |TAMS 0x000000008e500000| PB 0x000000008e500000| Untracked 
| 166|0x000000008e600000, 0x000000008e600000, 0x000000008e700000|  0%| F|  |TAMS 0x000000008e600000| PB 0x000000008e600000| Untracked 
| 167|0x000000008e700000, 0x000000008e800000, 0x000000008e800000|100%| E|  |TAMS 0x000000008e700000| PB 0x000000008e700000| Complete 
| 168|0x000000008e800000, 0x000000008e900000, 0x000000008e900000|100%| E|CS|TAMS 0x000000008e800000| PB 0x000000008e800000| Complete 
| 169|0x000000008e900000, 0x000000008ea00000, 0x000000008ea00000|100%| E|CS|TAMS 0x000000008e900000| PB 0x000000008e900000| Complete 
| 170|0x000000008ea00000, 0x000000008eb00000, 0x000000008eb00000|100%| E|CS|TAMS 0x000000008ea00000| PB 0x000000008ea00000| Complete 
| 171|0x000000008eb00000, 0x000000008ec00000, 0x000000008ec00000|100%| E|CS|TAMS 0x000000008eb00000| PB 0x000000008eb00000| Complete 
| 172|0x000000008ec00000, 0x000000008ed00000, 0x000000008ed00000|100%| E|CS|TAMS 0x000000008ec00000| PB 0x000000008ec00000| Complete 
| 173|0x000000008ed00000, 0x000000008ee00000, 0x000000008ee00000|100%| E|CS|TAMS 0x000000008ed00000| PB 0x000000008ed00000| Complete 
| 174|0x000000008ee00000, 0x000000008ef00000, 0x000000008ef00000|100%| E|CS|TAMS 0x000000008ee00000| PB 0x000000008ee00000| Complete 
| 175|0x000000008ef00000, 0x000000008f000000, 0x000000008f000000|100%| E|CS|TAMS 0x000000008ef00000| PB 0x000000008ef00000| Complete 
| 176|0x000000008f000000, 0x000000008f100000, 0x000000008f100000|100%| E|CS|TAMS 0x000000008f000000| PB 0x000000008f000000| Complete 
| 177|0x000000008f100000, 0x000000008f200000, 0x000000008f200000|100%| E|CS|TAMS 0x000000008f100000| PB 0x000000008f100000| Complete 
| 178|0x000000008f200000, 0x000000008f300000, 0x000000008f300000|100%| E|CS|TAMS 0x000000008f200000| PB 0x000000008f200000| Complete 
| 179|0x000000008f300000, 0x000000008f400000, 0x000000008f400000|100%| E|CS|TAMS 0x000000008f300000| PB 0x000000008f300000| Complete 
| 180|0x000000008f400000, 0x000000008f500000, 0x000000008f500000|100%| E|CS|TAMS 0x000000008f400000| PB 0x000000008f400000| Complete 
| 181|0x000000008f500000, 0x000000008f600000, 0x000000008f600000|100%| E|CS|TAMS 0x000000008f500000| PB 0x000000008f500000| Complete 
| 182|0x000000008f600000, 0x000000008f700000, 0x000000008f700000|100%| E|CS|TAMS 0x000000008f600000| PB 0x000000008f600000| Complete 
| 183|0x000000008f700000, 0x000000008f800000, 0x000000008f800000|100%| E|CS|TAMS 0x000000008f700000| PB 0x000000008f700000| Complete 
| 184|0x000000008f800000, 0x000000008f900000, 0x000000008f900000|100%| E|CS|TAMS 0x000000008f800000| PB 0x000000008f800000| Complete 
| 185|0x000000008f900000, 0x000000008fa00000, 0x000000008fa00000|100%| E|CS|TAMS 0x000000008f900000| PB 0x000000008f900000| Complete 
| 186|0x000000008fa00000, 0x000000008fb00000, 0x000000008fb00000|100%| E|CS|TAMS 0x000000008fa00000| PB 0x000000008fa00000| Complete 
| 187|0x000000008fb00000, 0x000000008fc00000, 0x000000008fc00000|100%| E|CS|TAMS 0x000000008fb00000| PB 0x000000008fb00000| Complete 
| 188|0x000000008fc00000, 0x000000008fd00000, 0x000000008fd00000|100%| E|CS|TAMS 0x000000008fc00000| PB 0x000000008fc00000| Complete 
| 189|0x000000008fd00000, 0x000000008fe00000, 0x000000008fe00000|100%| E|CS|TAMS 0x000000008fd00000| PB 0x000000008fd00000| Complete 
| 190|0x000000008fe00000, 0x000000008ff00000, 0x000000008ff00000|100%| E|CS|TAMS 0x000000008fe00000| PB 0x000000008fe00000| Complete 
| 191|0x000000008ff00000, 0x0000000090000000, 0x0000000090000000|100%| E|CS|TAMS 0x000000008ff00000| PB 0x000000008ff00000| Complete 
| 192|0x0000000090000000, 0x0000000090100000, 0x0000000090100000|100%| E|CS|TAMS 0x0000000090000000| PB 0x0000000090000000| Complete 
| 193|0x0000000090100000, 0x0000000090200000, 0x0000000090200000|100%| E|CS|TAMS 0x0000000090100000| PB 0x0000000090100000| Complete 
| 194|0x0000000090200000, 0x0000000090300000, 0x0000000090300000|100%| E|CS|TAMS 0x0000000090200000| PB 0x0000000090200000| Complete 
| 195|0x0000000090300000, 0x0000000090400000, 0x0000000090400000|100%| E|CS|TAMS 0x0000000090300000| PB 0x0000000090300000| Complete 
| 196|0x0000000090400000, 0x0000000090500000, 0x0000000090500000|100%| E|CS|TAMS 0x0000000090400000| PB 0x0000000090400000| Complete 
| 197|0x0000000090500000, 0x0000000090600000, 0x0000000090600000|100%| E|CS|TAMS 0x0000000090500000| PB 0x0000000090500000| Complete 
| 198|0x0000000090600000, 0x0000000090700000, 0x0000000090700000|100%| E|CS|TAMS 0x0000000090600000| PB 0x0000000090600000| Complete 
| 199|0x0000000090700000, 0x0000000090800000, 0x0000000090800000|100%| E|CS|TAMS 0x0000000090700000| PB 0x0000000090700000| Complete 
| 200|0x0000000090800000, 0x0000000090900000, 0x0000000090900000|100%| E|CS|TAMS 0x0000000090800000| PB 0x0000000090800000| Complete 
| 201|0x0000000090900000, 0x0000000090a00000, 0x0000000090a00000|100%| E|CS|TAMS 0x0000000090900000| PB 0x0000000090900000| Complete 
| 202|0x0000000090a00000, 0x0000000090b00000, 0x0000000090b00000|100%| E|CS|TAMS 0x0000000090a00000| PB 0x0000000090a00000| Complete 
| 203|0x0000000090b00000, 0x0000000090c00000, 0x0000000090c00000|100%| E|CS|TAMS 0x0000000090b00000| PB 0x0000000090b00000| Complete 
| 204|0x0000000090c00000, 0x0000000090d00000, 0x0000000090d00000|100%| E|CS|TAMS 0x0000000090c00000| PB 0x0000000090c00000| Complete 
| 205|0x0000000090d00000, 0x0000000090e00000, 0x0000000090e00000|100%| E|CS|TAMS 0x0000000090d00000| PB 0x0000000090d00000| Complete 
| 206|0x0000000090e00000, 0x0000000090f00000, 0x0000000090f00000|100%| E|CS|TAMS 0x0000000090e00000| PB 0x0000000090e00000| Complete 
| 207|0x0000000090f00000, 0x0000000091000000, 0x0000000091000000|100%| E|CS|TAMS 0x0000000090f00000| PB 0x0000000090f00000| Complete 
| 208|0x0000000091000000, 0x0000000091100000, 0x0000000091100000|100%| E|CS|TAMS 0x0000000091000000| PB 0x0000000091000000| Complete 
| 209|0x0000000091100000, 0x0000000091200000, 0x0000000091200000|100%| E|CS|TAMS 0x0000000091100000| PB 0x0000000091100000| Complete 
| 210|0x0000000091200000, 0x0000000091300000, 0x0000000091300000|100%| E|CS|TAMS 0x0000000091200000| PB 0x0000000091200000| Complete 
| 211|0x0000000091300000, 0x0000000091400000, 0x0000000091400000|100%| E|CS|TAMS 0x0000000091300000| PB 0x0000000091300000| Complete 
| 212|0x0000000091400000, 0x0000000091500000, 0x0000000091500000|100%| E|CS|TAMS 0x0000000091400000| PB 0x0000000091400000| Complete 
| 213|0x0000000091500000, 0x0000000091600000, 0x0000000091600000|100%| E|CS|TAMS 0x0000000091500000| PB 0x0000000091500000| Complete 
| 214|0x0000000091600000, 0x0000000091700000, 0x0000000091700000|100%| E|CS|TAMS 0x0000000091600000| PB 0x0000000091600000| Complete 
| 215|0x0000000091700000, 0x0000000091800000, 0x0000000091800000|100%| E|CS|TAMS 0x0000000091700000| PB 0x0000000091700000| Complete 
| 216|0x0000000091800000, 0x0000000091900000, 0x0000000091900000|100%| E|CS|TAMS 0x0000000091800000| PB 0x0000000091800000| Complete 
| 217|0x0000000091900000, 0x0000000091a00000, 0x0000000091a00000|100%| E|CS|TAMS 0x0000000091900000| PB 0x0000000091900000| Complete 
| 218|0x0000000091a00000, 0x0000000091b00000, 0x0000000091b00000|100%| E|CS|TAMS 0x0000000091a00000| PB 0x0000000091a00000| Complete 
| 219|0x0000000091b00000, 0x0000000091c00000, 0x0000000091c00000|100%| E|CS|TAMS 0x0000000091b00000| PB 0x0000000091b00000| Complete 
| 220|0x0000000091c00000, 0x0000000091d00000, 0x0000000091d00000|100%| E|CS|TAMS 0x0000000091c00000| PB 0x0000000091c00000| Complete 
| 221|0x0000000091d00000, 0x0000000091e00000, 0x0000000091e00000|100%| E|CS|TAMS 0x0000000091d00000| PB 0x0000000091d00000| Complete 
| 222|0x0000000091e00000, 0x0000000091f00000, 0x0000000091f00000|100%| E|CS|TAMS 0x0000000091e00000| PB 0x0000000091e00000| Complete 
| 223|0x0000000091f00000, 0x0000000092000000, 0x0000000092000000|100%| E|CS|TAMS 0x0000000091f00000| PB 0x0000000091f00000| Complete 
| 224|0x0000000092000000, 0x0000000092100000, 0x0000000092100000|100%| E|CS|TAMS 0x0000000092000000| PB 0x0000000092000000| Complete 
| 225|0x0000000092100000, 0x0000000092200000, 0x0000000092200000|100%| E|CS|TAMS 0x0000000092100000| PB 0x0000000092100000| Complete 
| 226|0x0000000092200000, 0x0000000092300000, 0x0000000092300000|100%| E|CS|TAMS 0x0000000092200000| PB 0x0000000092200000| Complete 
| 227|0x0000000092300000, 0x0000000092400000, 0x0000000092400000|100%| E|CS|TAMS 0x0000000092300000| PB 0x0000000092300000| Complete 
| 228|0x0000000092400000, 0x0000000092500000, 0x0000000092500000|100%| E|CS|TAMS 0x0000000092400000| PB 0x0000000092400000| Complete 
| 229|0x0000000092500000, 0x0000000092600000, 0x0000000092600000|100%| E|CS|TAMS 0x0000000092500000| PB 0x0000000092500000| Complete 
| 230|0x0000000092600000, 0x0000000092700000, 0x0000000092700000|100%| E|CS|TAMS 0x0000000092600000| PB 0x0000000092600000| Complete 
| 231|0x0000000092700000, 0x0000000092800000, 0x0000000092800000|100%| E|CS|TAMS 0x0000000092700000| PB 0x0000000092700000| Complete 
| 232|0x0000000092800000, 0x0000000092900000, 0x0000000092900000|100%| E|CS|TAMS 0x0000000092800000| PB 0x0000000092800000| Complete 
| 233|0x0000000092900000, 0x0000000092a00000, 0x0000000092a00000|100%| E|CS|TAMS 0x0000000092900000| PB 0x0000000092900000| Complete 
| 234|0x0000000092a00000, 0x0000000092b00000, 0x0000000092b00000|100%| E|CS|TAMS 0x0000000092a00000| PB 0x0000000092a00000| Complete 
| 235|0x0000000092b00000, 0x0000000092c00000, 0x0000000092c00000|100%| E|CS|TAMS 0x0000000092b00000| PB 0x0000000092b00000| Complete 
| 236|0x0000000092c00000, 0x0000000092d00000, 0x0000000092d00000|100%| E|CS|TAMS 0x0000000092c00000| PB 0x0000000092c00000| Complete 
| 237|0x0000000092d00000, 0x0000000092e00000, 0x0000000092e00000|100%| E|CS|TAMS 0x0000000092d00000| PB 0x0000000092d00000| Complete 
| 238|0x0000000092e00000, 0x0000000092f00000, 0x0000000092f00000|100%| E|CS|TAMS 0x0000000092e00000| PB 0x0000000092e00000| Complete 
| 239|0x0000000092f00000, 0x0000000093000000, 0x0000000093000000|100%| E|CS|TAMS 0x0000000092f00000| PB 0x0000000092f00000| Complete 
| 240|0x0000000093000000, 0x0000000093100000, 0x0000000093100000|100%| E|CS|TAMS 0x0000000093000000| PB 0x0000000093000000| Complete 
| 241|0x0000000093100000, 0x0000000093200000, 0x0000000093200000|100%| E|CS|TAMS 0x0000000093100000| PB 0x0000000093100000| Complete 
| 242|0x0000000093200000, 0x0000000093300000, 0x0000000093300000|100%| E|CS|TAMS 0x0000000093200000| PB 0x0000000093200000| Complete 
| 243|0x0000000093300000, 0x0000000093400000, 0x0000000093400000|100%| E|CS|TAMS 0x0000000093300000| PB 0x0000000093300000| Complete 
| 244|0x0000000093400000, 0x0000000093500000, 0x0000000093500000|100%| E|CS|TAMS 0x0000000093400000| PB 0x0000000093400000| Complete 
| 245|0x0000000093500000, 0x0000000093600000, 0x0000000093600000|100%| E|CS|TAMS 0x0000000093500000| PB 0x0000000093500000| Complete 
| 246|0x0000000093600000, 0x0000000093700000, 0x0000000093700000|100%| E|CS|TAMS 0x0000000093600000| PB 0x0000000093600000| Complete 
| 247|0x0000000093700000, 0x0000000093800000, 0x0000000093800000|100%| E|CS|TAMS 0x0000000093700000| PB 0x0000000093700000| Complete 
| 248|0x0000000093800000, 0x0000000093900000, 0x0000000093900000|100%| E|CS|TAMS 0x0000000093800000| PB 0x0000000093800000| Complete 
|1973|0x00000000ff500000, 0x00000000ff600000, 0x00000000ff600000|100%| E|CS|TAMS 0x00000000ff500000| PB 0x00000000ff500000| Complete 
|1974|0x00000000ff600000, 0x00000000ff700000, 0x00000000ff700000|100%| E|CS|TAMS 0x00000000ff600000| PB 0x00000000ff600000| Complete 
|1975|0x00000000ff700000, 0x00000000ff800000, 0x00000000ff800000|100%| E|CS|TAMS 0x00000000ff700000| PB 0x00000000ff700000| Complete 
|1976|0x00000000ff800000, 0x00000000ff900000, 0x00000000ff900000|100%| E|CS|TAMS 0x00000000ff800000| PB 0x00000000ff800000| Complete 
|1977|0x00000000ff900000, 0x00000000ffa00000, 0x00000000ffa00000|100%| E|CS|TAMS 0x00000000ff900000| PB 0x00000000ff900000| Complete 
|1978|0x00000000ffa00000, 0x00000000ffb00000, 0x00000000ffb00000|100%| O|  |TAMS 0x00000000ffa00000| PB 0x00000000ffa00000| Untracked 
|1979|0x00000000ffb00000, 0x00000000ffc00000, 0x00000000ffc00000|100%| O|  |TAMS 0x00000000ffb00000| PB 0x00000000ffb00000| Untracked 
|1980|0x00000000ffc00000, 0x00000000ffd00000, 0x00000000ffd00000|100%| O|  |TAMS 0x00000000ffc00000| PB 0x00000000ffc00000| Untracked 
|1981|0x00000000ffd00000, 0x00000000ffe00000, 0x00000000ffe00000|100%| E|CS|TAMS 0x00000000ffd00000| PB 0x00000000ffd00000| Complete 
|1982|0x00000000ffe00000, 0x00000000fff00000, 0x00000000fff00000|100%| O|  |TAMS 0x00000000ffe00000| PB 0x00000000ffe00000| Untracked 
|1983|0x00000000fff00000, 0x0000000100000000, 0x0000000100000000|100%| E|CS|TAMS 0x00000000fff00000| PB 0x00000000fff00000| Complete 

Card table byte_map: [0x000001d6bb270000,0x000001d6bb650000] _byte_map_base: 0x000001d6bae50000

Marking Bits: (CMBitMap*) 0x000001d6a8d83fe0
 Bits: [0x000001d6bb650000, 0x000001d6bd550000)

Polling page: 0x000001d6a6960000

Metaspace:

Usage:
  Non-class:     89.95 MB used.
      Class:     10.48 MB used.
       Both:    100.43 MB used.

Virtual space:
  Non-class space:      128.00 MB reserved,      90.31 MB ( 71%) committed,  2 nodes.
      Class space:        1.00 GB reserved,      10.88 MB (  1%) committed,  1 nodes.
             Both:        1.12 GB reserved,     101.19 MB (  9%) committed. 

Chunk freelists:
   Non-Class:  5.20 MB
       Class:  5.09 MB
        Both:  10.30 MB

MaxMetaspaceSize: unlimited
CompressedClassSpaceSize: 1.00 GB
Initial GC threshold: 21.00 MB
Current GC threshold: 165.25 MB
CDS: off
 - commit_granule_bytes: 65536.
 - commit_granule_words: 8192.
 - virtual_space_node_default_size: 8388608.
 - enlarge_chunks_in_place: 1.
 - use_allocation_guard: 0.


Internal statistics:

num_allocs_failed_limit: 6.
num_arena_births: 1334.
num_arena_deaths: 0.
num_vsnodes_births: 3.
num_vsnodes_deaths: 0.
num_space_committed: 1617.
num_space_uncommitted: 0.
num_chunks_returned_to_freelist: 6.
num_chunks_taken_from_freelist: 4848.
num_chunk_merges: 6.
num_chunk_splits: 3831.
num_chunks_enlarged: 3147.
num_inconsistent_stats: 0.

CodeHeap 'non-profiled nmethods': size=120000Kb used=16996Kb max_used=16996Kb free=103003Kb
 bounds [0x000001d6b3960000, 0x000001d6b4a00000, 0x000001d6bae90000]
CodeHeap 'profiled nmethods': size=120000Kb used=59460Kb max_used=59460Kb free=60539Kb
 bounds [0x000001d6abe90000, 0x000001d6af8b0000, 0x000001d6b33c0000]
CodeHeap 'non-nmethods': size=5760Kb used=1832Kb max_used=1898Kb free=3928Kb
 bounds [0x000001d6b33c0000, 0x000001d6b3630000, 0x000001d6b3960000]
CodeCache: size=245760Kb, used=78288Kb, max_used=78354Kb, free=167470Kb
 total_blobs=20286, nmethods=19504, adapters=681, full_count=0
Compilation: enabled, stopped_count=0, restarted_count=0

Compilation events (20 events):
Event: 138.416 Thread 0x000001d6bfc14a30 nmethod 26869 0x000001d6af895210 code [0x000001d6af8954e0, 0x000001d6af895e88]
Event: 138.416 Thread 0x000001d6bfc14a30 26872       2       org.jetbrains.kotlin.metadata.jvm.JvmProtoBuf$StringTableTypes$1::parsePartialFrom (11 bytes)
Event: 138.416 Thread 0x000001d6bfc14a30 nmethod 26872 0x000001d6af896490 code [0x000001d6af896640, 0x000001d6af8967c8]
Event: 138.417 Thread 0x000001d6bfc14a30 26868       2       org.jetbrains.kotlin.codegen.optimization.fixStack.FixStackAnalyzer::getStackToSpill (21 bytes)
Event: 138.418 Thread 0x000001d6bfc14a30 nmethod 26868 0x000001d6af896890 code [0x000001d6af896a80, 0x000001d6af896dd0]
Event: 138.418 Thread 0x000001d6bfc14a30 26870       2       org.jetbrains.kotlin.codegen.optimization.fixStack.StackTransformationUtilsKt::saveStack (40 bytes)
Event: 138.420 Thread 0x000001d6bfc14a30 nmethod 26870 0x000001d6af897010 code [0x000001d6af8972a0, 0x000001d6af897880]
Event: 138.427 Thread 0x000001d6bfc14a30 26874       3       org.jetbrains.kotlin.codegen.optimization.ConstantConditionEliminationMethodTransformer$ConstantConditionsOptimization::collectRewriteActions (264 bytes)
Event: 138.432 Thread 0x000001d6bfc14a30 nmethod 26874 0x000001d6af897d10 code [0x000001d6af8980a0, 0x000001d6af899de0]
Event: 138.432 Thread 0x000001d6bfc14a30 26875       2       org.jetbrains.kotlin.metadata.ProtoBuf$ValueParameter$Builder::setType (20 bytes)
Event: 138.433 Thread 0x000001d6bfc14a30 nmethod 26875 0x000001d6af89a810 code [0x000001d6af89a9e0, 0x000001d6af89ac78]
Event: 138.433 Thread 0x000001d6bfc14a30 26876       2       org.jetbrains.kotlin.serialization.SerializerExtension::serializeValueParameter (13 bytes)
Event: 138.435 Thread 0x000001d6bfc14a30 nmethod 26876 0x000001d6af89ae10 code [0x000001d6af89b040, 0x000001d6af89b448]
Event: 138.435 Thread 0x000001d6bfc14a30 26877       2       org.jetbrains.kotlin.metadata.ProtoBuf$ValueParameter::<init> (6 bytes)
Event: 138.436 Thread 0x000001d6bfc14a30 nmethod 26877 0x000001d6af89b710 code [0x000001d6af89b8c0, 0x000001d6af89bb20]
Event: 138.436 Thread 0x000001d6bfc14a30 26878       2       org.jetbrains.kotlin.metadata.ProtoBuf$ValueParameter::<init> (24 bytes)
Event: 138.437 Thread 0x000001d6bfc14a30 nmethod 26878 0x000001d6af89bc90 code [0x000001d6af89be40, 0x000001d6af89c0a0]
Event: 138.437 Thread 0x000001d6bfc14a30 26879       2       org.jetbrains.kotlin.metadata.ProtoBuf$ValueParameter::access$18102 (7 bytes)
Event: 138.437 Thread 0x000001d6bfc14a30 nmethod 26879 0x000001d6af89c210 code [0x000001d6af89c3a0, 0x000001d6af89c490]
Event: 138.444 Thread 0x000001d6bfc14a30 26880       2       org.jetbrains.kotlin.codegen.optimization.nullCheck.RedundantNullCheckMethodTransformer$TransformerPass::transformTrivialChecks (261 bytes)

GC Heap History (20 events):
Event: 97.786 GC heap before
{Heap before GC invocations=47 (full 0):
 garbage-first heap   total 215040K, used 200275K [0x0000000084000000, 0x0000000100000000)
  region size 1024K, 70 young (71680K), 4 survivors (4096K)
 Metaspace       used 76159K, committed 76928K, reserved 1179648K
  class space    used 8483K, committed 8896K, reserved 1048576K
}
Event: 97.810 GC heap after
{Heap after GC invocations=48 (full 0):
 garbage-first heap   total 215040K, used 133355K [0x0000000084000000, 0x0000000100000000)
  region size 1024K, 6 young (6144K), 6 survivors (6144K)
 Metaspace       used 76159K, committed 76928K, reserved 1179648K
  class space    used 8483K, committed 8896K, reserved 1048576K
}
Event: 102.365 GC heap before
{Heap before GC invocations=48 (full 0):
 garbage-first heap   total 215040K, used 201963K [0x0000000084000000, 0x0000000100000000)
  region size 1024K, 73 young (74752K), 6 survivors (6144K)
 Metaspace       used 82572K, committed 83328K, reserved 1179648K
  class space    used 9098K, committed 9472K, reserved 1048576K
}
Event: 102.397 GC heap after
{Heap after GC invocations=49 (full 0):
 garbage-first heap   total 215040K, used 138098K [0x0000000084000000, 0x0000000100000000)
  region size 1024K, 10 young (10240K), 10 survivors (10240K)
 Metaspace       used 82572K, committed 83328K, reserved 1179648K
  class space    used 9098K, committed 9472K, reserved 1048576K
}
Event: 106.584 GC heap before
{Heap before GC invocations=50 (full 0):
 garbage-first heap   total 230400K, used 202610K [0x0000000084000000, 0x0000000100000000)
  region size 1024K, 73 young (74752K), 10 survivors (10240K)
 Metaspace       used 83042K, committed 83840K, reserved 1179648K
  class space    used 9126K, committed 9536K, reserved 1048576K
}
Event: 106.647 GC heap after
{Heap after GC invocations=51 (full 0):
 garbage-first heap   total 230400K, used 147456K [0x0000000084000000, 0x0000000100000000)
  region size 1024K, 10 young (10240K), 10 survivors (10240K)
 Metaspace       used 83042K, committed 83840K, reserved 1179648K
  class space    used 9126K, committed 9536K, reserved 1048576K
}
Event: 110.786 GC heap before
{Heap before GC invocations=51 (full 0):
 garbage-first heap   total 230400K, used 212992K [0x0000000084000000, 0x0000000100000000)
  region size 1024K, 74 young (75776K), 10 survivors (10240K)
 Metaspace       used 89681K, committed 90432K, reserved 1179648K
  class space    used 9782K, committed 10176K, reserved 1048576K
}
Event: 110.843 GC heap after
{Heap after GC invocations=52 (full 0):
 garbage-first heap   total 232448K, used 154542K [0x0000000084000000, 0x0000000100000000)
  region size 1024K, 8 young (8192K), 8 survivors (8192K)
 Metaspace       used 89681K, committed 90432K, reserved 1179648K
  class space    used 9782K, committed 10176K, reserved 1048576K
}
Event: 114.951 GC heap before
{Heap before GC invocations=52 (full 0):
 garbage-first heap   total 232448K, used 213934K [0x0000000084000000, 0x0000000100000000)
  region size 1024K, 66 young (67584K), 8 survivors (8192K)
 Metaspace       used 94102K, committed 94848K, reserved 1179648K
  class space    used 10174K, committed 10560K, reserved 1048576K
}
Event: 115.015 GC heap after
{Heap after GC invocations=53 (full 0):
 garbage-first heap   total 232448K, used 161164K [0x0000000084000000, 0x0000000100000000)
  region size 1024K, 7 young (7168K), 7 survivors (7168K)
 Metaspace       used 94102K, committed 94848K, reserved 1179648K
  class space    used 10174K, committed 10560K, reserved 1048576K
}
Event: 118.446 GC heap before
{Heap before GC invocations=54 (full 0):
 garbage-first heap   total 266240K, used 213388K [0x0000000084000000, 0x0000000100000000)
  region size 1024K, 60 young (61440K), 7 survivors (7168K)
 Metaspace       used 95242K, committed 96064K, reserved 1179648K
  class space    used 10237K, committed 10624K, reserved 1048576K
}
Event: 118.473 GC heap after
{Heap after GC invocations=55 (full 0):
 garbage-first heap   total 266240K, used 161789K [0x0000000084000000, 0x0000000100000000)
  region size 1024K, 3 young (3072K), 3 survivors (3072K)
 Metaspace       used 95242K, committed 96064K, reserved 1179648K
  class space    used 10237K, committed 10624K, reserved 1048576K
}
Event: 120.916 GC heap before
{Heap before GC invocations=55 (full 0):
 garbage-first heap   total 266240K, used 245757K [0x0000000084000000, 0x0000000100000000)
  region size 1024K, 85 young (87040K), 3 survivors (3072K)
 Metaspace       used 95641K, committed 96448K, reserved 1179648K
  class space    used 10248K, committed 10624K, reserved 1048576K
}
Event: 120.962 GC heap after
{Heap after GC invocations=56 (full 0):
 garbage-first heap   total 266240K, used 147826K [0x0000000084000000, 0x0000000100000000)
  region size 1024K, 6 young (6144K), 6 survivors (6144K)
 Metaspace       used 95641K, committed 96448K, reserved 1179648K
  class space    used 10248K, committed 10624K, reserved 1048576K
}
Event: 125.328 GC heap before
{Heap before GC invocations=56 (full 0):
 garbage-first heap   total 266240K, used 243058K [0x0000000084000000, 0x0000000100000000)
  region size 1024K, 99 young (101376K), 6 survivors (6144K)
 Metaspace       used 100589K, committed 101376K, reserved 1179648K
  class space    used 10628K, committed 11008K, reserved 1048576K
}
Event: 125.365 GC heap after
{Heap after GC invocations=57 (full 0):
 garbage-first heap   total 266240K, used 151457K [0x0000000084000000, 0x0000000100000000)
  region size 1024K, 9 young (9216K), 9 survivors (9216K)
 Metaspace       used 100589K, committed 101376K, reserved 1179648K
  class space    used 10628K, committed 11008K, reserved 1048576K
}
Event: 130.073 GC heap before
{Heap before GC invocations=58 (full 0):
 garbage-first heap   total 266240K, used 248737K [0x0000000084000000, 0x0000000100000000)
  region size 1024K, 104 young (106496K), 9 survivors (9216K)
 Metaspace       used 102048K, committed 102784K, reserved 1179648K
  class space    used 10700K, committed 11072K, reserved 1048576K
}
Event: 130.131 GC heap after
{Heap after GC invocations=59 (full 0):
 garbage-first heap   total 266240K, used 156466K [0x0000000084000000, 0x0000000100000000)
  region size 1024K, 9 young (9216K), 9 survivors (9216K)
 Metaspace       used 102048K, committed 102784K, reserved 1179648K
  class space    used 10700K, committed 11072K, reserved 1048576K
}
Event: 133.370 GC heap before
{Heap before GC invocations=59 (full 0):
 garbage-first heap   total 266240K, used 248626K [0x0000000084000000, 0x0000000100000000)
  region size 1024K, 99 young (101376K), 9 survivors (9216K)
 Metaspace       used 102469K, committed 103232K, reserved 1179648K
  class space    used 10711K, committed 11072K, reserved 1048576K
}
Event: 133.417 GC heap after
{Heap after GC invocations=60 (full 0):
 garbage-first heap   total 266240K, used 156622K [0x0000000084000000, 0x0000000100000000)
  region size 1024K, 9 young (9216K), 9 survivors (9216K)
 Metaspace       used 102469K, committed 103232K, reserved 1179648K
  class space    used 10711K, committed 11072K, reserved 1048576K
}

Dll operation events (3 events):
Event: 0.028 Loaded shared library C:\Program Files\Android\Android Studio\jbr\bin\java.dll
Event: 0.048 Loaded shared library C:\Program Files\Android\Android Studio\jbr\bin\zip.dll
Event: 5.529 Loaded shared library C:\Program Files\Android\Android Studio\jbr\bin\verify.dll

Deoptimization events (20 events):
Event: 137.950 Thread 0x000001d6a69b97b0 DEOPT PACKING pc=0x000001d6ac5cf90c sp=0x0000001b613fd050
Event: 137.950 Thread 0x000001d6a69b97b0 DEOPT UNPACKING pc=0x000001d6b34185e2 sp=0x0000001b613fc5d0 mode 0
Event: 138.232 Thread 0x000001d6a69b97b0 Uncommon trap: trap_request=0xffffff45 fr.pc=0x000001d6b3a598bc relative=0x000000000000077c
Event: 138.232 Thread 0x000001d6a69b97b0 Uncommon trap: reason=unstable_if action=reinterpret pc=0x000001d6b3a598bc method=kotlin.text.StringsKt__StringsKt.findAnyOf$StringsKt__StringsKt(Ljava/lang/CharSequence;Ljava/util/Collection;IZZ)Lkotlin/Pair; @ 270 c2
Event: 138.232 Thread 0x000001d6a69b97b0 DEOPT PACKING pc=0x000001d6b3a598bc sp=0x0000001b613fba90
Event: 138.232 Thread 0x000001d6a69b97b0 DEOPT UNPACKING pc=0x000001d6b3417aa2 sp=0x0000001b613fb9f8 mode 2
Event: 138.329 Thread 0x000001d6a69b97b0 Uncommon trap: trap_request=0xffffff45 fr.pc=0x000001d6b48f9898 relative=0x0000000000000fb8
Event: 138.329 Thread 0x000001d6a69b97b0 Uncommon trap: reason=unstable_if action=reinterpret pc=0x000001d6b48f9898 method=org.jetbrains.kotlin.builtins.jvm.JavaToKotlinClassMap.isKotlinFunctionWithBigArity(Lorg/jetbrains/kotlin/name/FqNameUnsafe;Ljava/lang/String;)Z @ 49 c2
Event: 138.329 Thread 0x000001d6a69b97b0 DEOPT PACKING pc=0x000001d6b48f9898 sp=0x0000001b613fb210
Event: 138.329 Thread 0x000001d6a69b97b0 DEOPT UNPACKING pc=0x000001d6b3417aa2 sp=0x0000001b613fb140 mode 2
Event: 138.370 Thread 0x000001d6a69b97b0 Uncommon trap: trap_request=0xffffff45 fr.pc=0x000001d6b433dde8 relative=0x0000000000004388
Event: 138.370 Thread 0x000001d6a69b97b0 Uncommon trap: reason=unstable_if action=reinterpret pc=0x000001d6b433dde8 method=org.jetbrains.org.objectweb.asm.ClassReader.accept(Lorg/jetbrains/org/objectweb/asm/ClassVisitor;[Lorg/jetbrains/org/objectweb/asm/Attribute;I)V @ 269 c2
Event: 138.370 Thread 0x000001d6a69b97b0 DEOPT PACKING pc=0x000001d6b433dde8 sp=0x0000001b613fac20
Event: 138.371 Thread 0x000001d6a69b97b0 DEOPT UNPACKING pc=0x000001d6b3417aa2 sp=0x0000001b613fab88 mode 2
Event: 138.419 Thread 0x000001d6a69b97b0 Uncommon trap: trap_request=0xffffff45 fr.pc=0x000001d6b399afbc relative=0x00000000000001dc
Event: 138.419 Thread 0x000001d6a69b97b0 Uncommon trap: reason=unstable_if action=reinterpret pc=0x000001d6b399afbc method=org.jetbrains.kotlin.protobuf.GeneratedMessageLite$ExtendableMessage$ExtensionWriter.writeUntil(ILorg/jetbrains/kotlin/protobuf/CodedOutputStream;)V @ 109 c2
Event: 138.419 Thread 0x000001d6a69b97b0 DEOPT PACKING pc=0x000001d6b399afbc sp=0x0000001b613fa7e0
Event: 138.419 Thread 0x000001d6a69b97b0 DEOPT UNPACKING pc=0x000001d6b3417aa2 sp=0x0000001b613fa790 mode 2
Event: 138.427 Thread 0x000001d6a69b97b0 DEOPT PACKING pc=0x000001d6ae8911a3 sp=0x0000001b613fc3a0
Event: 138.428 Thread 0x000001d6a69b97b0 DEOPT UNPACKING pc=0x000001d6b34185e2 sp=0x0000001b613fb8b0 mode 0

Classes loaded (20 events):
Event: 99.610 Loading class java/text/ChoiceFormat
Event: 99.611 Loading class java/text/NumberFormat
Event: 99.612 Loading class java/text/NumberFormat done
Event: 99.612 Loading class java/text/ChoiceFormat done
Event: 99.661 Loading class java/lang/invoke/DirectMethodHandle$1
Event: 99.661 Loading class java/lang/invoke/DirectMethodHandle$1 done
Event: 99.691 Loading class java/text/FieldPosition
Event: 99.692 Loading class java/text/FieldPosition done
Event: 99.692 Loading class java/util/Date
Event: 99.693 Loading class java/util/Date done
Event: 99.694 Loading class java/text/MessageFormat$Field
Event: 99.694 Loading class java/text/Format$Field
Event: 99.694 Loading class java/text/AttributedCharacterIterator$Attribute
Event: 99.695 Loading class java/text/AttributedCharacterIterator$Attribute done
Event: 99.695 Loading class java/text/Format$Field done
Event: 99.695 Loading class java/text/MessageFormat$Field done
Event: 122.710 Loading class java/util/Vector$Itr
Event: 122.711 Loading class java/util/Vector$Itr done
Event: 122.827 Loading class java/util/regex/Pattern$Dollar
Event: 122.827 Loading class java/util/regex/Pattern$Dollar done

Classes unloaded (0 events):
No events

Classes redefined (0 events):
No events

Internal exceptions (20 events):
Event: 39.420 Thread 0x000001d6a69b97b0 Implicit null exception at 0x000001d6b3d35d6a to 0x000001d6b3d36415
Event: 49.762 Thread 0x000001d6a69b97b0 Exception <a 'java/lang/NoSuchMethodError'{0x000000008b8ca0b8}: 'java.lang.Object java.lang.invoke.DirectMethodHandle$Holder.newInvokeSpecial(java.lang.Object, int, java.lang.Object, java.lang.Object)'> (0x000000008b8ca0b8) 
thrown [s\src\hotspot\share\interpreter\linkResolver.cpp, line 784]
Event: 54.484 Thread 0x000001d6a69b97b0 Implicit null exception at 0x000001d6b3ff20b2 to 0x000001d6b3ff2410
Event: 72.317 Thread 0x000001d6a69b97b0 Implicit null exception at 0x000001d6b3b9875d to 0x000001d6b3b9afdc
Event: 73.161 Thread 0x000001d6a69b97b0 Implicit null exception at 0x000001d6b3c9c0f5 to 0x000001d6b3c9c36c
Event: 74.530 Thread 0x000001d6a69b97b0 Implicit null exception at 0x000001d6b39dcd20 to 0x000001d6b39dcf70
Event: 81.025 Thread 0x000001d6a69b97b0 Implicit null exception at 0x000001d6b42378fd to 0x000001d6b4237b54
Event: 90.493 Thread 0x000001d6a69b97b0 Implicit null exception at 0x000001d6b44cc1ba to 0x000001d6b44cd460
Event: 95.751 Thread 0x000001d6a69b97b0 Implicit null exception at 0x000001d6b3a1c19a to 0x000001d6b3a1c3a4
Event: 99.489 Thread 0x000001d6a69b97b0 Exception <a 'java/lang/NoSuchMethodError'{0x000000008ec58bb0}: 'int java.lang.invoke.Invokers$Holder.invokeExact_MT(java.lang.Object, java.lang.Object, java.lang.Object)'> (0x000000008ec58bb0) 
thrown [s\src\hotspot\share\interpreter\linkResolver.cpp, line 784]
Event: 99.491 Thread 0x000001d6a69b97b0 Exception <a 'java/lang/NoSuchMethodError'{0x000000008ec5d2e8}: 'void java.lang.invoke.Invokers$Holder.invokeExact_MT(java.lang.Object, java.lang.Object, java.lang.Object, java.lang.Object)'> (0x000000008ec5d2e8) 
thrown [s\src\hotspot\share\interpreter\linkResolver.cpp, line 784]
Event: 99.527 Thread 0x000001d6a69b97b0 Implicit null exception at 0x000001d6b3cc71c9 to 0x000001d6b3cc7a28
Event: 99.529 Thread 0x000001d6a69b97b0 Implicit null exception at 0x000001d6b3ccc7e3 to 0x000001d6b3cccc00
Event: 99.581 Thread 0x000001d6a69b97b0 Exception <a 'java/lang/NoSuchMethodError'{0x000000008eb82578}: 'java.lang.Object java.lang.invoke.DirectMethodHandle$Holder.invokeStaticInit(java.lang.Object, java.lang.Object, java.lang.Object, java.lang.Object)'> (0x000000008eb82578) 
thrown [s\src\hotspot\share\interpreter\linkResolver.cpp, line 784]
Event: 100.577 Thread 0x000001d6a69b97b0 Exception <a 'java/lang/NoSuchMethodError'{0x000000008da1f938}: 'java.lang.Object java.lang.invoke.DirectMethodHandle$Holder.newInvokeSpecial(java.lang.Object, java.lang.Object, java.lang.Object, int, int)'> (0x000000008da1f938) 
thrown [s\src\hotspot\share\interpreter\linkResolver.cpp, line 784]
Event: 100.578 Thread 0x000001d6a69b97b0 Exception <a 'java/lang/NoSuchMethodError'{0x000000008da234d8}: 'java.lang.Object java.lang.invoke.DirectMethodHandle$Holder.invokeSpecial(java.lang.Object, java.lang.Object, java.lang.Object, java.lang.Object, int, int)'> (0x000000008da234d8) 
thrown [s\src\hotspot\share\interpreter\linkResolver.cpp, line 784]
Event: 100.635 Thread 0x000001d6a69b97b0 Exception <a 'java/lang/NoSuchMethodError'{0x000000008d90dc30}: 'java.lang.Object java.lang.invoke.DirectMethodHandle$Holder.invokeSpecial(java.lang.Object, java.lang.Object, int, int, java.lang.Object, java.lang.Object, java.lang.Object, java.lang.Object, java.lang.Object)'> (0x000000008d90dc30) 
thrown [s\src\hotspot\share\interpreter\linkResolver.cpp, line 784]
Event: 126.961 Thread 0x000001d6a69b97b0 Implicit null exception at 0x000001d6b3d0d12c to 0x000001d6b3d0d334
Event: 128.501 Thread 0x000001d6a69b97b0 Implicit null exception at 0x000001d6b493a87a to 0x000001d6b4940928
Event: 129.674 Thread 0x000001d6a69b97b0 Implicit null exception at 0x000001d6b43f9e28 to 0x000001d6b43ffb24

ZGC Phase Switch (0 events):
No events

VM Operations (20 events):
Event: 134.425 Executing VM operation: Cleanup
Event: 134.445 Executing VM operation: Cleanup done
Event: 135.454 Executing VM operation: Cleanup
Event: 135.469 Executing VM operation: Cleanup done
Event: 136.479 Executing VM operation: Cleanup
Event: 136.479 Executing VM operation: Cleanup done
Event: 137.490 Executing VM operation: Cleanup
Event: 137.506 Executing VM operation: Cleanup done
Event: 137.651 Executing VM operation: HandshakeAllThreads (Deoptimize)
Event: 137.651 Executing VM operation: HandshakeAllThreads (Deoptimize) done
Event: 137.667 Executing VM operation: HandshakeAllThreads (Deoptimize)
Event: 137.667 Executing VM operation: HandshakeAllThreads (Deoptimize) done
Event: 138.350 Executing VM operation: HandshakeAllThreads (Deoptimize)
Event: 138.350 Executing VM operation: HandshakeAllThreads (Deoptimize) done
Event: 138.387 Executing VM operation: HandshakeAllThreads (Deoptimize)
Event: 138.388 Executing VM operation: HandshakeAllThreads (Deoptimize) done
Event: 138.396 Executing VM operation: HandshakeAllThreads (Deoptimize)
Event: 138.396 Executing VM operation: HandshakeAllThreads (Deoptimize) done
Event: 138.405 Executing VM operation: HandshakeAllThreads (Deoptimize)
Event: 138.405 Executing VM operation: HandshakeAllThreads (Deoptimize) done

Memory protections (0 events):
No events

Nmethod flushes (20 events):
Event: 126.432 Thread 0x000001d6bfa49680 flushing  nmethod 0x000001d6aeb3db10
Event: 126.432 Thread 0x000001d6bfa49680 flushing  nmethod 0x000001d6aeb3ea10
Event: 126.432 Thread 0x000001d6bfa49680 flushing  nmethod 0x000001d6aeb3fa10
Event: 126.432 Thread 0x000001d6bfa49680 flushing  nmethod 0x000001d6aeb40110
Event: 126.432 Thread 0x000001d6bfa49680 flushing  nmethod 0x000001d6aeb41590
Event: 126.432 Thread 0x000001d6bfa49680 flushing  nmethod 0x000001d6aeb41c90
Event: 126.432 Thread 0x000001d6bfa49680 flushing  nmethod 0x000001d6aeb43c10
Event: 126.432 Thread 0x000001d6bfa49680 flushing  nmethod 0x000001d6aeb45490
Event: 126.432 Thread 0x000001d6bfa49680 flushing  nmethod 0x000001d6aeb46910
Event: 126.432 Thread 0x000001d6bfa49680 flushing  nmethod 0x000001d6aeb47210
Event: 126.432 Thread 0x000001d6bfa49680 flushing  nmethod 0x000001d6aeb49990
Event: 126.432 Thread 0x000001d6bfa49680 flushing  nmethod 0x000001d6aeb4b110
Event: 126.432 Thread 0x000001d6bfa49680 flushing  nmethod 0x000001d6aeb4fa10
Event: 126.432 Thread 0x000001d6bfa49680 flushing  nmethod 0x000001d6aeb4ff10
Event: 126.432 Thread 0x000001d6bfa49680 flushing  nmethod 0x000001d6aeb59510
Event: 126.432 Thread 0x000001d6bfa49680 flushing  nmethod 0x000001d6aeb75690
Event: 126.432 Thread 0x000001d6bfa49680 flushing  nmethod 0x000001d6aeb7bf90
Event: 126.432 Thread 0x000001d6bfa49680 flushing  nmethod 0x000001d6aeb84390
Event: 126.432 Thread 0x000001d6bfa49680 flushing  nmethod 0x000001d6aeb87210
Event: 126.432 Thread 0x000001d6bfa49680 flushing  nmethod 0x000001d6aeb88790

Events (20 events):
Event: 22.425 Thread 0x000001d6c68ccc00 Thread exited: 0x000001d6c68ccc00
Event: 23.344 Thread 0x000001d6bfc0fa80 Thread added: 0x000001d6c4995dd0
Event: 31.094 Thread 0x000001d6c4995dd0 Thread exited: 0x000001d6c4995dd0
Event: 31.712 Thread 0x000001d6bfc14a30 Thread added: 0x000001d6c6587030
Event: 32.980 Thread 0x000001d6c6587030 Thread exited: 0x000001d6c6587030
Event: 35.275 Thread 0x000001d6bfc14a30 Thread added: 0x000001d6c6d0c220
Event: 36.070 Thread 0x000001d6c6d0c220 Thread exited: 0x000001d6c6d0c220
Event: 36.103 Thread 0x000001d6bfc14a30 Thread added: 0x000001d6c6d0c220
Event: 41.393 Thread 0x000001d6c6d0c220 Thread exited: 0x000001d6c6d0c220
Event: 41.425 Thread 0x000001d6bfc14a30 Thread added: 0x000001d6c6d0c220
Event: 110.871 Thread 0x000001d6c6d0c220 Thread exited: 0x000001d6c6d0c220
Event: 111.361 Thread 0x000001d6bfc14a30 Thread added: 0x000001d6c948b280
Event: 122.546 Thread 0x000001d6c948b280 Thread exited: 0x000001d6c948b280
Event: 122.733 Thread 0x000001d6bfc14a30 Thread added: 0x000001d6c948efd0
Event: 122.901 Thread 0x000001d6c948efd0 Thread exited: 0x000001d6c948efd0
Event: 122.941 Thread 0x000001d6bfc14a30 Thread added: 0x000001d6c948efd0
Event: 123.211 Thread 0x000001d6c948efd0 Thread exited: 0x000001d6c948efd0
Event: 123.648 Thread 0x000001d6bfc14a30 Thread added: 0x000001d6caaf5490
Event: 124.225 Thread 0x000001d6caaf5490 Thread exited: 0x000001d6caaf5490
Event: 124.911 Thread 0x000001d6bfc14a30 Thread added: 0x000001d6caaf5490


Dynamic libraries:
0x00007ff7aab80000 - 0x00007ff7aab8a000 	C:\Program Files\Android\Android Studio\jbr\bin\java.exe
0x00007ff8d2f80000 - 0x00007ff8d31e7000 	C:\WINDOWS\SYSTEM32\ntdll.dll
0x00007ff8d19f0000 - 0x00007ff8d1ab9000 	C:\WINDOWS\System32\KERNEL32.DLL
0x00007ff8d0710000 - 0x00007ff8d0b01000 	C:\WINDOWS\System32\KERNELBASE.dll
0x00007ff8cfbf0000 - 0x00007ff8cfd3b000 	C:\WINDOWS\System32\ucrtbase.dll
0x00007ff8bbd00000 - 0x00007ff8bbd18000 	C:\Program Files\Android\Android Studio\jbr\bin\jli.dll
0x00007ff8c29d0000 - 0x00007ff8c29eb000 	C:\Program Files\Android\Android Studio\jbr\bin\VCRUNTIME140.dll
0x00007ff8d2c00000 - 0x00007ff8d2dc5000 	C:\WINDOWS\System32\USER32.dll
0x00007ff8be220000 - 0x00007ff8be4b3000 	C:\WINDOWS\WinSxS\amd64_microsoft.windows.common-controls_6595b64144ccf1df_6.0.26100.8037_none_3e092faae333b53b\COMCTL32.dll
0x00007ff8cfd40000 - 0x00007ff8cfd67000 	C:\WINDOWS\System32\win32u.dll
0x00007ff8d1440000 - 0x00007ff8d14e9000 	C:\WINDOWS\System32\msvcrt.dll
0x00007ff8d1b80000 - 0x00007ff8d1bab000 	C:\WINDOWS\System32\GDI32.dll
0x00007ff8cfd70000 - 0x00007ff8cfe9b000 	C:\WINDOWS\System32\gdi32full.dll
0x00007ff8cfb40000 - 0x00007ff8cfbe3000 	C:\WINDOWS\System32\msvcp_win.dll
0x00007ff8d1870000 - 0x00007ff8d18a1000 	C:\WINDOWS\System32\IMM32.DLL
0x00007ff8ca920000 - 0x00007ff8ca92c000 	C:\Program Files\Android\Android Studio\jbr\bin\vcruntime140_1.dll
0x00007ff89b710000 - 0x00007ff89b79d000 	C:\Program Files\Android\Android Studio\jbr\bin\msvcp140.dll
0x00007ff84e070000 - 0x00007ff84ed06000 	C:\Program Files\Android\Android Studio\jbr\bin\server\jvm.dll
0x00007ff8d17b0000 - 0x00007ff8d186b000 	C:\WINDOWS\System32\ADVAPI32.dll
0x00007ff8d2570000 - 0x00007ff8d2617000 	C:\WINDOWS\System32\sechost.dll
0x00007ff8d14f0000 - 0x00007ff8d1608000 	C:\WINDOWS\System32\RPCRT4.dll
0x00007ff8d1c40000 - 0x00007ff8d1cb4000 	C:\WINDOWS\System32\WS2_32.dll
0x00007ff8cf6e0000 - 0x00007ff8cf73e000 	C:\WINDOWS\SYSTEM32\POWRPROF.dll
0x00007ff8bc620000 - 0x00007ff8bc655000 	C:\WINDOWS\SYSTEM32\WINMM.dll
0x00007ff8c17d0000 - 0x00007ff8c17db000 	C:\WINDOWS\SYSTEM32\VERSION.dll
0x00007ff8cf6c0000 - 0x00007ff8cf6d4000 	C:\WINDOWS\SYSTEM32\UMPDC.dll
0x00007ff8ce5b0000 - 0x00007ff8ce5cb000 	C:\WINDOWS\SYSTEM32\kernel.appcore.dll
0x00007ff8c28f0000 - 0x00007ff8c28fa000 	C:\Program Files\Android\Android Studio\jbr\bin\jimage.dll
0x00007ff8cd950000 - 0x00007ff8cdb92000 	C:\WINDOWS\SYSTEM32\DBGHELP.DLL
0x00007ff8d0d50000 - 0x00007ff8d10d2000 	C:\WINDOWS\System32\combase.dll
0x00007ff8d1d20000 - 0x00007ff8d1df7000 	C:\WINDOWS\System32\OLEAUT32.dll
0x00007ff8b7070000 - 0x00007ff8b70ab000 	C:\WINDOWS\SYSTEM32\dbgcore.DLL
0x00007ff8cf860000 - 0x00007ff8cf905000 	C:\WINDOWS\System32\bcryptPrimitives.dll
0x00007ff8c28d0000 - 0x00007ff8c28f0000 	C:\Program Files\Android\Android Studio\jbr\bin\java.dll
0x00007ff8c2840000 - 0x00007ff8c2858000 	C:\Program Files\Android\Android Studio\jbr\bin\zip.dll
0x00007ff8d1e00000 - 0x00007ff8d255f000 	C:\WINDOWS\System32\SHELL32.dll
0x00007ff8cf9d0000 - 0x00007ff8cfb3a000 	C:\WINDOWS\System32\wintypes.dll
0x00007ff8cfea0000 - 0x00007ff8d0704000 	C:\WINDOWS\System32\windows.storage.dll
0x00007ff8d2ab0000 - 0x00007ff8d2ba7000 	C:\WINDOWS\System32\SHCORE.dll
0x00007ff8d2e50000 - 0x00007ff8d2eb7000 	C:\WINDOWS\System32\shlwapi.dll
0x00007ff8cf780000 - 0x00007ff8cf7a9000 	C:\WINDOWS\SYSTEM32\profapi.dll
0x00007ff8c28c0000 - 0x00007ff8c28d0000 	C:\Program Files\Android\Android Studio\jbr\bin\net.dll
0x00007ff8c2160000 - 0x00007ff8c2287000 	C:\WINDOWS\SYSTEM32\WINHTTP.dll
0x00007ff8ceb00000 - 0x00007ff8ceb6b000 	C:\WINDOWS\system32\mswsock.dll
0x00007ff8bde80000 - 0x00007ff8bde96000 	C:\Program Files\Android\Android Studio\jbr\bin\nio.dll
0x00007ff8bbd20000 - 0x00007ff8bbd30000 	C:\Program Files\Android\Android Studio\jbr\bin\verify.dll

JVMTI agents: none

dbghelp: loaded successfully - version: 4.0.5 - missing functions: none
symbol engine: initialized successfully - sym options: 0x614 - pdb path: .;C:\Program Files\Android\Android Studio\jbr\bin;C:\WINDOWS\SYSTEM32;C:\WINDOWS\WinSxS\amd64_microsoft.windows.common-controls_6595b64144ccf1df_6.0.26100.8037_none_3e092faae333b53b;C:\Program Files\Android\Android Studio\jbr\bin\server

VM Arguments:
java_command: org.jetbrains.kotlin.cli.jvm.K2JVMCompiler @D:\PROJECT DAN REFERENSI\PROJECT MOBILE APPS\MedanSafe\app\build\20260418_16571323451971311000.compiler.options
java_class_path (initial): C:\Users\MyBook Hype\.gradle\caches\modules-2\files-2.1\org.jetbrains.kotlin\kotlin-compiler-embeddable\1.9.0\2c8c3a7402becca891f12739b3e9fd2dc2adbd7a\kotlin-compiler-embeddable-1.9.0.jar;C:\Users\MyBook Hype\.gradle\caches\modules-2\files-2.1\org.jetbrains.kotlin\kotlin-stdlib\1.9.0\8ee15ef0c67dc83d874f412d84378d7f0eb50b63\kotlin-stdlib-1.9.0.jar;C:\Users\MyBook Hype\.gradle\caches\modules-2\files-2.1\org.jetbrains.kotlin\kotlin-script-runtime\1.9.0\4b3102cbbb7e1b58d9d1adf89563f00069ffa7d1\kotlin-script-runtime-1.9.0.jar;C:\Users\MyBook Hype\.gradle\caches\modules-2\files-2.1\org.jetbrains.kotlin\kotlin-reflect\1.6.10\1cbe9c92c12a94eea200d23c2bbaedaf3daf5132\kotlin-reflect-1.6.10.jar;C:\Users\MyBook Hype\.gradle\caches\modules-2\files-2.1\org.jetbrains.kotlin\kotlin-daemon-embeddable\1.9.0\186543f5e28cf8d9a0290fecc2cf34301c40a65c\kotlin-daemon-embeddable-1.9.0.jar;C:\Users\MyBook Hype\.gradle\caches\modules-2\files-2.1\org.jetbrains.intellij.deps\trove4j\1.0.20200330\3afb14d5f9ceb459d724e907a21145e8ff394f02\trove4j-1.0.20200330.jar;C:\Users\MyBook Hype\.gradle\caches\modules-2\files-2.1\org.jetbrains.kotlin\kotlin-stdlib-common\1.9.0\cd65c21cfd1eec4d44ef09f9f52b6d9f8a720636\kotlin-stdlib-common-1.9.0.jar;C:\Users\MyBook Hype\.gradle\caches\modules-2\files-2.1\org.jetbrains\annotations\13.0\919f0dfe192fb4e063e7dacadee7f8bb9a2672a9\annotations-13.0.jar
Launcher Type: SUN_STANDARD

[Global flags]
     intx CICompilerCount                          = 3                                         {product} {ergonomic}
     uint ConcGCThreads                            = 1                                         {product} {ergonomic}
     uint G1ConcRefinementThreads                  = 4                                         {product} {ergonomic}
   size_t G1HeapRegionSize                         = 1048576                                   {product} {ergonomic}
    uintx GCDrainStackTargetSize                   = 64                                        {product} {ergonomic}
   size_t InitialHeapSize                          = 130023424                                 {product} {ergonomic}
   size_t MarkStackSize                            = 4194304                                   {product} {ergonomic}
   size_t MaxHeapSize                              = 2080374784                                {product} {ergonomic}
   size_t MaxNewSize                               = 1247805440                                {product} {ergonomic}
   size_t MinHeapDeltaBytes                        = 1048576                                   {product} {ergonomic}
   size_t MinHeapSize                              = 8388608                                   {product} {ergonomic}
    uintx NonNMethodCodeHeapSize                   = 5832780                                {pd product} {ergonomic}
    uintx NonProfiledCodeHeapSize                  = 122912730                              {pd product} {ergonomic}
    uintx ProfiledCodeHeapSize                     = 122912730                              {pd product} {ergonomic}
    uintx ReservedCodeCacheSize                    = 251658240                              {pd product} {ergonomic}
     bool SegmentedCodeCache                       = true                                      {product} {ergonomic}
   size_t SoftMaxHeapSize                          = 2080374784                             {manageable} {ergonomic}
     bool UseCompressedOops                        = true                           {product lp64_product} {ergonomic}
     bool UseG1GC                                  = true                                      {product} {ergonomic}
     bool UseLargePagesIndividualAllocation        = false                                  {pd product} {ergonomic}

Logging:
Log output configuration:
 #0: stdout all=warning uptime,level,tags foldmultilines=false
 #1: stderr all=off uptime,level,tags foldmultilines=false

Release file:
JAVA_VERSION="21.0.9" 
MODULES="java.base java.compiler java.datatransfer java.xml java.prefs java.desktop java.instrument java.logging java.management java.security.sasl java.naming java.rmi java.management.rmi java.net.http java.scripting java.security.jgss java.transaction.xa java.sql java.sql.rowset java.xml.crypto java.se java.smartcardio jdk.accessibility jdk.internal.jvmstat jdk.attach jdk.charsets jdk.internal.opt jdk.zipfs jdk.compiler jdk.crypto.ec jdk.crypto.cryptoki jdk.dynalink jdk.hotspot.agent jdk.httpserver jdk.internal.ed jdk.internal.le jdk.internal.vm.ci jdk.jartool jdk.javadoc jdk.jcmd jdk.jdeps jdk.jdwp.agent jdk.jdi jdk.jfr jdk.jlink jdk.jsobject jdk.localedata jdk.management jdk.management.agent jdk.management.jfr jdk.naming.dns jdk.naming.rmi jdk.net jdk.sctp jdk.security.auth jdk.security.jgss jdk.unsupported jdk.unsupported.desktop jdk.xml.dom" 
IMPLEMENTOR="JetBrains s.r.o." 
JAVA_RUNTIME_VERSION="21.0.9+-14787801-b1163.94" 
LIBC="default" 
OS_ARCH="x86_64" 
OS_NAME="Windows" 
SOURCE=".:git:0c757ddc9f2f" 

Environment Variables:
PATH=C:\Program Files\Eclipse Adoptium\jdk-17.0.18.8-hotspot\bin;C:\Program Files\Eclipse Adoptium\jre-17.0.8.101-hotspot\bin;C:\WINDOWS\system32;C:\WINDOWS;C:\WINDOWS\System32\Wbem;C:\WINDOWS\System32\WindowsPowerShell\v1.0\;C:\WINDOWS\System32\OpenSSH\;C:\Program Files (x86)\Microsoft ASP.NET\ASP.NET Web Pages\v1.0\;C:\Program Files\Microsoft SQL Server\110\Tools\Binn\;C:\Program Files\Microsoft SQL Server\150\Tools\Binn\;C:\Program Files (x86)\Windows Kits\8.0\Windows Performance Toolkit\;C:\wamp64\bin\php\php7.4.33;C:\ProgramData\ComposerSetup\bin;C:\Program Files\nodejs\;C:\Program Files\Git\cmd;C:\Program Files\dotnet\;D:\kotlin\kotlin-compiler-2.3.10\kotlinc\bin;C:\Users\MyBook Hype\AppData\Local\Programs\Python\Python311\Scripts\;C:\Users\MyBook Hype\AppData\Local\Programs\Python\Python311\;C:\Users\MyBook Hype\AppData\Local\Programs\Python\Python313\Scripts\;C:\Users\MyBook Hype\AppData\Local\Programs\Python\Python313\;C:\Users\MyBook Hype\AppData\Local\Programs\Python\Launcher\;C:\Users\MyBook Hype\AppData\Local\Microsoft\WindowsApps;C:\Users\MyBook Hype\AppData\Local\Programs\Microsoft VS Code\bin;C:\Program Files\nodejs\;C:\ProgramData\johanns\GitHubDesktop\bin;C:\Users\MyBook Hype\AppData\Roaming\npm;C:\Users\MyBook Hype\.bun\bin;C:\Users\MyBook Hype\AppData\Local\ComposerSetup\bin;C:\Users\MyBook Hype\AppData\Roaming\Composer\vendor\bin;C:\Users\MyBook Hype\.dotnet\tools;C:\Users\MyBook Hype\AppData\Local\Microsoft\WindowsApps;
USERNAME=johanns
OS=Windows_NT
PROCESSOR_IDENTIFIER=Intel64 Family 6 Model 126 Stepping 5, GenuineIntel
TMP=C:\Users\MYBOOK~1\AppData\Local\Temp
TEMP=C:\Users\MYBOOK~1\AppData\Local\Temp




Periodic native trim disabled

JNI global refs:
JNI global refs: 11, weak refs: 16

JNI global refs memory usage: 835, weak refs: 833

Process memory usage:
Resident Set Size: 545956K (6% of 8121160K total physical memory with 537192K free physical memory)

OOME stack traces (most recent first):
Classloader memory used:
Loader jdk.internal.loader.ClassLoaders$AppClassLoader                                 : 88562K
Loader bootstrap                                                                       : 13787K
Loader java.net.URLClassLoader                                                         : 493K

---------------  S Y S T E M  ---------------

OS:
 Windows 11 , 64 bit Build 26100 (10.0.26100.7920)
OS uptime: 0 days 11:07 hours
Hyper-V role detected

CPU: total 4 (initial active 4) (2 cores per cpu, 2 threads per core) family 6 model 126 stepping 5 microcode 0xbc, cx8, cmov, fxsr, ht, mmx, 3dnowpref, sse, sse2, sse3, ssse3, sse4.1, sse4.2, popcnt, lzcnt, tsc, tscinvbit, avx, avx2, aes, erms, clmul, bmi1, bmi2, adx, avx512f, avx512dq, avx512cd, avx512bw, avx512vl, sha, fma, vzeroupper, avx512_vpopcntdq, avx512_vpclmulqdq, avx512_vaes, avx512_vnni, clflush, clflushopt, avx512_vbmi2, avx512_vbmi, hv, rdtscp, rdpid, fsrm, gfni, avx512_bitalg, f16c, avx512_ifma
Processor Information for the first 4 processors :
  Max Mhz: 1190, Current Mhz: 991, Mhz Limit: 1190

Memory: 4k page, system-wide physical 7930M (506M free)
TotalPageFile size 12026M (AvailPageFile size 10M)
current process WorkingSet (physical memory assigned to process): 533M, peak: 538M
current process commit charge ("private bytes"): 604M, peak: 607M

vm_info: OpenJDK 64-Bit Server VM (21.0.9+-14787801-b1163.94) for windows-amd64 JRE (21.0.9+-14787801-b1163.94), built on 2026-01-27T21:15:44Z by "builder" with MS VC++ 16.10 / 16.11 (VS2019)

END.
