#
# There is insufficient memory for the Java Runtime Environment to continue.
# Native memory allocation (malloc) failed to allocate 2606416 bytes. Error detail: Chunk::new
# Possible reasons:
#   The system is out of physical RAM or swap space
#   This process is running with CompressedOops enabled, and the Java Heap may be blocking the growth of the native heap
# Possible solutions:
#   Reduce memory load on the system
#   Increase physical memory or swap space
#   Check if swap backing store is full
#   Decrease Java heap size (-Xmx/-Xms)
#   Decrease number of Java threads
#   Decrease Java thread stack sizes (-Xss)
#   Set larger code cache with -XX:ReservedCodeCacheSize=
#   JVM is running with Unscaled Compressed Oops mode in which the Java heap is
#     placed in the first 4GB address space. The Java Heap base address is the
#     maximum limit for the native heap growth. Please use -XX:HeapBaseMinAddress
#     to set the Java Heap base and to place the Java Heap above 4GB virtual address.
# This output file may be truncated or incomplete.
#
#  Out of Memory Error (arena.cpp:168), pid=5108, tid=3540
#
# JRE version: OpenJDK Runtime Environment (21.0.9) (build 21.0.9+-14787801-b1163.94)
# Java VM: OpenJDK 64-Bit Server VM (21.0.9+-14787801-b1163.94, mixed mode, tiered, compressed oops, compressed class ptrs, g1 gc, windows-amd64)
# No core dump will be written. Minidumps are not enabled by default on client versions of Windows
#

---------------  S U M M A R Y ------------

Command Line: org.jetbrains.kotlin.cli.jvm.K2JVMCompiler @D:\PROJECT DAN REFERENSI\PROJECT MOBILE APPS\MedanSafe\app\build\20260418_7314023684275617504.compiler.options

Host: Intel(R) Core(TM) i3-1005G1 CPU @ 1.20GHz, 4 cores, 7G,  Windows 11 , 64 bit Build 26100 (10.0.26100.7920)
Time: Sat Apr 18 03:52:17 2026 SE Asia Standard Time elapsed time: 26.703596 seconds (0d 0h 0m 26s)

---------------  T H R E A D  ---------------

Current thread (0x000002b4b015f4f0):  JavaThread "C2 CompilerThread1" daemon [_thread_in_native, id=3540, stack(0x000000db62600000,0x000000db62700000) (1024K)]


Current CompileTask:
C2:26703 7572       4       org.jetbrains.kotlin.load.java.structure.impl.classFiles.BinaryJavaMethodBase$Companion::create (572 bytes)

Stack: [0x000000db62600000,0x000000db62700000]
Native frames: (J=compiled Java code, j=interpreted, Vv=VM code, C=native code)
V  [jvm.dll+0x6d6c99]
V  [jvm.dll+0x866b83]
V  [jvm.dll+0x8691ae]
V  [jvm.dll+0x869893]
V  [jvm.dll+0x280776]
V  [jvm.dll+0xc07cd]
V  [jvm.dll+0xc0d03]
V  [jvm.dll+0x3b9831]
V  [jvm.dll+0x3856a7]
V  [jvm.dll+0x384b1a]
V  [jvm.dll+0x249462]
V  [jvm.dll+0x248a31]
V  [jvm.dll+0x1c7344]
V  [jvm.dll+0x2581ae]
V  [jvm.dll+0x2566f6]
V  [jvm.dll+0x3f48a6]
V  [jvm.dll+0x80f118]
V  [jvm.dll+0x6d54ed]
C  [ucrtbase.dll+0x37b0]
C  [KERNEL32.DLL+0x2e8d7]
C  [ntdll.dll+0x8c48c]


---------------  P R O C E S S  ---------------

Threads class SMR info:
_java_thread_list=0x000002b4b02c25f0, length=12, elements={
0x000002b491db2380, 0x000002b4af03f190, 0x000002b4af048d20, 0x000002b4af0630c0,
0x000002b4af06d7f0, 0x000002b4af06e250, 0x000002b4af06ecb0, 0x000002b4af0897b0,
0x000002b4af072260, 0x000002b4af08e680, 0x000002b4af22f350, 0x000002b4b015f4f0
}

Java Threads: ( => current thread )
  0x000002b491db2380 JavaThread "main"                              [_thread_in_vm, id=13056, stack(0x000000db61100000,0x000000db61200000) (1024K)]
  0x000002b4af03f190 JavaThread "Common-Cleaner"             daemon [_thread_blocked, id=3548, stack(0x000000db61900000,0x000000db61a00000) (1024K)]
  0x000002b4af048d20 JavaThread "Reference Handler"          daemon [_thread_blocked, id=9160, stack(0x000000db61a00000,0x000000db61b00000) (1024K)]
  0x000002b4af0630c0 JavaThread "Finalizer"                  daemon [_thread_blocked, id=6836, stack(0x000000db61b00000,0x000000db61c00000) (1024K)]
  0x000002b4af06d7f0 JavaThread "Signal Dispatcher"          daemon [_thread_blocked, id=2652, stack(0x000000db61c00000,0x000000db61d00000) (1024K)]
  0x000002b4af06e250 JavaThread "Attach Listener"            daemon [_thread_blocked, id=2792, stack(0x000000db61d00000,0x000000db61e00000) (1024K)]
  0x000002b4af06ecb0 JavaThread "Service Thread"             daemon [_thread_blocked, id=13268, stack(0x000000db61e00000,0x000000db61f00000) (1024K)]
  0x000002b4af0897b0 JavaThread "Monitor Deflation Thread"   daemon [_thread_blocked, id=12948, stack(0x000000db61f00000,0x000000db62000000) (1024K)]
  0x000002b4af072260 JavaThread "C2 CompilerThread0"         daemon [_thread_in_native, id=3592, stack(0x000000db62000000,0x000000db62100000) (1024K)]
  0x000002b4af08e680 JavaThread "C1 CompilerThread0"         daemon [_thread_blocked, id=8276, stack(0x000000db62100000,0x000000db62200000) (1024K)]
  0x000002b4af22f350 JavaThread "Notification Thread"        daemon [_thread_blocked, id=11176, stack(0x000000db62200000,0x000000db62300000) (1024K)]
=>0x000002b4b015f4f0 JavaThread "C2 CompilerThread1"         daemon [_thread_in_native, id=3540, stack(0x000000db62600000,0x000000db62700000) (1024K)]
Total: 12

Other Threads:
  0x000002b4aadc2650 VMThread "VM Thread"                           [id=2888, stack(0x000000db61800000,0x000000db61900000) (1024K)]
  0x000002b4aad31a00 WatcherThread "VM Periodic Task Thread"        [id=12460, stack(0x000000db61700000,0x000000db61800000) (1024K)]
  0x000002b4940bc030 WorkerThread "GC Thread#0"                     [id=7812, stack(0x000000db61200000,0x000000db61300000) (1024K)]
  0x000002b4af7450c0 WorkerThread "GC Thread#1"                     [id=9908, stack(0x000000db62300000,0x000000db62400000) (1024K)]
  0x000002b4af78e310 WorkerThread "GC Thread#2"                     [id=9136, stack(0x000000db62400000,0x000000db62500000) (1024K)]
  0x000002b4af78e6b0 WorkerThread "GC Thread#3"                     [id=9352, stack(0x000000db62500000,0x000000db62600000) (1024K)]
  0x000002b4940cd650 ConcurrentGCThread "G1 Main Marker"            [id=12268, stack(0x000000db61300000,0x000000db61400000) (1024K)]
  0x000002b4940ce960 WorkerThread "G1 Conc#0"                       [id=4552, stack(0x000000db61400000,0x000000db61500000) (1024K)]
  0x000002b49412e140 ConcurrentGCThread "G1 Refine#0"               [id=11776, stack(0x000000db61500000,0x000000db61600000) (1024K)]
  0x000002b4aac01150 ConcurrentGCThread "G1 Service"                [id=8060, stack(0x000000db61600000,0x000000db61700000) (1024K)]
Total: 10

Threads with active compile tasks:
C2 CompilerThread0  26823 7619       4       java.util.HashSet::contains (9 bytes)
C2 CompilerThread1  26823 7572       4       org.jetbrains.kotlin.load.java.structure.impl.classFiles.BinaryJavaMethodBase$Companion::create (572 bytes)
Total: 2

VM state: not at safepoint (normal execution)

VM Mutex/Monitor currently owned by a thread: None

Heap address: 0x0000000084000000, size: 1984 MB, Compressed Oops mode: 32-bit

CDS archive(s) not mapped
Compressed class space mapped at: 0x0000000100000000-0x0000000140000000, reserved size: 1073741824
Narrow klass base: 0x0000000000000000, Narrow klass shift: 3, Narrow klass range: 0x140000000

GC Precious Log:
 CardTable entry size: 512
 Card Set container configuration: InlinePtr #cards 5 size 8 Array Of Cards #cards 12 size 40 Howl #buckets 4 coarsen threshold 1843 Howl Bitmap #cards 512 size 80 coarsen threshold 460 Card regions per heap region 1 cards per card region 2048
 CPUs: 4 total, 4 available
 Memory: 7930M
 Large Page Support: Disabled
 NUMA Support: Disabled
 Compressed Oops: Enabled (32-bit)
 Heap Region Size: 1M
 Heap Min Capacity: 8M
 Heap Initial Capacity: 124M
 Heap Max Capacity: 1984M
 Pre-touch: Disabled
 Parallel Workers: 4
 Concurrent Workers: 1
 Concurrent Refinement Workers: 4
 Periodic GC: Disabled

Heap:
 garbage-first heap   total 90112K, used 61920K [0x0000000084000000, 0x0000000100000000)
  region size 1024K, 14 young (14336K), 4 survivors (4096K)
 Metaspace       used 60441K, committed 61184K, reserved 1114112K
  class space    used 7145K, committed 7488K, reserved 1048576K

Heap Regions: E=young(eden), S=young(survivor), O=old, HS=humongous(starts), HC=humongous(continues), CS=collection set, F=free, TAMS=top-at-mark-start, PB=parsable bottom
|   0|0x0000000084000000, 0x0000000084100000, 0x0000000084100000|100%|HS|  |TAMS 0x0000000084000000| PB 0x0000000084000000| Complete 
|   1|0x0000000084100000, 0x0000000084200000, 0x0000000084200000|100%|HC|  |TAMS 0x0000000084100000| PB 0x0000000084100000| Complete 
|   2|0x0000000084200000, 0x0000000084300000, 0x0000000084300000|100%|HC|  |TAMS 0x0000000084200000| PB 0x0000000084200000| Complete 
|   3|0x0000000084300000, 0x0000000084400000, 0x0000000084400000|100%|HC|  |TAMS 0x0000000084300000| PB 0x0000000084300000| Complete 
|   4|0x0000000084400000, 0x00000000844f80c8, 0x0000000084500000| 96%| O|  |TAMS 0x0000000084400000| PB 0x0000000084400000| Untracked 
|   5|0x0000000084500000, 0x0000000084600000, 0x0000000084600000|100%| O|  |TAMS 0x0000000084500000| PB 0x0000000084500000| Untracked 
|   6|0x0000000084600000, 0x0000000084700000, 0x0000000084700000|100%| O|  |TAMS 0x0000000084600000| PB 0x0000000084600000| Untracked 
|   7|0x0000000084700000, 0x0000000084800000, 0x0000000084800000|100%| O|  |TAMS 0x0000000084700000| PB 0x0000000084700000| Untracked 
|   8|0x0000000084800000, 0x0000000084900000, 0x0000000084900000|100%| O|  |TAMS 0x0000000084800000| PB 0x0000000084800000| Untracked 
|   9|0x0000000084900000, 0x0000000084a00000, 0x0000000084a00000|100%| O|  |TAMS 0x0000000084900000| PB 0x0000000084900000| Untracked 
|  10|0x0000000084a00000, 0x0000000084b00000, 0x0000000084b00000|100%| O|  |TAMS 0x0000000084a00000| PB 0x0000000084a00000| Untracked 
|  11|0x0000000084b00000, 0x0000000084c00000, 0x0000000084c00000|100%| O|  |TAMS 0x0000000084b00000| PB 0x0000000084b00000| Untracked 
|  12|0x0000000084c00000, 0x0000000084d00000, 0x0000000084d00000|100%| O|  |TAMS 0x0000000084c00000| PB 0x0000000084c00000| Untracked 
|  13|0x0000000084d00000, 0x0000000084e00000, 0x0000000084e00000|100%| O|  |TAMS 0x0000000084d00000| PB 0x0000000084d00000| Untracked 
|  14|0x0000000084e00000, 0x0000000084f00000, 0x0000000084f00000|100%| O|  |TAMS 0x0000000084e00000| PB 0x0000000084e00000| Untracked 
|  15|0x0000000084f00000, 0x0000000085000000, 0x0000000085000000|100%| O|  |TAMS 0x0000000084f00000| PB 0x0000000084f00000| Untracked 
|  16|0x0000000085000000, 0x0000000085100000, 0x0000000085100000|100%| O|  |TAMS 0x0000000085000000| PB 0x0000000085000000| Untracked 
|  17|0x0000000085100000, 0x0000000085200000, 0x0000000085200000|100%| O|  |TAMS 0x0000000085100000| PB 0x0000000085100000| Untracked 
|  18|0x0000000085200000, 0x0000000085300000, 0x0000000085300000|100%| O|  |TAMS 0x0000000085200000| PB 0x0000000085200000| Untracked 
|  19|0x0000000085300000, 0x0000000085400000, 0x0000000085400000|100%| O|  |TAMS 0x0000000085300000| PB 0x0000000085300000| Untracked 
|  20|0x0000000085400000, 0x0000000085500000, 0x0000000085500000|100%| O|  |TAMS 0x0000000085400000| PB 0x0000000085400000| Untracked 
|  21|0x0000000085500000, 0x0000000085600000, 0x0000000085600000|100%| O|  |TAMS 0x0000000085500000| PB 0x0000000085500000| Untracked 
|  22|0x0000000085600000, 0x0000000085700000, 0x0000000085700000|100%| O|  |TAMS 0x0000000085600000| PB 0x0000000085600000| Untracked 
|  23|0x0000000085700000, 0x0000000085800000, 0x0000000085800000|100%| O|  |TAMS 0x0000000085700000| PB 0x0000000085700000| Untracked 
|  24|0x0000000085800000, 0x0000000085900000, 0x0000000085900000|100%| O|  |TAMS 0x0000000085800000| PB 0x0000000085800000| Untracked 
|  25|0x0000000085900000, 0x0000000085a00000, 0x0000000085a00000|100%|HS|  |TAMS 0x0000000085900000| PB 0x0000000085900000| Complete 
|  26|0x0000000085a00000, 0x0000000085b00000, 0x0000000085b00000|100%|HC|  |TAMS 0x0000000085a00000| PB 0x0000000085a00000| Complete 
|  27|0x0000000085b00000, 0x0000000085c00000, 0x0000000085c00000|100%| O|  |TAMS 0x0000000085b00000| PB 0x0000000085b00000| Untracked 
|  28|0x0000000085c00000, 0x0000000085d00000, 0x0000000085d00000|100%| O|  |TAMS 0x0000000085c00000| PB 0x0000000085c00000| Untracked 
|  29|0x0000000085d00000, 0x0000000085e00000, 0x0000000085e00000|100%| O|  |TAMS 0x0000000085d00000| PB 0x0000000085d00000| Untracked 
|  30|0x0000000085e00000, 0x0000000085f00000, 0x0000000085f00000|100%| O|  |TAMS 0x0000000085e00000| PB 0x0000000085e00000| Untracked 
|  31|0x0000000085f00000, 0x0000000086000000, 0x0000000086000000|100%| O|  |TAMS 0x0000000085f00000| PB 0x0000000085f00000| Untracked 
|  32|0x0000000086000000, 0x0000000086100000, 0x0000000086100000|100%| O|  |TAMS 0x0000000086000000| PB 0x0000000086000000| Untracked 
|  33|0x0000000086100000, 0x0000000086200000, 0x0000000086200000|100%| O|  |TAMS 0x0000000086100000| PB 0x0000000086100000| Untracked 
|  34|0x0000000086200000, 0x0000000086300000, 0x0000000086300000|100%| O|  |TAMS 0x0000000086200000| PB 0x0000000086200000| Untracked 
|  35|0x0000000086300000, 0x0000000086400000, 0x0000000086400000|100%| O|  |TAMS 0x0000000086300000| PB 0x0000000086300000| Untracked 
|  36|0x0000000086400000, 0x0000000086500000, 0x0000000086500000|100%| O|  |TAMS 0x0000000086400000| PB 0x0000000086400000| Untracked 
|  37|0x0000000086500000, 0x0000000086600000, 0x0000000086600000|100%| O|  |TAMS 0x0000000086500000| PB 0x0000000086500000| Untracked 
|  38|0x0000000086600000, 0x0000000086700000, 0x0000000086700000|100%| O|  |TAMS 0x0000000086600000| PB 0x0000000086600000| Untracked 
|  39|0x0000000086700000, 0x0000000086800000, 0x0000000086800000|100%| O|  |TAMS 0x0000000086700000| PB 0x0000000086700000| Untracked 
|  40|0x0000000086800000, 0x0000000086900000, 0x0000000086900000|100%| O|  |TAMS 0x0000000086800000| PB 0x0000000086800000| Untracked 
|  41|0x0000000086900000, 0x0000000086a00000, 0x0000000086a00000|100%| O|  |TAMS 0x0000000086900000| PB 0x0000000086900000| Untracked 
|  42|0x0000000086a00000, 0x0000000086b00000, 0x0000000086b00000|100%| O|  |TAMS 0x0000000086a00000| PB 0x0000000086a00000| Untracked 
|  43|0x0000000086b00000, 0x0000000086c00000, 0x0000000086c00000|100%| O|  |TAMS 0x0000000086b00000| PB 0x0000000086b00000| Untracked 
|  44|0x0000000086c00000, 0x0000000086d00000, 0x0000000086d00000|100%| O|  |TAMS 0x0000000086c00000| PB 0x0000000086c00000| Untracked 
|  45|0x0000000086d00000, 0x0000000086e00000, 0x0000000086e00000|100%| O|  |TAMS 0x0000000086d00000| PB 0x0000000086d00000| Untracked 
|  46|0x0000000086e00000, 0x0000000086e80000, 0x0000000086f00000| 50%| O|  |TAMS 0x0000000086e00000| PB 0x0000000086e00000| Untracked 
|  47|0x0000000086f00000, 0x0000000086f00000, 0x0000000087000000|  0%| F|  |TAMS 0x0000000086f00000| PB 0x0000000086f00000| Untracked 
|  48|0x0000000087000000, 0x0000000087000000, 0x0000000087100000|  0%| F|  |TAMS 0x0000000087000000| PB 0x0000000087000000| Untracked 
|  49|0x0000000087100000, 0x0000000087100000, 0x0000000087200000|  0%| F|  |TAMS 0x0000000087100000| PB 0x0000000087100000| Untracked 
|  50|0x0000000087200000, 0x0000000087200000, 0x0000000087300000|  0%| F|  |TAMS 0x0000000087200000| PB 0x0000000087200000| Untracked 
|  51|0x0000000087300000, 0x0000000087300000, 0x0000000087400000|  0%| F|  |TAMS 0x0000000087300000| PB 0x0000000087300000| Untracked 
|  52|0x0000000087400000, 0x0000000087400000, 0x0000000087500000|  0%| F|  |TAMS 0x0000000087400000| PB 0x0000000087400000| Untracked 
|  53|0x0000000087500000, 0x0000000087500000, 0x0000000087600000|  0%| F|  |TAMS 0x0000000087500000| PB 0x0000000087500000| Untracked 
|  54|0x0000000087600000, 0x0000000087600000, 0x0000000087700000|  0%| F|  |TAMS 0x0000000087600000| PB 0x0000000087600000| Untracked 
|  55|0x0000000087700000, 0x0000000087700000, 0x0000000087800000|  0%| F|  |TAMS 0x0000000087700000| PB 0x0000000087700000| Untracked 
|  56|0x0000000087800000, 0x0000000087800000, 0x0000000087900000|  0%| F|  |TAMS 0x0000000087800000| PB 0x0000000087800000| Untracked 
|  57|0x0000000087900000, 0x0000000087900000, 0x0000000087a00000|  0%| F|  |TAMS 0x0000000087900000| PB 0x0000000087900000| Untracked 
|  58|0x0000000087a00000, 0x0000000087b00000, 0x0000000087b00000|100%| S|CS|TAMS 0x0000000087a00000| PB 0x0000000087a00000| Complete 
|  59|0x0000000087b00000, 0x0000000087c00000, 0x0000000087c00000|100%| S|CS|TAMS 0x0000000087b00000| PB 0x0000000087b00000| Complete 
|  60|0x0000000087c00000, 0x0000000087d00000, 0x0000000087d00000|100%| S|CS|TAMS 0x0000000087c00000| PB 0x0000000087c00000| Complete 
|  61|0x0000000087d00000, 0x0000000087e00000, 0x0000000087e00000|100%| S|CS|TAMS 0x0000000087d00000| PB 0x0000000087d00000| Complete 
|  62|0x0000000087e00000, 0x0000000087e00000, 0x0000000087f00000|  0%| F|  |TAMS 0x0000000087e00000| PB 0x0000000087e00000| Untracked 
|  63|0x0000000087f00000, 0x0000000087f00000, 0x0000000088000000|  0%| F|  |TAMS 0x0000000087f00000| PB 0x0000000087f00000| Untracked 
|  64|0x0000000088000000, 0x0000000088000000, 0x0000000088100000|  0%| F|  |TAMS 0x0000000088000000| PB 0x0000000088000000| Untracked 
|  65|0x0000000088100000, 0x0000000088100000, 0x0000000088200000|  0%| F|  |TAMS 0x0000000088100000| PB 0x0000000088100000| Untracked 
|  66|0x0000000088200000, 0x0000000088200000, 0x0000000088300000|  0%| F|  |TAMS 0x0000000088200000| PB 0x0000000088200000| Untracked 
|  67|0x0000000088300000, 0x0000000088300000, 0x0000000088400000|  0%| F|  |TAMS 0x0000000088300000| PB 0x0000000088300000| Untracked 
|  68|0x0000000088400000, 0x0000000088400000, 0x0000000088500000|  0%| F|  |TAMS 0x0000000088400000| PB 0x0000000088400000| Untracked 
|  69|0x0000000088500000, 0x0000000088500000, 0x0000000088600000|  0%| F|  |TAMS 0x0000000088500000| PB 0x0000000088500000| Untracked 
|  70|0x0000000088600000, 0x0000000088600000, 0x0000000088700000|  0%| F|  |TAMS 0x0000000088600000| PB 0x0000000088600000| Untracked 
|  71|0x0000000088700000, 0x0000000088700000, 0x0000000088800000|  0%| F|  |TAMS 0x0000000088700000| PB 0x0000000088700000| Untracked 
|  72|0x0000000088800000, 0x0000000088800000, 0x0000000088900000|  0%| F|  |TAMS 0x0000000088800000| PB 0x0000000088800000| Untracked 
|  73|0x0000000088900000, 0x0000000088900000, 0x0000000088a00000|  0%| F|  |TAMS 0x0000000088900000| PB 0x0000000088900000| Untracked 
|  74|0x0000000088a00000, 0x0000000088a00000, 0x0000000088b00000|  0%| F|  |TAMS 0x0000000088a00000| PB 0x0000000088a00000| Untracked 
|  75|0x0000000088b00000, 0x0000000088b00000, 0x0000000088c00000|  0%| F|  |TAMS 0x0000000088b00000| PB 0x0000000088b00000| Untracked 
|  76|0x0000000088c00000, 0x0000000088c00000, 0x0000000088d00000|  0%| F|  |TAMS 0x0000000088c00000| PB 0x0000000088c00000| Untracked 
|  77|0x0000000088d00000, 0x0000000088e00000, 0x0000000088e00000|100%| E|  |TAMS 0x0000000088d00000| PB 0x0000000088d00000| Complete 
|  78|0x0000000088e00000, 0x0000000088f00000, 0x0000000088f00000|100%| E|CS|TAMS 0x0000000088e00000| PB 0x0000000088e00000| Complete 
|  79|0x0000000088f00000, 0x0000000089000000, 0x0000000089000000|100%| E|CS|TAMS 0x0000000088f00000| PB 0x0000000088f00000| Complete 
|  80|0x0000000089000000, 0x0000000089100000, 0x0000000089100000|100%| E|CS|TAMS 0x0000000089000000| PB 0x0000000089000000| Complete 
|  98|0x000000008a200000, 0x000000008a300000, 0x000000008a300000|100%| E|CS|TAMS 0x000000008a200000| PB 0x000000008a200000| Complete 
| 102|0x000000008a600000, 0x000000008a700000, 0x000000008a700000|100%| E|CS|TAMS 0x000000008a600000| PB 0x000000008a600000| Complete 
| 103|0x000000008a700000, 0x000000008a800000, 0x000000008a800000|100%| E|CS|TAMS 0x000000008a700000| PB 0x000000008a700000| Complete 
| 104|0x000000008a800000, 0x000000008a900000, 0x000000008a900000|100%| E|CS|TAMS 0x000000008a800000| PB 0x000000008a800000| Complete 
| 123|0x000000008bb00000, 0x000000008bc00000, 0x000000008bc00000|100%| E|CS|TAMS 0x000000008bb00000| PB 0x000000008bb00000| Complete 
|1982|0x00000000ffe00000, 0x00000000fff00000, 0x00000000fff00000|100%| E|CS|TAMS 0x00000000ffe00000| PB 0x00000000ffe00000| Complete 
|1983|0x00000000fff00000, 0x0000000100000000, 0x0000000100000000|100%| O|  |TAMS 0x00000000fff00000| PB 0x00000000fff00000| Untracked 

Card table byte_map: [0x000002b4a65b0000,0x000002b4a6990000] _byte_map_base: 0x000002b4a6190000

Marking Bits: (CMBitMap*) 0x000002b4940bc730
 Bits: [0x000002b4a6990000, 0x000002b4a8890000)

Polling page: 0x000002b491ee0000

Metaspace:

Usage:
  Non-class:     52.05 MB used.
      Class:      6.98 MB used.
       Both:     59.03 MB used.

Virtual space:
  Non-class space:       64.00 MB reserved,      52.44 MB ( 82%) committed,  1 nodes.
      Class space:        1.00 GB reserved,       7.31 MB ( <1%) committed,  1 nodes.
             Both:        1.06 GB reserved,      59.75 MB (  5%) committed. 

Chunk freelists:
   Non-Class:  11.36 MB
       Class:  8.59 MB
        Both:  19.95 MB

MaxMetaspaceSize: unlimited
CompressedClassSpaceSize: 1.00 GB
Initial GC threshold: 21.00 MB
Current GC threshold: 89.19 MB
CDS: off
 - commit_granule_bytes: 65536.
 - commit_granule_words: 8192.
 - virtual_space_node_default_size: 8388608.
 - enlarge_chunks_in_place: 1.
 - use_allocation_guard: 0.


Internal statistics:

num_allocs_failed_limit: 6.
num_arena_births: 1210.
num_arena_deaths: 0.
num_vsnodes_births: 2.
num_vsnodes_deaths: 0.
num_space_committed: 954.
num_space_uncommitted: 0.
num_chunks_returned_to_freelist: 6.
num_chunks_taken_from_freelist: 3235.
num_chunk_merges: 6.
num_chunk_splits: 2425.
num_chunks_enlarged: 1842.
num_inconsistent_stats: 0.

CodeHeap 'non-profiled nmethods': size=120000Kb used=4227Kb max_used=4227Kb free=115772Kb
 bounds [0x000002b49eca0000, 0x000002b49f0d0000, 0x000002b4a61d0000]
CodeHeap 'profiled nmethods': size=120000Kb used=17314Kb max_used=17314Kb free=102685Kb
 bounds [0x000002b4971d0000, 0x000002b4982c0000, 0x000002b49e700000]
CodeHeap 'non-nmethods': size=5760Kb used=1619Kb max_used=1667Kb free=4140Kb
 bounds [0x000002b49e700000, 0x000002b49e970000, 0x000002b49eca0000]
CodeCache: size=245760Kb, used=23160Kb, max_used=23208Kb, free=222597Kb
 total_blobs=7631, nmethods=6999, adapters=534, full_count=0
Compilation: enabled, stopped_count=0, restarted_count=0

Compilation events (20 events):
Event: 26.516 Thread 0x000002b4af08e680 7674       3       javaslang.collection.HashArrayMappedTrieModule$AbstractNode::insert (35 bytes)
Event: 26.517 Thread 0x000002b4af08e680 nmethod 7674 0x000002b498299e90 code [0x000002b49829a060, 0x000002b49829a4f0]
Event: 26.517 Thread 0x000002b4af08e680 7676       3       javaslang.collection.HashArrayMappedTrieModule$LeafSingleton::modify (77 bytes)
Event: 26.518 Thread 0x000002b4af08e680 nmethod 7676 0x000002b49829a690 code [0x000002b49829a8e0, 0x000002b49829b3b0]
Event: 26.522 Thread 0x000002b4af08e680 7678       3       java.util.zip.ZipFile$Source::getMetaVersion (221 bytes)
Event: 26.524 Thread 0x000002b4af08e680 nmethod 7678 0x000002b49829b710 code [0x000002b49829b900, 0x000002b49829bff0]
Event: 26.524 Thread 0x000002b4af08e680 7677       3       java.util.zip.ZipFile$Source::isSignatureRelated (227 bytes)
Event: 26.525 Thread 0x000002b4af08e680 nmethod 7677 0x000002b49829c210 code [0x000002b49829c3e0, 0x000002b49829c9e8]
Event: 26.525 Thread 0x000002b4af08e680 7679       3       org.jetbrains.kotlin.cli.jvm.compiler.KotlinCliJavaFileManagerImpl$findClass$$inlined$getOrPut$lambda$1::<init> (39 bytes)
Event: 26.525 Thread 0x000002b4af08e680 nmethod 7679 0x000002b49829cc10 code [0x000002b49829cde0, 0x000002b49829d1d8]
Event: 26.534 Thread 0x000002b4af08e680 7680       3       javaslang.collection.HashArrayMappedTrieModule$IndexedNode::lookup (58 bytes)
Event: 26.535 Thread 0x000002b4af08e680 nmethod 7680 0x000002b49829d310 code [0x000002b49829d520, 0x000002b49829daa8]
Event: 26.561 Thread 0x000002b4af08e680 7681       3       org.jetbrains.kotlin.load.java.components.JavaAnnotationDescriptor::getType (8 bytes)
Event: 26.563 Thread 0x000002b4af08e680 nmethod 7681 0x000002b49829dd10 code [0x000002b49829dfe0, 0x000002b49829eca0]
Event: 26.563 Thread 0x000002b4af08e680 7683       3       org.jetbrains.kotlin.load.java.AbstractAnnotationTypeQualifierResolver::hasAnnotation (85 bytes)
Event: 26.566 Thread 0x000002b4af08e680 nmethod 7683 0x000002b49829f110 code [0x000002b49829f420, 0x000002b4982a05a8]
Event: 26.566 Thread 0x000002b4af08e680 7682       3       org.jetbrains.kotlin.load.java.components.JavaAnnotationDescriptor::getType (17 bytes)
Event: 26.568 Thread 0x000002b4af08e680 nmethod 7682 0x000002b4982a0b10 code [0x000002b4982a0dc0, 0x000002b4982a19b0]
Event: 26.572 Thread 0x000002b4af08e680 7684       3       org.jetbrains.kotlin.types.AbstractTypeConstructor::<init> (49 bytes)
Event: 26.574 Thread 0x000002b4af08e680 nmethod 7684 0x000002b4982a1e10 code [0x000002b4982a20a0, 0x000002b4982a2bd0]

GC Heap History (20 events):
Event: 13.881 GC heap before
{Heap before GC invocations=11 (full 0):
 garbage-first heap   total 51200K, used 42092K [0x0000000084000000, 0x0000000100000000)
  region size 1024K, 22 young (22528K), 2 survivors (2048K)
 Metaspace       used 44578K, committed 45184K, reserved 1114112K
  class space    used 5501K, committed 5824K, reserved 1048576K
}
Event: 13.895 GC heap after
{Heap after GC invocations=12 (full 0):
 garbage-first heap   total 51200K, used 24008K [0x0000000084000000, 0x0000000100000000)
  region size 1024K, 2 young (2048K), 2 survivors (2048K)
 Metaspace       used 44578K, committed 45184K, reserved 1114112K
  class space    used 5501K, committed 5824K, reserved 1048576K
}
Event: 16.477 GC heap before
{Heap before GC invocations=12 (full 0):
 garbage-first heap   total 51200K, used 43464K [0x0000000084000000, 0x0000000100000000)
  region size 1024K, 21 young (21504K), 2 survivors (2048K)
 Metaspace       used 48349K, committed 49024K, reserved 1114112K
  class space    used 5963K, committed 6272K, reserved 1048576K
}
Event: 16.497 GC heap after
{Heap after GC invocations=13 (full 0):
 garbage-first heap   total 51200K, used 26908K [0x0000000084000000, 0x0000000100000000)
  region size 1024K, 3 young (3072K), 3 survivors (3072K)
 Metaspace       used 48349K, committed 49024K, reserved 1114112K
  class space    used 5963K, committed 6272K, reserved 1048576K
}
Event: 17.877 GC heap before
{Heap before GC invocations=13 (full 0):
 garbage-first heap   total 51200K, used 40220K [0x0000000084000000, 0x0000000100000000)
  region size 1024K, 17 young (17408K), 3 survivors (3072K)
 Metaspace       used 51626K, committed 52224K, reserved 1114112K
  class space    used 6361K, committed 6656K, reserved 1048576K
}
Event: 17.898 GC heap after
{Heap after GC invocations=14 (full 0):
 garbage-first heap   total 51200K, used 28958K [0x0000000084000000, 0x0000000100000000)
  region size 1024K, 2 young (2048K), 2 survivors (2048K)
 Metaspace       used 51626K, committed 52224K, reserved 1114112K
  class space    used 6361K, committed 6656K, reserved 1048576K
}
Event: 19.021 GC heap before
{Heap before GC invocations=15 (full 0):
 garbage-first heap   total 53248K, used 46366K [0x0000000084000000, 0x0000000100000000)
  region size 1024K, 17 young (17408K), 2 survivors (2048K)
 Metaspace       used 53950K, committed 54656K, reserved 1114112K
  class space    used 6643K, committed 6976K, reserved 1048576K
}
Event: 19.040 GC heap after
{Heap after GC invocations=16 (full 0):
 garbage-first heap   total 53248K, used 34023K [0x0000000084000000, 0x0000000100000000)
  region size 1024K, 3 young (3072K), 3 survivors (3072K)
 Metaspace       used 53950K, committed 54656K, reserved 1114112K
  class space    used 6643K, committed 6976K, reserved 1048576K
}
Event: 19.274 GC heap before
{Heap before GC invocations=16 (full 0):
 garbage-first heap   total 53248K, used 46311K [0x0000000084000000, 0x0000000100000000)
  region size 1024K, 15 young (15360K), 3 survivors (3072K)
 Metaspace       used 54088K, committed 54784K, reserved 1114112K
  class space    used 6652K, committed 6976K, reserved 1048576K
}
Event: 19.300 GC heap after
{Heap after GC invocations=17 (full 0):
 garbage-first heap   total 55296K, used 36832K [0x0000000084000000, 0x0000000100000000)
  region size 1024K, 2 young (2048K), 2 survivors (2048K)
 Metaspace       used 54088K, committed 54784K, reserved 1114112K
  class space    used 6652K, committed 6976K, reserved 1048576K
}
Event: 19.462 GC heap before
{Heap before GC invocations=17 (full 0):
 garbage-first heap   total 55296K, used 48096K [0x0000000084000000, 0x0000000100000000)
  region size 1024K, 13 young (13312K), 2 survivors (2048K)
 Metaspace       used 54131K, committed 54784K, reserved 1114112K
  class space    used 6652K, committed 6976K, reserved 1048576K
}
Event: 19.469 GC heap after
{Heap after GC invocations=18 (full 0):
 garbage-first heap   total 55296K, used 36896K [0x0000000084000000, 0x0000000100000000)
  region size 1024K, 1 young (1024K), 1 survivors (1024K)
 Metaspace       used 54131K, committed 54784K, reserved 1114112K
  class space    used 6652K, committed 6976K, reserved 1048576K
}
Event: 20.187 GC heap before
{Heap before GC invocations=19 (full 0):
 garbage-first heap   total 63488K, used 48160K [0x0000000084000000, 0x0000000100000000)
  region size 1024K, 12 young (12288K), 1 survivors (1024K)
 Metaspace       used 54650K, committed 55360K, reserved 1114112K
  class space    used 6682K, committed 7040K, reserved 1048576K
}
Event: 20.199 GC heap after
{Heap after GC invocations=20 (full 0):
 garbage-first heap   total 63488K, used 38304K [0x0000000084000000, 0x0000000100000000)
  region size 1024K, 2 young (2048K), 2 survivors (2048K)
 Metaspace       used 54650K, committed 55360K, reserved 1114112K
  class space    used 6682K, committed 7040K, reserved 1048576K
}
Event: 21.786 GC heap before
{Heap before GC invocations=20 (full 0):
 garbage-first heap   total 63488K, used 53664K [0x0000000084000000, 0x0000000100000000)
  region size 1024K, 18 young (18432K), 2 survivors (2048K)
 Metaspace       used 57215K, committed 57920K, reserved 1114112K
  class space    used 6937K, committed 7296K, reserved 1048576K
}
Event: 21.808 GC heap after
{Heap after GC invocations=21 (full 0):
 garbage-first heap   total 90112K, used 38880K [0x0000000084000000, 0x0000000100000000)
  region size 1024K, 3 young (3072K), 3 survivors (3072K)
 Metaspace       used 57215K, committed 57920K, reserved 1114112K
  class space    used 6937K, committed 7296K, reserved 1048576K
}
Event: 24.565 GC heap before
{Heap before GC invocations=21 (full 0):
 garbage-first heap   total 90112K, used 70624K [0x0000000084000000, 0x0000000100000000)
  region size 1024K, 35 young (35840K), 3 survivors (3072K)
 Metaspace       used 59597K, committed 60288K, reserved 1114112K
  class space    used 7107K, committed 7424K, reserved 1048576K
}
Event: 24.617 GC heap after
{Heap after GC invocations=22 (full 0):
 garbage-first heap   total 90112K, used 47972K [0x0000000084000000, 0x0000000100000000)
  region size 1024K, 5 young (5120K), 5 survivors (5120K)
 Metaspace       used 59597K, committed 60288K, reserved 1114112K
  class space    used 7107K, committed 7424K, reserved 1048576K
}
Event: 26.148 GC heap before
{Heap before GC invocations=22 (full 0):
 garbage-first heap   total 90112K, used 73572K [0x0000000084000000, 0x0000000100000000)
  region size 1024K, 30 young (30720K), 5 survivors (5120K)
 Metaspace       used 60358K, committed 61056K, reserved 1114112K
  class space    used 7138K, committed 7488K, reserved 1048576K
}
Event: 26.191 GC heap after
{Heap after GC invocations=23 (full 0):
 garbage-first heap   total 90112K, used 52704K [0x0000000084000000, 0x0000000100000000)
  region size 1024K, 4 young (4096K), 4 survivors (4096K)
 Metaspace       used 60358K, committed 61056K, reserved 1114112K
  class space    used 7138K, committed 7488K, reserved 1048576K
}

Dll operation events (3 events):
Event: 0.047 Loaded shared library C:\Program Files\Android\Android Studio\jbr\bin\java.dll
Event: 0.161 Loaded shared library C:\Program Files\Android\Android Studio\jbr\bin\zip.dll
Event: 7.118 Loaded shared library C:\Program Files\Android\Android Studio\jbr\bin\verify.dll

Deoptimization events (20 events):
Event: 25.952 Thread 0x000002b491db2380 Uncommon trap: trap_request=0xffffffde fr.pc=0x000002b49ef400a0 relative=0x00000000000000e0
Event: 25.952 Thread 0x000002b491db2380 Uncommon trap: reason=class_check action=maybe_recompile pc=0x000002b49ef400a0 method=java.util.Collections$UnmodifiableCollection$1.next()Ljava/lang/Object; @ 4 c2
Event: 25.952 Thread 0x000002b491db2380 DEOPT PACKING pc=0x000002b49ef400a0 sp=0x000000db611fb120
Event: 25.953 Thread 0x000002b491db2380 DEOPT UNPACKING pc=0x000002b49e757aa2 sp=0x000000db611fb0c0 mode 2
Event: 25.953 Thread 0x000002b491db2380 Uncommon trap: trap_request=0xffffffde fr.pc=0x000002b49edbdb94 relative=0x0000000000000074
Event: 25.953 Thread 0x000002b491db2380 Uncommon trap: reason=class_check action=maybe_recompile pc=0x000002b49edbdb94 method=java.util.Collections$UnmodifiableCollection.size()I @ 4 c2
Event: 25.953 Thread 0x000002b491db2380 DEOPT PACKING pc=0x000002b49edbdb94 sp=0x000000db611fb390
Event: 25.953 Thread 0x000002b491db2380 DEOPT UNPACKING pc=0x000002b49e757aa2 sp=0x000000db611fb318 mode 2
Event: 25.957 Thread 0x000002b491db2380 Uncommon trap: trap_request=0xffffff45 fr.pc=0x000002b49ecc955c relative=0x000000000000019c
Event: 25.957 Thread 0x000002b491db2380 Uncommon trap: reason=unstable_if action=reinterpret pc=0x000002b49ecc955c method=java.util.HashMap.getNode(Ljava/lang/Object;)Ljava/util/HashMap$Node; @ 66 c2
Event: 25.957 Thread 0x000002b491db2380 DEOPT PACKING pc=0x000002b49ecc955c sp=0x000000db611fbfa0
Event: 25.957 Thread 0x000002b491db2380 DEOPT UNPACKING pc=0x000002b49e757aa2 sp=0x000000db611fbea8 mode 2
Event: 26.005 Thread 0x000002b491db2380 Uncommon trap: trap_request=0xffffff45 fr.pc=0x000002b49ecfbab4 relative=0x0000000000000274
Event: 26.005 Thread 0x000002b491db2380 Uncommon trap: reason=unstable_if action=reinterpret pc=0x000002b49ecfbab4 method=java.util.HashMap.hash(Ljava/lang/Object;)I @ 1 c2
Event: 26.005 Thread 0x000002b491db2380 DEOPT PACKING pc=0x000002b49ecfbab4 sp=0x000000db611fd5c0
Event: 26.005 Thread 0x000002b491db2380 DEOPT UNPACKING pc=0x000002b49e757aa2 sp=0x000000db611fd4b8 mode 2
Event: 26.005 Thread 0x000002b491db2380 Uncommon trap: trap_request=0xffffff45 fr.pc=0x000002b49ed177c8 relative=0x00000000000000a8
Event: 26.005 Thread 0x000002b491db2380 Uncommon trap: reason=unstable_if action=reinterpret pc=0x000002b49ed177c8 method=java.util.HashMap.hash(Ljava/lang/Object;)I @ 1 c2
Event: 26.005 Thread 0x000002b491db2380 DEOPT PACKING pc=0x000002b49ed177c8 sp=0x000000db611fd520
Event: 26.005 Thread 0x000002b491db2380 DEOPT UNPACKING pc=0x000002b49e757aa2 sp=0x000000db611fd4b8 mode 2

Classes loaded (20 events):
Event: 17.575 Loading class java/util/stream/ReferencePipeline$2
Event: 17.575 Loading class java/util/stream/ReferencePipeline$2 done
Event: 17.578 Loading class java/util/stream/ReferencePipeline$2$1
Event: 17.578 Loading class java/util/stream/ReferencePipeline$2$1 done
Event: 17.578 Loading class java/util/stream/IntPipeline$1$1
Event: 17.578 Loading class java/util/stream/Sink$ChainedInt
Event: 17.578 Loading class java/util/stream/Sink$OfInt
Event: 17.578 Loading class java/util/function/IntConsumer
Event: 17.578 Loading class java/util/function/IntConsumer done
Event: 17.579 Loading class java/util/stream/Sink$OfInt done
Event: 17.579 Loading class java/util/stream/Sink$ChainedInt done
Event: 17.579 Loading class java/util/stream/IntPipeline$1$1 done
Event: 18.620 Loading class java/util/ComparableTimSort
Event: 18.620 Loading class java/util/ComparableTimSort done
Event: 21.866 Loading class java/util/Collections$SingletonMap
Event: 21.867 Loading class java/util/Collections$SingletonMap done
Event: 21.995 Loading class java/security/CodeSigner
Event: 21.996 Loading class java/security/CodeSigner done
Event: 23.496 Loading class java/util/RegularEnumSet$EnumSetIterator
Event: 23.496 Loading class java/util/RegularEnumSet$EnumSetIterator done

Classes unloaded (0 events):
No events

Classes redefined (0 events):
No events

Internal exceptions (20 events):
Event: 13.716 Thread 0x000002b491db2380 Exception <a 'java/lang/NoSuchMethodError'{0x0000000085fef9f8}: 'java.lang.Object java.lang.invoke.DelegatingMethodHandle$Holder.reinvoke_L(java.lang.Object, java.lang.Object, java.lang.Object, java.lang.Object, java.lang.Object, java.lang.Object, java.lang.Object, java.lang.Object, java.lang.Object, java.lang.Object, java.lang.Object, java.lang.Object, java.lang.Object, java.lang.Object, java.lang.Object, java.lang.Object, java.lang.Object, java.lang.Object)'> (0x0000000085fef9f8) 
thrown [s\src\hotspot\s
Event: 13.769 Thread 0x000002b491db2380 Exception <a 'java/lang/NoSuchMethodError'{0x0000000085e77228}: 'java.lang.Object java.lang.invoke.DirectMethodHandle$Holder.newInvokeSpecial(java.lang.Object, java.lang.Object, java.lang.Object, java.lang.Object, java.lang.Object, java.lang.Object, java.lang.Object, java.lang.Object, java.lang.Object, java.lang.Object, java.lang.Object, java.lang.Object, java.lang.Object, java.lang.Object, java.lang.Object, java.lang.Object, java.lang.Object, java.lang.Object, java.lang.Object, java.lang.Object, java.lang
Event: 13.770 Thread 0x000002b491db2380 Exception <a 'java/lang/NoSuchMethodError'{0x0000000085e7e0e0}: 'java.lang.Object java.lang.invoke.DirectMethodHandle$Holder.invokeSpecial(java.lang.Object, java.lang.Object, java.lang.Object, java.lang.Object, java.lang.Object, java.lang.Object, java.lang.Object, java.lang.Object, java.lang.Object, java.lang.Object, java.lang.Object, java.lang.Object, java.lang.Object, java.lang.Object, java.lang.Object, java.lang.Object, java.lang.Object, java.lang.Object, java.lang.Object, java.lang.Object, java.lang.Ob
Event: 13.771 Thread 0x000002b491db2380 Exception <a 'java/lang/NoSuchMethodError'{0x0000000085e83858}: 'java.lang.Object java.lang.invoke.DelegatingMethodHandle$Holder.reinvoke_L(java.lang.Object, java.lang.Object, java.lang.Object, java.lang.Object, java.lang.Object, java.lang.Object, java.lang.Object, java.lang.Object, java.lang.Object, java.lang.Object, java.lang.Object, java.lang.Object, java.lang.Object, java.lang.Object, java.lang.Object, java.lang.Object, java.lang.Object, java.lang.Object, java.lang.Object, java.lang.Object, java.lang.O
Event: 13.802 Thread 0x000002b491db2380 Exception <a 'java/lang/NoSuchMethodError'{0x0000000085d529d0}: 'java.lang.Object java.lang.invoke.DirectMethodHandle$Holder.invokeStatic(java.lang.Object, java.lang.Object, java.lang.Object, java.lang.Object, java.lang.Object, java.lang.Object, java.lang.Object, java.lang.Object, java.lang.Object, java.lang.Object, java.lang.Object, java.lang.Object, java.lang.Object, java.lang.Object, java.lang.Object, java.lang.Object, java.lang.Object, java.lang.Object, java.lang.Object, java.lang.Object, java.lang.Obj
Event: 13.815 Thread 0x000002b491db2380 Exception <a 'java/lang/NoSuchMethodError'{0x0000000085d84fe0}: 'java.lang.Object java.lang.invoke.DirectMethodHandle$Holder.invokeStatic(java.lang.Object, java.lang.Object, java.lang.Object, java.lang.Object, java.lang.Object, java.lang.Object, java.lang.Object, java.lang.Object, java.lang.Object, java.lang.Object, java.lang.Object, java.lang.Object, java.lang.Object, java.lang.Object, java.lang.Object, java.lang.Object, java.lang.Object, java.lang.Object, java.lang.Object, java.lang.Object, java.lang.Obj
Event: 13.872 Thread 0x000002b491db2380 Exception <a 'java/lang/NoSuchMethodError'{0x0000000085df9a70}: 'java.lang.Object java.lang.invoke.DirectMethodHandle$Holder.newInvokeSpecial(java.lang.Object, java.lang.Object, java.lang.Object, java.lang.Object, java.lang.Object, java.lang.Object, java.lang.Object, java.lang.Object, java.lang.Object, java.lang.Object, java.lang.Object, java.lang.Object, java.lang.Object)'> (0x0000000085df9a70) 
thrown [s\src\hotspot\share\interpreter\linkResolver.cpp, line 784]
Event: 13.880 Thread 0x000002b491db2380 Exception <a 'java/lang/NoSuchMethodError'{0x0000000085dfea80}: 'java.lang.Object java.lang.invoke.DirectMethodHandle$Holder.invokeSpecial(java.lang.Object, java.lang.Object, java.lang.Object, java.lang.Object, java.lang.Object, java.lang.Object, java.lang.Object, java.lang.Object, java.lang.Object, java.lang.Object, java.lang.Object, java.lang.Object, java.lang.Object, java.lang.Object)'> (0x0000000085dfea80) 
thrown [s\src\hotspot\share\interpreter\linkResolver.cpp, line 784]
Event: 13.896 Thread 0x000002b491db2380 Exception <a 'java/lang/NoSuchMethodError'{0x000000008bb03240}: 'java.lang.Object java.lang.invoke.DelegatingMethodHandle$Holder.reinvoke_L(java.lang.Object, java.lang.Object, java.lang.Object, java.lang.Object, java.lang.Object, java.lang.Object, java.lang.Object, java.lang.Object, java.lang.Object, java.lang.Object, java.lang.Object, java.lang.Object, java.lang.Object)'> (0x000000008bb03240) 
thrown [s\src\hotspot\share\interpreter\linkResolver.cpp, line 784]
Event: 14.720 Thread 0x000002b491db2380 Exception <a 'java/lang/NoSuchMethodError'{0x0000000086af58d8}: 'java.lang.Object java.lang.invoke.Invokers$Holder.invokeExact_MT(java.lang.Object, java.lang.Object, long, java.lang.Object)'> (0x0000000086af58d8) 
thrown [s\src\hotspot\share\interpreter\linkResolver.cpp, line 784]
Event: 14.870 Thread 0x000002b491db2380 Exception <a 'java/lang/NoSuchMethodError'{0x0000000086837158}: 'java.lang.Object java.lang.invoke.DirectMethodHandle$Holder.newInvokeSpecial(java.lang.Object, java.lang.Object, int)'> (0x0000000086837158) 
thrown [s\src\hotspot\share\interpreter\linkResolver.cpp, line 784]
Event: 16.161 Thread 0x000002b491db2380 Exception <a 'java/lang/NoSuchMethodError'{0x000000008617cdd8}: 'java.lang.Object java.lang.invoke.DirectMethodHandle$Holder.newInvokeSpecial(java.lang.Object, java.lang.Object, java.lang.Object, int)'> (0x000000008617cdd8) 
thrown [s\src\hotspot\share\interpreter\linkResolver.cpp, line 784]
Event: 16.163 Thread 0x000002b491db2380 Exception <a 'java/lang/NoSuchMethodError'{0x0000000086180f18}: 'java.lang.Object java.lang.invoke.DirectMethodHandle$Holder.invokeSpecial(java.lang.Object, java.lang.Object, java.lang.Object, java.lang.Object, int)'> (0x0000000086180f18) 
thrown [s\src\hotspot\share\interpreter\linkResolver.cpp, line 784]
Event: 16.164 Thread 0x000002b491db2380 Exception <a 'java/lang/NoSuchMethodError'{0x0000000086184660}: 'java.lang.Object java.lang.invoke.Invokers$Holder.linkToTargetMethod(java.lang.Object, java.lang.Object, int, java.lang.Object)'> (0x0000000086184660) 
thrown [s\src\hotspot\share\interpreter\linkResolver.cpp, line 784]
Event: 17.568 Thread 0x000002b491db2380 Implicit null exception at 0x000002b49eee8e41 to 0x000002b49eee8fac
Event: 18.481 Thread 0x000002b491db2380 Implicit null exception at 0x000002b49eea1e17 to 0x000002b49eea72e0
Event: 21.102 Thread 0x000002b491db2380 Exception <a 'java/lang/NoSuchMethodError'{0x00000000872983b0}: 'java.lang.Object java.lang.invoke.DirectMethodHandle$Holder.newInvokeSpecial(java.lang.Object, int, java.lang.Object)'> (0x00000000872983b0) 
thrown [s\src\hotspot\share\interpreter\linkResolver.cpp, line 784]
Event: 23.471 Thread 0x000002b491db2380 Exception <a 'java/lang/NoSuchMethodError'{0x00000000885e2318}: 'java.lang.Object java.lang.invoke.DirectMethodHandle$Holder.invokeSpecial(java.lang.Object, java.lang.Object, java.lang.Object, java.lang.Object, java.lang.Object, java.lang.Object, int)'> (0x00000000885e2318) 
thrown [s\src\hotspot\share\interpreter\linkResolver.cpp, line 784]
Event: 26.005 Thread 0x000002b491db2380 Implicit null exception at 0x000002b49ecfb896 to 0x000002b49ecfba9c
Event: 26.005 Thread 0x000002b491db2380 Implicit null exception at 0x000002b49ed1773d to 0x000002b49ed177b9

ZGC Phase Switch (0 events):
No events

VM Operations (20 events):
Event: 24.565 Executing VM operation: G1CollectForAllocation (G1 Evacuation Pause)
Event: 24.617 Executing VM operation: G1CollectForAllocation (G1 Evacuation Pause) done
Event: 24.645 Executing VM operation: HandshakeAllThreads (Deoptimize)
Event: 24.645 Executing VM operation: HandshakeAllThreads (Deoptimize) done
Event: 24.649 Executing VM operation: HandshakeAllThreads (Deoptimize)
Event: 24.649 Executing VM operation: HandshakeAllThreads (Deoptimize) done
Event: 24.958 Executing VM operation: ICBufferFull
Event: 24.958 Executing VM operation: ICBufferFull done
Event: 25.364 Executing VM operation: ICBufferFull
Event: 25.365 Executing VM operation: ICBufferFull done
Event: 25.455 Executing VM operation: HandshakeAllThreads (Deoptimize)
Event: 25.455 Executing VM operation: HandshakeAllThreads (Deoptimize) done
Event: 25.460 Executing VM operation: HandshakeAllThreads (Deoptimize)
Event: 25.460 Executing VM operation: HandshakeAllThreads (Deoptimize) done
Event: 25.573 Executing VM operation: ICBufferFull
Event: 25.574 Executing VM operation: ICBufferFull done
Event: 25.902 Executing VM operation: ICBufferFull
Event: 25.902 Executing VM operation: ICBufferFull done
Event: 26.147 Executing VM operation: G1CollectForAllocation (G1 Evacuation Pause)
Event: 26.191 Executing VM operation: G1CollectForAllocation (G1 Evacuation Pause) done

Memory protections (0 events):
No events

Nmethod flushes (20 events):
Event: 19.664 Thread 0x000002b4aadc2650 flushing  nmethod 0x000002b4978e4010
Event: 19.664 Thread 0x000002b4aadc2650 flushing  nmethod 0x000002b497909f90
Event: 19.664 Thread 0x000002b4aadc2650 flushing  nmethod 0x000002b497929790
Event: 19.664 Thread 0x000002b4aadc2650 flushing osr nmethod 0x000002b497959490
Event: 19.664 Thread 0x000002b4aadc2650 flushing  nmethod 0x000002b497960a90
Event: 19.664 Thread 0x000002b4aadc2650 flushing  nmethod 0x000002b497974290
Event: 19.664 Thread 0x000002b4aadc2650 flushing  nmethod 0x000002b49797d690
Event: 19.664 Thread 0x000002b4aadc2650 flushing  nmethod 0x000002b49797fa10
Event: 19.664 Thread 0x000002b4aadc2650 flushing  nmethod 0x000002b497980790
Event: 19.664 Thread 0x000002b4aadc2650 flushing  nmethod 0x000002b497980f10
Event: 19.664 Thread 0x000002b4aadc2650 flushing  nmethod 0x000002b497981790
Event: 19.664 Thread 0x000002b4aadc2650 flushing  nmethod 0x000002b497981c10
Event: 19.664 Thread 0x000002b4aadc2650 flushing  nmethod 0x000002b497982110
Event: 19.664 Thread 0x000002b4aadc2650 flushing  nmethod 0x000002b497983d90
Event: 19.664 Thread 0x000002b4aadc2650 flushing  nmethod 0x000002b497985110
Event: 19.664 Thread 0x000002b4aadc2650 flushing  nmethod 0x000002b497985490
Event: 19.664 Thread 0x000002b4aadc2650 flushing  nmethod 0x000002b49798a310
Event: 19.664 Thread 0x000002b4aadc2650 flushing  nmethod 0x000002b497993710
Event: 19.664 Thread 0x000002b4aadc2650 flushing  nmethod 0x000002b497993b10
Event: 19.664 Thread 0x000002b4aadc2650 flushing  nmethod 0x000002b497995d90

Events (20 events):
Event: 0.392 Thread 0x000002b491db2380 Thread added: 0x000002b4af06ecb0
Event: 0.392 Thread 0x000002b491db2380 Thread added: 0x000002b4af0897b0
Event: 0.393 Thread 0x000002b491db2380 Thread added: 0x000002b4af072260
Event: 0.393 Thread 0x000002b491db2380 Thread added: 0x000002b4af08e680
Event: 0.645 Thread 0x000002b491db2380 Thread added: 0x000002b4af22f350
Event: 0.697 Loaded shared library C:\Program Files\Android\Android Studio\jbr\bin\net.dll
Event: 0.707 Loaded shared library C:\Program Files\Android\Android Studio\jbr\bin\nio.dll
Event: 0.781 Thread 0x000002b4af072260 Thread added: 0x000002b4af26eac0
Event: 0.825 Loaded shared library C:\Program Files\Android\Android Studio\jbr\bin\zip.dll
Event: 0.955 Loaded shared library C:\Program Files\Android\Android Studio\jbr\bin\jimage.dll
Event: 1.056 Thread 0x000002b4af26eac0 Thread exited: 0x000002b4af26eac0
Event: 1.489 Thread 0x000002b4af072260 Thread added: 0x000002b4af59ef60
Event: 1.623 Thread 0x000002b4af59ef60 Thread exited: 0x000002b4af59ef60
Event: 4.598 Thread 0x000002b4af072260 Thread added: 0x000002b4afb66ed0
Event: 4.781 Thread 0x000002b4afb66ed0 Thread exited: 0x000002b4afb66ed0
Event: 7.814 Thread 0x000002b4af072260 Thread added: 0x000002b4b1055d70
Event: 8.046 Thread 0x000002b4b1055d70 Thread exited: 0x000002b4b1055d70
Event: 8.243 Thread 0x000002b4af08e680 Thread added: 0x000002b4b1055d70
Event: 9.667 Thread 0x000002b4b1055d70 Thread exited: 0x000002b4b1055d70
Event: 12.844 Thread 0x000002b4af08e680 Thread added: 0x000002b4b015f4f0


Dynamic libraries:
0x00007ff7aab80000 - 0x00007ff7aab8a000 	C:\Program Files\Android\Android Studio\jbr\bin\java.exe
0x00007ff8d2f80000 - 0x00007ff8d31e7000 	C:\WINDOWS\SYSTEM32\ntdll.dll
0x00007ff8d19f0000 - 0x00007ff8d1ab9000 	C:\WINDOWS\System32\KERNEL32.DLL
0x00007ff8d0710000 - 0x00007ff8d0b01000 	C:\WINDOWS\System32\KERNELBASE.dll
0x00007ff8cfbf0000 - 0x00007ff8cfd3b000 	C:\WINDOWS\System32\ucrtbase.dll
0x00007ff8bbd00000 - 0x00007ff8bbd18000 	C:\Program Files\Android\Android Studio\jbr\bin\jli.dll
0x00007ff8c29d0000 - 0x00007ff8c29eb000 	C:\Program Files\Android\Android Studio\jbr\bin\VCRUNTIME140.dll
0x00007ff8d2c00000 - 0x00007ff8d2dc5000 	C:\WINDOWS\System32\USER32.dll
0x00007ff8cfd40000 - 0x00007ff8cfd67000 	C:\WINDOWS\System32\win32u.dll
0x00007ff8be220000 - 0x00007ff8be4b3000 	C:\WINDOWS\WinSxS\amd64_microsoft.windows.common-controls_6595b64144ccf1df_6.0.26100.8037_none_3e092faae333b53b\COMCTL32.dll
0x00007ff8d1440000 - 0x00007ff8d14e9000 	C:\WINDOWS\System32\msvcrt.dll
0x00007ff8d1b80000 - 0x00007ff8d1bab000 	C:\WINDOWS\System32\GDI32.dll
0x00007ff8cfd70000 - 0x00007ff8cfe9b000 	C:\WINDOWS\System32\gdi32full.dll
0x00007ff8cfb40000 - 0x00007ff8cfbe3000 	C:\WINDOWS\System32\msvcp_win.dll
0x00007ff8d1870000 - 0x00007ff8d18a1000 	C:\WINDOWS\System32\IMM32.DLL
0x00007ff8ca920000 - 0x00007ff8ca92c000 	C:\Program Files\Android\Android Studio\jbr\bin\vcruntime140_1.dll
0x00007ff89b710000 - 0x00007ff89b79d000 	C:\Program Files\Android\Android Studio\jbr\bin\msvcp140.dll
0x00007ff84e070000 - 0x00007ff84ed06000 	C:\Program Files\Android\Android Studio\jbr\bin\server\jvm.dll
0x00007ff8d17b0000 - 0x00007ff8d186b000 	C:\WINDOWS\System32\ADVAPI32.dll
0x00007ff8d2570000 - 0x00007ff8d2617000 	C:\WINDOWS\System32\sechost.dll
0x00007ff8d14f0000 - 0x00007ff8d1608000 	C:\WINDOWS\System32\RPCRT4.dll
0x00007ff8d1c40000 - 0x00007ff8d1cb4000 	C:\WINDOWS\System32\WS2_32.dll
0x00007ff8cf6e0000 - 0x00007ff8cf73e000 	C:\WINDOWS\SYSTEM32\POWRPROF.dll
0x00007ff8bc620000 - 0x00007ff8bc655000 	C:\WINDOWS\SYSTEM32\WINMM.dll
0x00007ff8c17d0000 - 0x00007ff8c17db000 	C:\WINDOWS\SYSTEM32\VERSION.dll
0x00007ff8cf6c0000 - 0x00007ff8cf6d4000 	C:\WINDOWS\SYSTEM32\UMPDC.dll
0x00007ff8ce5b0000 - 0x00007ff8ce5cb000 	C:\WINDOWS\SYSTEM32\kernel.appcore.dll
0x00007ff8c28f0000 - 0x00007ff8c28fa000 	C:\Program Files\Android\Android Studio\jbr\bin\jimage.dll
0x00007ff8cd950000 - 0x00007ff8cdb92000 	C:\WINDOWS\SYSTEM32\DBGHELP.DLL
0x00007ff8d0d50000 - 0x00007ff8d10d2000 	C:\WINDOWS\System32\combase.dll
0x00007ff8d1d20000 - 0x00007ff8d1df7000 	C:\WINDOWS\System32\OLEAUT32.dll
0x00007ff8b7070000 - 0x00007ff8b70ab000 	C:\WINDOWS\SYSTEM32\dbgcore.DLL
0x00007ff8cf860000 - 0x00007ff8cf905000 	C:\WINDOWS\System32\bcryptPrimitives.dll
0x00007ff8c28d0000 - 0x00007ff8c28f0000 	C:\Program Files\Android\Android Studio\jbr\bin\java.dll
0x00007ff8c2840000 - 0x00007ff8c2858000 	C:\Program Files\Android\Android Studio\jbr\bin\zip.dll
0x00007ff8d1e00000 - 0x00007ff8d255f000 	C:\WINDOWS\System32\SHELL32.dll
0x00007ff8cf9d0000 - 0x00007ff8cfb3a000 	C:\WINDOWS\System32\wintypes.dll
0x00007ff8cfea0000 - 0x00007ff8d0704000 	C:\WINDOWS\System32\windows.storage.dll
0x00007ff8d2ab0000 - 0x00007ff8d2ba7000 	C:\WINDOWS\System32\SHCORE.dll
0x00007ff8d2e50000 - 0x00007ff8d2eb7000 	C:\WINDOWS\System32\shlwapi.dll
0x00007ff8cf780000 - 0x00007ff8cf7a9000 	C:\WINDOWS\SYSTEM32\profapi.dll
0x00007ff8c28c0000 - 0x00007ff8c28d0000 	C:\Program Files\Android\Android Studio\jbr\bin\net.dll
0x00007ff8c2160000 - 0x00007ff8c2287000 	C:\WINDOWS\SYSTEM32\WINHTTP.dll
0x00007ff8ceb00000 - 0x00007ff8ceb6b000 	C:\WINDOWS\system32\mswsock.dll
0x00007ff8bde80000 - 0x00007ff8bde96000 	C:\Program Files\Android\Android Studio\jbr\bin\nio.dll
0x00007ff8bbd20000 - 0x00007ff8bbd30000 	C:\Program Files\Android\Android Studio\jbr\bin\verify.dll

JVMTI agents: none

dbghelp: loaded successfully - version: 4.0.5 - missing functions: none
symbol engine: initialized successfully - sym options: 0x614 - pdb path: .;C:\Program Files\Android\Android Studio\jbr\bin;C:\WINDOWS\SYSTEM32;C:\WINDOWS\WinSxS\amd64_microsoft.windows.common-controls_6595b64144ccf1df_6.0.26100.8037_none_3e092faae333b53b;C:\Program Files\Android\Android Studio\jbr\bin\server

VM Arguments:
java_command: org.jetbrains.kotlin.cli.jvm.K2JVMCompiler @D:\PROJECT DAN REFERENSI\PROJECT MOBILE APPS\MedanSafe\app\build\20260418_7314023684275617504.compiler.options
java_class_path (initial): C:\Users\MyBook Hype\.gradle\caches\modules-2\files-2.1\org.jetbrains.kotlin\kotlin-compiler-embeddable\1.9.0\2c8c3a7402becca891f12739b3e9fd2dc2adbd7a\kotlin-compiler-embeddable-1.9.0.jar;C:\Users\MyBook Hype\.gradle\caches\modules-2\files-2.1\org.jetbrains.kotlin\kotlin-stdlib\1.9.0\8ee15ef0c67dc83d874f412d84378d7f0eb50b63\kotlin-stdlib-1.9.0.jar;C:\Users\MyBook Hype\.gradle\caches\modules-2\files-2.1\org.jetbrains.kotlin\kotlin-script-runtime\1.9.0\4b3102cbbb7e1b58d9d1adf89563f00069ffa7d1\kotlin-script-runtime-1.9.0.jar;C:\Users\MyBook Hype\.gradle\caches\modules-2\files-2.1\org.jetbrains.kotlin\kotlin-reflect\1.6.10\1cbe9c92c12a94eea200d23c2bbaedaf3daf5132\kotlin-reflect-1.6.10.jar;C:\Users\MyBook Hype\.gradle\caches\modules-2\files-2.1\org.jetbrains.kotlin\kotlin-daemon-embeddable\1.9.0\186543f5e28cf8d9a0290fecc2cf34301c40a65c\kotlin-daemon-embeddable-1.9.0.jar;C:\Users\MyBook Hype\.gradle\caches\modules-2\files-2.1\org.jetbrains.intellij.deps\trove4j\1.0.20200330\3afb14d5f9ceb459d724e907a21145e8ff394f02\trove4j-1.0.20200330.jar;C:\Users\MyBook Hype\.gradle\caches\modules-2\files-2.1\org.jetbrains.kotlin\kotlin-stdlib-common\1.9.0\cd65c21cfd1eec4d44ef09f9f52b6d9f8a720636\kotlin-stdlib-common-1.9.0.jar;C:\Users\MyBook Hype\.gradle\caches\modules-2\files-2.1\org.jetbrains\annotations\13.0\919f0dfe192fb4e063e7dacadee7f8bb9a2672a9\annotations-13.0.jar
Launcher Type: SUN_STANDARD

[Global flags]
     intx CICompilerCount                          = 3                                         {product} {ergonomic}
     uint ConcGCThreads                            = 1                                         {product} {ergonomic}
     uint G1ConcRefinementThreads                  = 4                                         {product} {ergonomic}
   size_t G1HeapRegionSize                         = 1048576                                   {product} {ergonomic}
    uintx GCDrainStackTargetSize                   = 64                                        {product} {ergonomic}
   size_t InitialHeapSize                          = 130023424                                 {product} {ergonomic}
   size_t MarkStackSize                            = 4194304                                   {product} {ergonomic}
   size_t MaxHeapSize                              = 2080374784                                {product} {ergonomic}
   size_t MaxNewSize                               = 1247805440                                {product} {ergonomic}
   size_t MinHeapDeltaBytes                        = 1048576                                   {product} {ergonomic}
   size_t MinHeapSize                              = 8388608                                   {product} {ergonomic}
    uintx NonNMethodCodeHeapSize                   = 5832780                                {pd product} {ergonomic}
    uintx NonProfiledCodeHeapSize                  = 122912730                              {pd product} {ergonomic}
    uintx ProfiledCodeHeapSize                     = 122912730                              {pd product} {ergonomic}
    uintx ReservedCodeCacheSize                    = 251658240                              {pd product} {ergonomic}
     bool SegmentedCodeCache                       = true                                      {product} {ergonomic}
   size_t SoftMaxHeapSize                          = 2080374784                             {manageable} {ergonomic}
     bool UseCompressedOops                        = true                           {product lp64_product} {ergonomic}
     bool UseG1GC                                  = true                                      {product} {ergonomic}
     bool UseLargePagesIndividualAllocation        = false                                  {pd product} {ergonomic}

Logging:
Log output configuration:
 #0: stdout all=warning uptime,level,tags foldmultilines=false
 #1: stderr all=off uptime,level,tags foldmultilines=false

Release file:
JAVA_VERSION="21.0.9" 
MODULES="java.base java.compiler java.datatransfer java.xml java.prefs java.desktop java.instrument java.logging java.management java.security.sasl java.naming java.rmi java.management.rmi java.net.http java.scripting java.security.jgss java.transaction.xa java.sql java.sql.rowset java.xml.crypto java.se java.smartcardio jdk.accessibility jdk.internal.jvmstat jdk.attach jdk.charsets jdk.internal.opt jdk.zipfs jdk.compiler jdk.crypto.ec jdk.crypto.cryptoki jdk.dynalink jdk.hotspot.agent jdk.httpserver jdk.internal.ed jdk.internal.le jdk.internal.vm.ci jdk.jartool jdk.javadoc jdk.jcmd jdk.jdeps jdk.jdwp.agent jdk.jdi jdk.jfr jdk.jlink jdk.jsobject jdk.localedata jdk.management jdk.management.agent jdk.management.jfr jdk.naming.dns jdk.naming.rmi jdk.net jdk.sctp jdk.security.auth jdk.security.jgss jdk.unsupported jdk.unsupported.desktop jdk.xml.dom" 
IMPLEMENTOR="JetBrains s.r.o." 
JAVA_RUNTIME_VERSION="21.0.9+-14787801-b1163.94" 
LIBC="default" 
OS_ARCH="x86_64" 
OS_NAME="Windows" 
SOURCE=".:git:0c757ddc9f2f" 

Environment Variables:
PATH=C:\Program Files\Eclipse Adoptium\jdk-17.0.18.8-hotspot\bin;C:\Program Files\Eclipse Adoptium\jre-17.0.8.101-hotspot\bin;C:\WINDOWS\system32;C:\WINDOWS;C:\WINDOWS\System32\Wbem;C:\WINDOWS\System32\WindowsPowerShell\v1.0\;C:\WINDOWS\System32\OpenSSH\;C:\Program Files (x86)\Microsoft ASP.NET\ASP.NET Web Pages\v1.0\;C:\Program Files\Microsoft SQL Server\110\Tools\Binn\;C:\Program Files\Microsoft SQL Server\150\Tools\Binn\;C:\Program Files (x86)\Windows Kits\8.0\Windows Performance Toolkit\;C:\wamp64\bin\php\php7.4.33;C:\ProgramData\ComposerSetup\bin;C:\Program Files\nodejs\;C:\Program Files\Git\cmd;C:\Program Files\dotnet\;D:\kotlin\kotlin-compiler-2.3.10\kotlinc\bin;C:\Users\MyBook Hype\AppData\Local\Programs\Python\Python311\Scripts\;C:\Users\MyBook Hype\AppData\Local\Programs\Python\Python311\;C:\Users\MyBook Hype\AppData\Local\Programs\Python\Python313\Scripts\;C:\Users\MyBook Hype\AppData\Local\Programs\Python\Python313\;C:\Users\MyBook Hype\AppData\Local\Programs\Python\Launcher\;C:\Users\MyBook Hype\AppData\Local\Microsoft\WindowsApps;C:\Users\MyBook Hype\AppData\Local\Programs\Microsoft VS Code\bin;C:\Program Files\nodejs\;C:\ProgramData\johanns\GitHubDesktop\bin;C:\Users\MyBook Hype\AppData\Roaming\npm;C:\Users\MyBook Hype\.bun\bin;C:\Users\MyBook Hype\AppData\Local\ComposerSetup\bin;C:\Users\MyBook Hype\AppData\Roaming\Composer\vendor\bin;C:\Users\MyBook Hype\.dotnet\tools;C:\Users\MyBook Hype\AppData\Local\Microsoft\WindowsApps;
USERNAME=johanns
OS=Windows_NT
PROCESSOR_IDENTIFIER=Intel64 Family 6 Model 126 Stepping 5, GenuineIntel
TMP=C:\Users\MYBOOK~1\AppData\Local\Temp
TEMP=C:\Users\MYBOOK~1\AppData\Local\Temp




Periodic native trim disabled

JNI global refs:
JNI global refs: 11, weak refs: 5

JNI global refs memory usage: 835, weak refs: 833

Process memory usage:
Resident Set Size: 267316K (3% of 8121160K total physical memory with 1003580K free physical memory)

OOME stack traces (most recent first):
Classloader memory used:
Loader jdk.internal.loader.ClassLoaders$AppClassLoader                                 : 47445K
Loader bootstrap                                                                       : 12912K
Loader java.net.URLClassLoader                                                         : 98216B

---------------  S Y S T E M  ---------------

OS:
 Windows 11 , 64 bit Build 26100 (10.0.26100.7920)
OS uptime: 0 days 11:25 hours
Hyper-V role detected

CPU: total 4 (initial active 4) (2 cores per cpu, 2 threads per core) family 6 model 126 stepping 5 microcode 0xbc, cx8, cmov, fxsr, ht, mmx, 3dnowpref, sse, sse2, sse3, ssse3, sse4.1, sse4.2, popcnt, lzcnt, tsc, tscinvbit, avx, avx2, aes, erms, clmul, bmi1, bmi2, adx, avx512f, avx512dq, avx512cd, avx512bw, avx512vl, sha, fma, vzeroupper, avx512_vpopcntdq, avx512_vpclmulqdq, avx512_vaes, avx512_vnni, clflush, clflushopt, avx512_vbmi2, avx512_vbmi, hv, rdtscp, rdpid, fsrm, gfni, avx512_bitalg, f16c, avx512_ifma
Processor Information for the first 4 processors :
  Max Mhz: 1190, Current Mhz: 1190, Mhz Limit: 1190

Memory: 4k page, system-wide physical 7930M (979M free)
TotalPageFile size 12026M (AvailPageFile size 18M)
current process WorkingSet (physical memory assigned to process): 261M, peak: 267M
current process commit charge ("private bytes"): 286M, peak: 298M

vm_info: OpenJDK 64-Bit Server VM (21.0.9+-14787801-b1163.94) for windows-amd64 JRE (21.0.9+-14787801-b1163.94), built on 2026-01-27T21:15:44Z by "builder" with MS VC++ 16.10 / 16.11 (VS2019)

END.
