#
# There is insufficient memory for the Java Runtime Environment to continue.
# Native memory allocation (malloc) failed to allocate 2679856 bytes. Error detail: Chunk::new
# Possible reasons:
#   The system is out of physical RAM or swap space
#   This process is running with CompressedOops enabled, and the Java Heap may be blocking the growth of the native heap
# Possible solutions:
#   Reduce memory load on the system
#   Increase physical memory or swap space
#   Check if swap backing store is full
#   Decrease Java heap size (-Xmx/-Xms)
#   Decrease number of Java threads
#   Decrease Java thread stack sizes (-Xss)
#   Set larger code cache with -XX:ReservedCodeCacheSize=
#   JVM is running with Unscaled Compressed Oops mode in which the Java heap is
#     placed in the first 4GB address space. The Java Heap base address is the
#     maximum limit for the native heap growth. Please use -XX:HeapBaseMinAddress
#     to set the Java Heap base and to place the Java Heap above 4GB virtual address.
# This output file may be truncated or incomplete.
#
#  Out of Memory Error (arena.cpp:168), pid=12568, tid=4144
#
# JRE version: OpenJDK Runtime Environment (21.0.9) (build 21.0.9+-14787801-b1163.94)
# Java VM: OpenJDK 64-Bit Server VM (21.0.9+-14787801-b1163.94, mixed mode, tiered, compressed oops, compressed class ptrs, g1 gc, windows-amd64)
# No core dump will be written. Minidumps are not enabled by default on client versions of Windows
#

---------------  S U M M A R Y ------------

Command Line: org.jetbrains.kotlin.cli.jvm.K2JVMCompiler @D:\PROJECT DAN REFERENSI\PROJECT MOBILE APPS\MedanSafe\app\build\20260413_7356235608358411053.compiler.options

Host: Intel(R) Core(TM) i3-1005G1 CPU @ 1.20GHz, 4 cores, 7G,  Windows 11 , 64 bit Build 26100 (10.0.26100.7920)
Time: Mon Apr 13 17:35:47 2026 SE Asia Standard Time elapsed time: 28.893115 seconds (0d 0h 0m 28s)

---------------  T H R E A D  ---------------

Current thread (0x0000021494525880):  JavaThread "C2 CompilerThread1" daemon [_thread_in_native, id=4144, stack(0x000000c105400000,0x000000c105500000) (1024K)]


Current CompileTask:
C2:28893 11015       4       org.jetbrains.kotlin.descriptors.impl.FunctionDescriptorImpl::doSubstitute (1003 bytes)

Stack: [0x000000c105400000,0x000000c105500000]
Native frames: (J=compiled Java code, j=interpreted, Vv=VM code, C=native code)
V  [jvm.dll+0x6d6c99]
V  [jvm.dll+0x866b83]
V  [jvm.dll+0x8691ae]
V  [jvm.dll+0x869893]
V  [jvm.dll+0x280776]
V  [jvm.dll+0xc07cd]
V  [jvm.dll+0xc0d03]
V  [jvm.dll+0x3b9831]
V  [jvm.dll+0x3856a7]
V  [jvm.dll+0x384b1a]
V  [jvm.dll+0x249462]
V  [jvm.dll+0x248a31]
V  [jvm.dll+0x1c7344]
V  [jvm.dll+0x2581ae]
V  [jvm.dll+0x2566f6]
V  [jvm.dll+0x3f48a6]
V  [jvm.dll+0x80f118]
V  [jvm.dll+0x6d54ed]
C  [ucrtbase.dll+0x37b0]
C  [KERNEL32.DLL+0x2e8d7]
C  [ntdll.dll+0x8c48c]


---------------  P R O C E S S  ---------------

Threads class SMR info:
_java_thread_list=0x000002149615e110, length=12, elements={
0x00000214f1872d00, 0x0000021493044ba0, 0x0000021493046e00, 0x0000021493047860,
0x0000021493076350, 0x0000021493076db0, 0x0000021493080850, 0x0000021493065390,
0x00000214930668a0, 0x000002149306cb20, 0x0000021493222c00, 0x0000021494525880
}

Java Threads: ( => current thread )
  0x00000214f1872d00 JavaThread "main"                              [_thread_in_vm, id=11672, stack(0x000000c103f00000,0x000000c104000000) (1024K)]
  0x0000021493044ba0 JavaThread "Common-Cleaner"             daemon [_thread_blocked, id=12244, stack(0x000000c104700000,0x000000c104800000) (1024K)]
  0x0000021493046e00 JavaThread "Reference Handler"          daemon [_thread_blocked, id=1108, stack(0x000000c104800000,0x000000c104900000) (1024K)]
  0x0000021493047860 JavaThread "Finalizer"                  daemon [_thread_blocked, id=14104, stack(0x000000c104900000,0x000000c104a00000) (1024K)]
  0x0000021493076350 JavaThread "Signal Dispatcher"          daemon [_thread_blocked, id=13204, stack(0x000000c104a00000,0x000000c104b00000) (1024K)]
  0x0000021493076db0 JavaThread "Attach Listener"            daemon [_thread_blocked, id=11776, stack(0x000000c104b00000,0x000000c104c00000) (1024K)]
  0x0000021493080850 JavaThread "Service Thread"             daemon [_thread_blocked, id=13800, stack(0x000000c104c00000,0x000000c104d00000) (1024K)]
  0x0000021493065390 JavaThread "Monitor Deflation Thread"   daemon [_thread_blocked, id=2696, stack(0x000000c104d00000,0x000000c104e00000) (1024K)]
  0x00000214930668a0 JavaThread "C2 CompilerThread0"         daemon [_thread_in_native, id=1280, stack(0x000000c104e00000,0x000000c104f00000) (1024K)]
  0x000002149306cb20 JavaThread "C1 CompilerThread0"         daemon [_thread_in_vm, id=1352, stack(0x000000c104f00000,0x000000c105000000) (1024K)]
  0x0000021493222c00 JavaThread "Notification Thread"        daemon [_thread_blocked, id=7316, stack(0x000000c105000000,0x000000c105100000) (1024K)]
=>0x0000021494525880 JavaThread "C2 CompilerThread1"         daemon [_thread_in_native, id=4144, stack(0x000000c105400000,0x000000c105500000) (1024K)]
Total: 12

Other Threads:
  0x00000214fba41a80 VMThread "VM Thread"                           [id=11064, stack(0x000000c104600000,0x000000c104700000) (1024K)]
  0x00000214fb9e4ed0 WatcherThread "VM Periodic Task Thread"        [id=14132, stack(0x000000c104500000,0x000000c104600000) (1024K)]
  0x00000214f3d7d3d0 WorkerThread "GC Thread#0"                     [id=4552, stack(0x000000c104000000,0x000000c104100000) (1024K)]
  0x000002149374b1b0 WorkerThread "GC Thread#1"                     [id=1980, stack(0x000000c105100000,0x000000c105200000) (1024K)]
  0x000002149378e510 WorkerThread "GC Thread#2"                     [id=1748, stack(0x000000c105200000,0x000000c105300000) (1024K)]
  0x000002149378e8b0 WorkerThread "GC Thread#3"                     [id=9100, stack(0x000000c105300000,0x000000c105400000) (1024K)]
  0x00000214f3d8dc20 ConcurrentGCThread "G1 Main Marker"            [id=1616, stack(0x000000c104100000,0x000000c104200000) (1024K)]
  0x00000214f3d901c0 WorkerThread "G1 Conc#0"                       [id=6932, stack(0x000000c104200000,0x000000c104300000) (1024K)]
  0x00000214fb8b34e0 ConcurrentGCThread "G1 Refine#0"               [id=300, stack(0x000000c104300000,0x000000c104400000) (1024K)]
  0x00000214f3dee280 ConcurrentGCThread "G1 Service"                [id=8956, stack(0x000000c104400000,0x000000c104500000) (1024K)]
Total: 10

Threads with active compile tasks:
C2 CompilerThread0  28986 11191       4       org.jetbrains.kotlin.types.TypeSubstitutor::unsafeSubstitute (793 bytes)
C1 CompilerThread0  28986 11310       2       org.jetbrains.kotlin.resolve.checkers.PrimitiveNumericComparisonCallChecker::check (148 bytes)
C2 CompilerThread1  28986 11015       4       org.jetbrains.kotlin.descriptors.impl.FunctionDescriptorImpl::doSubstitute (1003 bytes)
Total: 3

VM state: not at safepoint (normal execution)

VM Mutex/Monitor currently owned by a thread: None

Heap address: 0x0000000084000000, size: 1984 MB, Compressed Oops mode: 32-bit

CDS archive(s) not mapped
Compressed class space mapped at: 0x0000000100000000-0x0000000140000000, reserved size: 1073741824
Narrow klass base: 0x0000000000000000, Narrow klass shift: 3, Narrow klass range: 0x140000000

GC Precious Log:
 CardTable entry size: 512
 Card Set container configuration: InlinePtr #cards 5 size 8 Array Of Cards #cards 12 size 40 Howl #buckets 4 coarsen threshold 1843 Howl Bitmap #cards 512 size 80 coarsen threshold 460 Card regions per heap region 1 cards per card region 2048
 CPUs: 4 total, 4 available
 Memory: 7930M
 Large Page Support: Disabled
 NUMA Support: Disabled
 Compressed Oops: Enabled (32-bit)
 Heap Region Size: 1M
 Heap Min Capacity: 8M
 Heap Initial Capacity: 124M
 Heap Max Capacity: 1984M
 Pre-touch: Disabled
 Parallel Workers: 4
 Concurrent Workers: 1
 Concurrent Refinement Workers: 4
 Periodic GC: Disabled

Heap:
 garbage-first heap   total 147456K, used 85540K [0x0000000084000000, 0x0000000100000000)
  region size 1024K, 23 young (23552K), 8 survivors (8192K)
 Metaspace       used 70654K, committed 71424K, reserved 1114112K
  class space    used 8271K, committed 8640K, reserved 1048576K

Heap Regions: E=young(eden), S=young(survivor), O=old, HS=humongous(starts), HC=humongous(continues), CS=collection set, F=free, TAMS=top-at-mark-start, PB=parsable bottom
|   0|0x0000000084000000, 0x0000000084100000, 0x0000000084100000|100%|HS|  |TAMS 0x0000000084000000| PB 0x0000000084000000| Complete 
|   1|0x0000000084100000, 0x0000000084200000, 0x0000000084200000|100%|HC|  |TAMS 0x0000000084100000| PB 0x0000000084100000| Complete 
|   2|0x0000000084200000, 0x0000000084300000, 0x0000000084300000|100%|HC|  |TAMS 0x0000000084200000| PB 0x0000000084200000| Complete 
|   3|0x0000000084300000, 0x0000000084400000, 0x0000000084400000|100%|HC|  |TAMS 0x0000000084300000| PB 0x0000000084300000| Complete 
|   4|0x0000000084400000, 0x0000000084500000, 0x0000000084500000|100%| O|  |TAMS 0x0000000084400000| PB 0x0000000084400000| Untracked 
|   5|0x0000000084500000, 0x0000000084600000, 0x0000000084600000|100%| O|  |TAMS 0x0000000084500000| PB 0x0000000084500000| Untracked 
|   6|0x0000000084600000, 0x0000000084700000, 0x0000000084700000|100%| O|  |TAMS 0x0000000084600000| PB 0x0000000084600000| Untracked 
|   7|0x0000000084700000, 0x0000000084800000, 0x0000000084800000|100%| O|  |TAMS 0x0000000084700000| PB 0x0000000084700000| Untracked 
|   8|0x0000000084800000, 0x0000000084900000, 0x0000000084900000|100%| O|  |TAMS 0x0000000084800000| PB 0x0000000084800000| Untracked 
|   9|0x0000000084900000, 0x0000000084a00000, 0x0000000084a00000|100%| O|  |TAMS 0x0000000084900000| PB 0x0000000084900000| Untracked 
|  10|0x0000000084a00000, 0x0000000084b00000, 0x0000000084b00000|100%| O|  |TAMS 0x0000000084a00000| PB 0x0000000084a00000| Untracked 
|  11|0x0000000084b00000, 0x0000000084c00000, 0x0000000084c00000|100%| O|  |TAMS 0x0000000084b00000| PB 0x0000000084b00000| Untracked 
|  12|0x0000000084c00000, 0x0000000084d00000, 0x0000000084d00000|100%| O|  |TAMS 0x0000000084c00000| PB 0x0000000084c00000| Untracked 
|  13|0x0000000084d00000, 0x0000000084e00000, 0x0000000084e00000|100%| O|  |TAMS 0x0000000084d00000| PB 0x0000000084d00000| Untracked 
|  14|0x0000000084e00000, 0x0000000084f00000, 0x0000000084f00000|100%| O|  |TAMS 0x0000000084e00000| PB 0x0000000084e00000| Untracked 
|  15|0x0000000084f00000, 0x0000000085000000, 0x0000000085000000|100%| O|  |TAMS 0x0000000084f00000| PB 0x0000000084f00000| Untracked 
|  16|0x0000000085000000, 0x0000000085100000, 0x0000000085100000|100%| O|  |TAMS 0x0000000085000000| PB 0x0000000085000000| Untracked 
|  17|0x0000000085100000, 0x0000000085200000, 0x0000000085200000|100%| O|  |TAMS 0x0000000085100000| PB 0x0000000085100000| Untracked 
|  18|0x0000000085200000, 0x0000000085300000, 0x0000000085300000|100%| O|  |TAMS 0x0000000085200000| PB 0x0000000085200000| Untracked 
|  19|0x0000000085300000, 0x0000000085400000, 0x0000000085400000|100%| O|  |TAMS 0x0000000085300000| PB 0x0000000085300000| Untracked 
|  20|0x0000000085400000, 0x0000000085500000, 0x0000000085500000|100%| O|  |TAMS 0x0000000085400000| PB 0x0000000085400000| Untracked 
|  21|0x0000000085500000, 0x0000000085600000, 0x0000000085600000|100%| O|  |TAMS 0x0000000085500000| PB 0x0000000085500000| Untracked 
|  22|0x0000000085600000, 0x0000000085700000, 0x0000000085700000|100%| O|  |TAMS 0x0000000085600000| PB 0x0000000085600000| Untracked 
|  23|0x0000000085700000, 0x0000000085800000, 0x0000000085800000|100%|HS|  |TAMS 0x0000000085700000| PB 0x0000000085700000| Complete 
|  24|0x0000000085800000, 0x0000000085900000, 0x0000000085900000|100%|HC|  |TAMS 0x0000000085800000| PB 0x0000000085800000| Complete 
|  25|0x0000000085900000, 0x0000000085a00000, 0x0000000085a00000|100%| O|  |TAMS 0x0000000085900000| PB 0x0000000085900000| Untracked 
|  26|0x0000000085a00000, 0x0000000085b00000, 0x0000000085b00000|100%| O|  |TAMS 0x0000000085a00000| PB 0x0000000085a00000| Untracked 
|  27|0x0000000085b00000, 0x0000000085c00000, 0x0000000085c00000|100%| O|  |TAMS 0x0000000085b00000| PB 0x0000000085b00000| Untracked 
|  28|0x0000000085c00000, 0x0000000085d00000, 0x0000000085d00000|100%| O|  |TAMS 0x0000000085c00000| PB 0x0000000085c00000| Untracked 
|  29|0x0000000085d00000, 0x0000000085e00000, 0x0000000085e00000|100%| O|  |TAMS 0x0000000085d00000| PB 0x0000000085d00000| Untracked 
|  30|0x0000000085e00000, 0x0000000085f00000, 0x0000000085f00000|100%| O|  |TAMS 0x0000000085e00000| PB 0x0000000085e00000| Untracked 
|  31|0x0000000085f00000, 0x0000000086000000, 0x0000000086000000|100%| O|  |TAMS 0x0000000085f00000| PB 0x0000000085f00000| Untracked 
|  32|0x0000000086000000, 0x0000000086100000, 0x0000000086100000|100%| O|  |TAMS 0x0000000086000000| PB 0x0000000086000000| Untracked 
|  33|0x0000000086100000, 0x0000000086200000, 0x0000000086200000|100%| O|  |TAMS 0x0000000086100000| PB 0x0000000086100000| Untracked 
|  34|0x0000000086200000, 0x0000000086300000, 0x0000000086300000|100%| O|  |TAMS 0x0000000086200000| PB 0x0000000086200000| Untracked 
|  35|0x0000000086300000, 0x0000000086400000, 0x0000000086400000|100%| O|  |TAMS 0x0000000086300000| PB 0x0000000086300000| Untracked 
|  36|0x0000000086400000, 0x0000000086500000, 0x0000000086500000|100%| O|  |TAMS 0x0000000086400000| PB 0x0000000086400000| Untracked 
|  37|0x0000000086500000, 0x0000000086600000, 0x0000000086600000|100%| O|  |TAMS 0x0000000086500000| PB 0x0000000086500000| Untracked 
|  38|0x0000000086600000, 0x0000000086700000, 0x0000000086700000|100%| O|  |TAMS 0x0000000086600000| PB 0x0000000086600000| Untracked 
|  39|0x0000000086700000, 0x0000000086700000, 0x0000000086800000|  0%| F|  |TAMS 0x0000000086700000| PB 0x0000000086700000| Untracked 
|  40|0x0000000086800000, 0x0000000086900000, 0x0000000086900000|100%| O|  |TAMS 0x0000000086800000| PB 0x0000000086800000| Untracked 
|  41|0x0000000086900000, 0x0000000086a00000, 0x0000000086a00000|100%| O|  |TAMS 0x0000000086900000| PB 0x0000000086900000| Untracked 
|  42|0x0000000086a00000, 0x0000000086b00000, 0x0000000086b00000|100%| O|  |TAMS 0x0000000086a00000| PB 0x0000000086a00000| Untracked 
|  43|0x0000000086b00000, 0x0000000086c00000, 0x0000000086c00000|100%| O|  |TAMS 0x0000000086b00000| PB 0x0000000086b00000| Untracked 
|  44|0x0000000086c00000, 0x0000000086d00000, 0x0000000086d00000|100%| O|  |TAMS 0x0000000086c00000| PB 0x0000000086c00000| Untracked 
|  45|0x0000000086d00000, 0x0000000086e00000, 0x0000000086e00000|100%| O|  |TAMS 0x0000000086d00000| PB 0x0000000086d00000| Untracked 
|  46|0x0000000086e00000, 0x0000000086f00000, 0x0000000086f00000|100%| O|  |TAMS 0x0000000086e00000| PB 0x0000000086e00000| Untracked 
|  47|0x0000000086f00000, 0x0000000087000000, 0x0000000087000000|100%| O|  |TAMS 0x0000000086f00000| PB 0x0000000086f00000| Untracked 
|  48|0x0000000087000000, 0x0000000087100000, 0x0000000087100000|100%| O|  |TAMS 0x0000000087000000| PB 0x0000000087000000| Untracked 
|  49|0x0000000087100000, 0x0000000087100000, 0x0000000087200000|  0%| F|  |TAMS 0x0000000087100000| PB 0x0000000087100000| Untracked 
|  50|0x0000000087200000, 0x0000000087300000, 0x0000000087300000|100%| O|  |TAMS 0x0000000087200000| PB 0x0000000087200000| Untracked 
|  51|0x0000000087300000, 0x0000000087400000, 0x0000000087400000|100%| O|  |TAMS 0x0000000087300000| PB 0x0000000087300000| Untracked 
|  52|0x0000000087400000, 0x0000000087500000, 0x0000000087500000|100%| O|  |TAMS 0x0000000087400000| PB 0x0000000087400000| Untracked 
|  53|0x0000000087500000, 0x0000000087600000, 0x0000000087600000|100%| O|  |TAMS 0x0000000087500000| PB 0x0000000087500000| Untracked 
|  54|0x0000000087600000, 0x0000000087700000, 0x0000000087700000|100%| O|  |TAMS 0x0000000087600000| PB 0x0000000087600000| Untracked 
|  55|0x0000000087700000, 0x0000000087800000, 0x0000000087800000|100%| O|  |TAMS 0x0000000087700000| PB 0x0000000087700000| Untracked 
|  56|0x0000000087800000, 0x0000000087900000, 0x0000000087900000|100%| O|  |TAMS 0x0000000087800000| PB 0x0000000087800000| Untracked 
|  57|0x0000000087900000, 0x0000000087a00000, 0x0000000087a00000|100%| O|  |TAMS 0x0000000087900000| PB 0x0000000087900000| Untracked 
|  58|0x0000000087a00000, 0x0000000087b00000, 0x0000000087b00000|100%| O|  |TAMS 0x0000000087a00000| PB 0x0000000087a00000| Untracked 
|  59|0x0000000087b00000, 0x0000000087c00000, 0x0000000087c00000|100%| O|  |TAMS 0x0000000087b00000| PB 0x0000000087b00000| Untracked 
|  60|0x0000000087c00000, 0x0000000087c89270, 0x0000000087d00000| 53%| O|  |TAMS 0x0000000087c00000| PB 0x0000000087c00000| Untracked 
|  61|0x0000000087d00000, 0x0000000087d00000, 0x0000000087e00000|  0%| F|  |TAMS 0x0000000087d00000| PB 0x0000000087d00000| Untracked 
|  62|0x0000000087e00000, 0x0000000087e00000, 0x0000000087f00000|  0%| F|  |TAMS 0x0000000087e00000| PB 0x0000000087e00000| Untracked 
|  63|0x0000000087f00000, 0x0000000087f00000, 0x0000000088000000|  0%| F|  |TAMS 0x0000000087f00000| PB 0x0000000087f00000| Untracked 
|  64|0x0000000088000000, 0x0000000088000000, 0x0000000088100000|  0%| F|  |TAMS 0x0000000088000000| PB 0x0000000088000000| Untracked 
|  65|0x0000000088100000, 0x0000000088100000, 0x0000000088200000|  0%| F|  |TAMS 0x0000000088100000| PB 0x0000000088100000| Untracked 
|  66|0x0000000088200000, 0x0000000088200000, 0x0000000088300000|  0%| F|  |TAMS 0x0000000088200000| PB 0x0000000088200000| Untracked 
|  67|0x0000000088300000, 0x0000000088300000, 0x0000000088400000|  0%| F|  |TAMS 0x0000000088300000| PB 0x0000000088300000| Untracked 
|  68|0x0000000088400000, 0x0000000088400000, 0x0000000088500000|  0%| F|  |TAMS 0x0000000088400000| PB 0x0000000088400000| Untracked 
|  69|0x0000000088500000, 0x0000000088500000, 0x0000000088600000|  0%| F|  |TAMS 0x0000000088500000| PB 0x0000000088500000| Untracked 
|  70|0x0000000088600000, 0x0000000088600000, 0x0000000088700000|  0%| F|  |TAMS 0x0000000088600000| PB 0x0000000088600000| Untracked 
|  71|0x0000000088700000, 0x0000000088700000, 0x0000000088800000|  0%| F|  |TAMS 0x0000000088700000| PB 0x0000000088700000| Untracked 
|  72|0x0000000088800000, 0x0000000088800000, 0x0000000088900000|  0%| F|  |TAMS 0x0000000088800000| PB 0x0000000088800000| Untracked 
|  73|0x0000000088900000, 0x0000000088a00000, 0x0000000088a00000|100%| S|CS|TAMS 0x0000000088900000| PB 0x0000000088900000| Complete 
|  74|0x0000000088a00000, 0x0000000088b00000, 0x0000000088b00000|100%| S|CS|TAMS 0x0000000088a00000| PB 0x0000000088a00000| Complete 
|  75|0x0000000088b00000, 0x0000000088c00000, 0x0000000088c00000|100%| S|CS|TAMS 0x0000000088b00000| PB 0x0000000088b00000| Complete 
|  76|0x0000000088c00000, 0x0000000088d00000, 0x0000000088d00000|100%| S|CS|TAMS 0x0000000088c00000| PB 0x0000000088c00000| Complete 
|  77|0x0000000088d00000, 0x0000000088e00000, 0x0000000088e00000|100%| S|CS|TAMS 0x0000000088d00000| PB 0x0000000088d00000| Complete 
|  78|0x0000000088e00000, 0x0000000088f00000, 0x0000000088f00000|100%| S|CS|TAMS 0x0000000088e00000| PB 0x0000000088e00000| Complete 
|  79|0x0000000088f00000, 0x0000000089000000, 0x0000000089000000|100%| S|CS|TAMS 0x0000000088f00000| PB 0x0000000088f00000| Complete 
|  80|0x0000000089000000, 0x0000000089100000, 0x0000000089100000|100%| S|CS|TAMS 0x0000000089000000| PB 0x0000000089000000| Complete 
|  81|0x0000000089100000, 0x0000000089100000, 0x0000000089200000|  0%| F|  |TAMS 0x0000000089100000| PB 0x0000000089100000| Untracked 
|  82|0x0000000089200000, 0x0000000089200000, 0x0000000089300000|  0%| F|  |TAMS 0x0000000089200000| PB 0x0000000089200000| Untracked 
|  83|0x0000000089300000, 0x0000000089300000, 0x0000000089400000|  0%| F|  |TAMS 0x0000000089300000| PB 0x0000000089300000| Untracked 
|  84|0x0000000089400000, 0x0000000089400000, 0x0000000089500000|  0%| F|  |TAMS 0x0000000089400000| PB 0x0000000089400000| Untracked 
|  85|0x0000000089500000, 0x0000000089500000, 0x0000000089600000|  0%| F|  |TAMS 0x0000000089500000| PB 0x0000000089500000| Untracked 
|  86|0x0000000089600000, 0x0000000089600000, 0x0000000089700000|  0%| F|  |TAMS 0x0000000089600000| PB 0x0000000089600000| Untracked 
|  87|0x0000000089700000, 0x0000000089700000, 0x0000000089800000|  0%| F|  |TAMS 0x0000000089700000| PB 0x0000000089700000| Untracked 
|  88|0x0000000089800000, 0x0000000089800000, 0x0000000089900000|  0%| F|  |TAMS 0x0000000089800000| PB 0x0000000089800000| Untracked 
|  89|0x0000000089900000, 0x0000000089900000, 0x0000000089a00000|  0%| F|  |TAMS 0x0000000089900000| PB 0x0000000089900000| Untracked 
|  90|0x0000000089a00000, 0x0000000089a00000, 0x0000000089b00000|  0%| F|  |TAMS 0x0000000089a00000| PB 0x0000000089a00000| Untracked 
|  91|0x0000000089b00000, 0x0000000089b00000, 0x0000000089c00000|  0%| F|  |TAMS 0x0000000089b00000| PB 0x0000000089b00000| Untracked 
|  92|0x0000000089c00000, 0x0000000089c00000, 0x0000000089d00000|  0%| F|  |TAMS 0x0000000089c00000| PB 0x0000000089c00000| Untracked 
|  93|0x0000000089d00000, 0x0000000089d00000, 0x0000000089e00000|  0%| F|  |TAMS 0x0000000089d00000| PB 0x0000000089d00000| Untracked 
|  94|0x0000000089e00000, 0x0000000089e00000, 0x0000000089f00000|  0%| F|  |TAMS 0x0000000089e00000| PB 0x0000000089e00000| Untracked 
|  95|0x0000000089f00000, 0x0000000089f00000, 0x000000008a000000|  0%| F|  |TAMS 0x0000000089f00000| PB 0x0000000089f00000| Untracked 
|  96|0x000000008a000000, 0x000000008a000000, 0x000000008a100000|  0%| F|  |TAMS 0x000000008a000000| PB 0x000000008a000000| Untracked 
|  97|0x000000008a100000, 0x000000008a100000, 0x000000008a200000|  0%| F|  |TAMS 0x000000008a100000| PB 0x000000008a100000| Untracked 
|  98|0x000000008a200000, 0x000000008a200000, 0x000000008a300000|  0%| F|  |TAMS 0x000000008a200000| PB 0x000000008a200000| Untracked 
|  99|0x000000008a300000, 0x000000008a300000, 0x000000008a400000|  0%| F|  |TAMS 0x000000008a300000| PB 0x000000008a300000| Untracked 
| 100|0x000000008a400000, 0x000000008a400000, 0x000000008a500000|  0%| F|  |TAMS 0x000000008a400000| PB 0x000000008a400000| Untracked 
| 101|0x000000008a500000, 0x000000008a500000, 0x000000008a600000|  0%| F|  |TAMS 0x000000008a500000| PB 0x000000008a500000| Untracked 
| 102|0x000000008a600000, 0x000000008a600000, 0x000000008a700000|  0%| F|  |TAMS 0x000000008a600000| PB 0x000000008a600000| Untracked 
| 103|0x000000008a700000, 0x000000008a700000, 0x000000008a800000|  0%| F|  |TAMS 0x000000008a700000| PB 0x000000008a700000| Untracked 
| 104|0x000000008a800000, 0x000000008a800000, 0x000000008a900000|  0%| F|  |TAMS 0x000000008a800000| PB 0x000000008a800000| Untracked 
| 105|0x000000008a900000, 0x000000008a900000, 0x000000008aa00000|  0%| F|  |TAMS 0x000000008a900000| PB 0x000000008a900000| Untracked 
| 106|0x000000008aa00000, 0x000000008aa00000, 0x000000008ab00000|  0%| F|  |TAMS 0x000000008aa00000| PB 0x000000008aa00000| Untracked 
| 107|0x000000008ab00000, 0x000000008ab00000, 0x000000008ac00000|  0%| F|  |TAMS 0x000000008ab00000| PB 0x000000008ab00000| Untracked 
| 108|0x000000008ac00000, 0x000000008ac00000, 0x000000008ad00000|  0%| F|  |TAMS 0x000000008ac00000| PB 0x000000008ac00000| Untracked 
| 109|0x000000008ad00000, 0x000000008ad00000, 0x000000008ae00000|  0%| F|  |TAMS 0x000000008ad00000| PB 0x000000008ad00000| Untracked 
| 110|0x000000008ae00000, 0x000000008ae00000, 0x000000008af00000|  0%| F|  |TAMS 0x000000008ae00000| PB 0x000000008ae00000| Untracked 
| 111|0x000000008af00000, 0x000000008af00000, 0x000000008b000000|  0%| F|  |TAMS 0x000000008af00000| PB 0x000000008af00000| Untracked 
| 112|0x000000008b000000, 0x000000008b000000, 0x000000008b100000|  0%| F|  |TAMS 0x000000008b000000| PB 0x000000008b000000| Untracked 
| 113|0x000000008b100000, 0x000000008b100000, 0x000000008b200000|  0%| F|  |TAMS 0x000000008b100000| PB 0x000000008b100000| Untracked 
| 114|0x000000008b200000, 0x000000008b200000, 0x000000008b300000|  0%| F|  |TAMS 0x000000008b200000| PB 0x000000008b200000| Untracked 
| 115|0x000000008b300000, 0x000000008b300000, 0x000000008b400000|  0%| F|  |TAMS 0x000000008b300000| PB 0x000000008b300000| Untracked 
| 116|0x000000008b400000, 0x000000008b400000, 0x000000008b500000|  0%| F|  |TAMS 0x000000008b400000| PB 0x000000008b400000| Untracked 
| 117|0x000000008b500000, 0x000000008b500000, 0x000000008b600000|  0%| F|  |TAMS 0x000000008b500000| PB 0x000000008b500000| Untracked 
| 118|0x000000008b600000, 0x000000008b600000, 0x000000008b700000|  0%| F|  |TAMS 0x000000008b600000| PB 0x000000008b600000| Untracked 
| 119|0x000000008b700000, 0x000000008b700000, 0x000000008b800000|  0%| F|  |TAMS 0x000000008b700000| PB 0x000000008b700000| Untracked 
| 120|0x000000008b800000, 0x000000008b800000, 0x000000008b900000|  0%| F|  |TAMS 0x000000008b800000| PB 0x000000008b800000| Untracked 
| 121|0x000000008b900000, 0x000000008b900000, 0x000000008ba00000|  0%| F|  |TAMS 0x000000008b900000| PB 0x000000008b900000| Untracked 
| 122|0x000000008ba00000, 0x000000008ba00000, 0x000000008bb00000|  0%| F|  |TAMS 0x000000008ba00000| PB 0x000000008ba00000| Untracked 
| 123|0x000000008bb00000, 0x000000008bb00000, 0x000000008bc00000|  0%| F|  |TAMS 0x000000008bb00000| PB 0x000000008bb00000| Untracked 
| 124|0x000000008bc00000, 0x000000008bc00000, 0x000000008bd00000|  0%| F|  |TAMS 0x000000008bc00000| PB 0x000000008bc00000| Untracked 
| 125|0x000000008bd00000, 0x000000008bd00000, 0x000000008be00000|  0%| F|  |TAMS 0x000000008bd00000| PB 0x000000008bd00000| Untracked 
| 126|0x000000008be00000, 0x000000008be80b30, 0x000000008bf00000| 50%| E|  |TAMS 0x000000008be00000| PB 0x000000008be00000| Complete 
| 127|0x000000008bf00000, 0x000000008c000000, 0x000000008c000000|100%| E|CS|TAMS 0x000000008bf00000| PB 0x000000008bf00000| Complete 
| 128|0x000000008c000000, 0x000000008c100000, 0x000000008c100000|100%| E|CS|TAMS 0x000000008c000000| PB 0x000000008c000000| Complete 
| 129|0x000000008c100000, 0x000000008c200000, 0x000000008c200000|100%| E|CS|TAMS 0x000000008c100000| PB 0x000000008c100000| Complete 
| 130|0x000000008c200000, 0x000000008c300000, 0x000000008c300000|100%| E|CS|TAMS 0x000000008c200000| PB 0x000000008c200000| Complete 
| 131|0x000000008c300000, 0x000000008c400000, 0x000000008c400000|100%| E|CS|TAMS 0x000000008c300000| PB 0x000000008c300000| Complete 
| 132|0x000000008c400000, 0x000000008c500000, 0x000000008c500000|100%| E|CS|TAMS 0x000000008c400000| PB 0x000000008c400000| Complete 
| 133|0x000000008c500000, 0x000000008c600000, 0x000000008c600000|100%| E|CS|TAMS 0x000000008c500000| PB 0x000000008c500000| Complete 
| 134|0x000000008c600000, 0x000000008c700000, 0x000000008c700000|100%| E|CS|TAMS 0x000000008c600000| PB 0x000000008c600000| Complete 
| 135|0x000000008c700000, 0x000000008c800000, 0x000000008c800000|100%| E|CS|TAMS 0x000000008c700000| PB 0x000000008c700000| Complete 
| 136|0x000000008c800000, 0x000000008c900000, 0x000000008c900000|100%| E|CS|TAMS 0x000000008c800000| PB 0x000000008c800000| Complete 
| 137|0x000000008c900000, 0x000000008ca00000, 0x000000008ca00000|100%| E|CS|TAMS 0x000000008c900000| PB 0x000000008c900000| Complete 
| 138|0x000000008ca00000, 0x000000008cb00000, 0x000000008cb00000|100%| E|CS|TAMS 0x000000008ca00000| PB 0x000000008ca00000| Complete 
| 139|0x000000008cb00000, 0x000000008cc00000, 0x000000008cc00000|100%| E|CS|TAMS 0x000000008cb00000| PB 0x000000008cb00000| Complete 
|1980|0x00000000ffc00000, 0x00000000ffd00000, 0x00000000ffd00000|100%| E|CS|TAMS 0x00000000ffc00000| PB 0x00000000ffc00000| Complete 
|1981|0x00000000ffd00000, 0x00000000ffe00000, 0x00000000ffe00000|100%| O|  |TAMS 0x00000000ffd00000| PB 0x00000000ffd00000| Untracked 
|1982|0x00000000ffe00000, 0x00000000fff00000, 0x00000000fff00000|100%| O|  |TAMS 0x00000000ffe00000| PB 0x00000000ffe00000| Untracked 
|1983|0x00000000fff00000, 0x0000000100000000, 0x0000000100000000|100%| O|  |TAMS 0x00000000fff00000| PB 0x00000000fff00000| Untracked 

Card table byte_map: [0x00000214f7270000,0x00000214f7650000] _byte_map_base: 0x00000214f6e50000

Marking Bits: (CMBitMap*) 0x00000214f3d7d9e0
 Bits: [0x00000214f7650000, 0x00000214f9550000)

Polling page: 0x00000214f1b20000

Metaspace:

Usage:
  Non-class:     60.92 MB used.
      Class:      8.08 MB used.
       Both:     69.00 MB used.

Virtual space:
  Non-class space:       64.00 MB reserved,      61.31 MB ( 96%) committed,  1 nodes.
      Class space:        1.00 GB reserved,       8.44 MB ( <1%) committed,  1 nodes.
             Both:        1.06 GB reserved,      69.75 MB (  6%) committed. 

Chunk freelists:
   Non-Class:  1.79 MB
       Class:  7.51 MB
        Both:  9.30 MB

MaxMetaspaceSize: unlimited
CompressedClassSpaceSize: 1.00 GB
Initial GC threshold: 21.00 MB
Current GC threshold: 105.56 MB
CDS: off
 - commit_granule_bytes: 65536.
 - commit_granule_words: 8192.
 - virtual_space_node_default_size: 8388608.
 - enlarge_chunks_in_place: 1.
 - use_allocation_guard: 0.


Internal statistics:

num_allocs_failed_limit: 6.
num_arena_births: 1250.
num_arena_deaths: 0.
num_vsnodes_births: 2.
num_vsnodes_deaths: 0.
num_space_committed: 1114.
num_space_uncommitted: 0.
num_chunks_returned_to_freelist: 6.
num_chunks_taken_from_freelist: 3632.
num_chunk_merges: 6.
num_chunk_splits: 2765.
num_chunks_enlarged: 2161.
num_inconsistent_stats: 0.

CodeHeap 'non-profiled nmethods': size=120000Kb used=5738Kb max_used=5738Kb free=114261Kb
 bounds [0x0000021487ad0000, 0x0000021488070000, 0x000002148f000000]
CodeHeap 'profiled nmethods': size=120000Kb used=28430Kb max_used=28430Kb free=91569Kb
 bounds [0x0000021480000000, 0x0000021481bd0000, 0x0000021487530000]
CodeHeap 'non-nmethods': size=5760Kb used=1641Kb max_used=1694Kb free=4118Kb
 bounds [0x0000021487530000, 0x00000214877a0000, 0x0000021487ad0000]
CodeCache: size=245760Kb, used=35809Kb, max_used=35862Kb, free=209948Kb
 total_blobs=10838, nmethods=10194, adapters=545, full_count=0
Compilation: enabled, stopped_count=0, restarted_count=0

Compilation events (20 events):
Event: 28.419 Thread 0x000002149306cb20 11285       3       java.util.stream.AbstractPipeline::<init> (55 bytes)
Event: 28.419 Thread 0x000002149306cb20 nmethod 11285 0x0000021481ba2210 code [0x0000021481ba23c0, 0x0000021481ba2698]
Event: 28.420 Thread 0x000002149306cb20 11286       1       org.jetbrains.kotlin.com.intellij.psi.impl.compiled.StubBuildingVisitor$ClassInfo::access$000 (5 bytes)
Event: 28.420 Thread 0x000002149306cb20 nmethod 11286 0x0000021488069b10 code [0x0000021488069ca0, 0x0000021488069d50]
Event: 28.427 Thread 0x000002149306cb20 11287       3       org.jetbrains.kotlin.com.intellij.psi.impl.compiled.StubBuildingVisitor::packCommonFlags (83 bytes)
Event: 28.428 Thread 0x000002149306cb20 nmethod 11287 0x0000021481ba2790 code [0x0000021481ba29a0, 0x0000021481ba3150]
Event: 28.428 Thread 0x000002149306cb20 11288       3       org.jetbrains.kotlin.com.intellij.psi.impl.java.stubs.impl.PsiFieldStubImpl::isEnumConst (6 bytes)
Event: 28.429 Thread 0x000002149306cb20 nmethod 11288 0x0000021481ba3390 code [0x0000021481ba3540, 0x0000021481ba3778]
Event: 28.429 Thread 0x000002149306cb20 11289       3       org.jetbrains.kotlin.com.intellij.util.BitUtil::isSet (17 bytes)
Event: 28.429 Thread 0x000002149306cb20 nmethod 11289 0x0000021481ba3890 code [0x0000021481ba3a40, 0x0000021481ba3c28]
Event: 28.429 Thread 0x000002149306cb20 11290       3       org.jetbrains.kotlin.com.intellij.psi.impl.java.stubs.impl.PsiFieldStubImpl::getType (13 bytes)
Event: 28.430 Thread 0x000002149306cb20 nmethod 11290 0x0000021481ba3d10 code [0x0000021481ba3ec0, 0x0000021481ba4040]
Event: 28.430 Thread 0x000002149306cb20 11291       3       org.jetbrains.kotlin.com.intellij.psi.impl.compiled.ClsTypeAnnotationCollector::<init> (27 bytes)
Event: 28.431 Thread 0x000002149306cb20 nmethod 11291 0x0000021481ba4110 code [0x0000021481ba4320, 0x0000021481ba4998]
Event: 28.431 Thread 0x000002149306cb20 11292       3       org.jetbrains.kotlin.com.intellij.psi.impl.cache.TypeAnnotationContainer$Collector::<init> (29 bytes)
Event: 28.431 Thread 0x000002149306cb20 nmethod 11292 0x0000021481ba4b90 code [0x0000021481ba4d80, 0x0000021481ba5258]
Event: 28.431 Thread 0x000002149306cb20 11293       3       org.jetbrains.kotlin.com.intellij.psi.impl.java.stubs.impl.PsiFieldStubImpl::<init> (53 bytes)
Event: 28.432 Thread 0x000002149306cb20 nmethod 11293 0x0000021481ba5410 code [0x0000021481ba5600, 0x0000021481ba5b28]
Event: 28.445 Thread 0x000002149306cb20 11296       3       org.jetbrains.kotlin.com.intellij.psi.impl.java.stubs.impl.PsiParameterStubImpl::<init> (41 bytes)
Event: 28.445 Thread 0x000002149306cb20 nmethod 11296 0x0000021481ba5d10 code [0x0000021481ba5ee0, 0x0000021481ba61d8]

GC Heap History (20 events):
Event: 15.442 GC heap before
{Heap before GC invocations=19 (full 0):
 garbage-first heap   total 65536K, used 57344K [0x0000000084000000, 0x0000000100000000)
  region size 1024K, 20 young (20480K), 3 survivors (3072K)
 Metaspace       used 58583K, committed 59328K, reserved 1114112K
  class space    used 7059K, committed 7424K, reserved 1048576K
}
Event: 15.463 GC heap after
{Heap after GC invocations=20 (full 0):
 garbage-first heap   total 65536K, used 41665K [0x0000000084000000, 0x0000000100000000)
  region size 1024K, 3 young (3072K), 3 survivors (3072K)
 Metaspace       used 58583K, committed 59328K, reserved 1114112K
  class space    used 7059K, committed 7424K, reserved 1048576K
}
Event: 16.588 GC heap before
{Heap before GC invocations=20 (full 0):
 garbage-first heap   total 65536K, used 57025K [0x0000000084000000, 0x0000000100000000)
  region size 1024K, 18 young (18432K), 3 survivors (3072K)
 Metaspace       used 59295K, committed 60032K, reserved 1114112K
  class space    used 7089K, committed 7424K, reserved 1048576K
}
Event: 16.619 GC heap after
{Heap after GC invocations=21 (full 0):
 garbage-first heap   total 65536K, used 47104K [0x0000000084000000, 0x0000000100000000)
  region size 1024K, 3 young (3072K), 3 survivors (3072K)
 Metaspace       used 59295K, committed 60032K, reserved 1114112K
  class space    used 7089K, committed 7424K, reserved 1048576K
}
Event: 17.483 GC heap before
{Heap before GC invocations=22 (full 0):
 garbage-first heap   total 78848K, used 56320K [0x0000000084000000, 0x0000000100000000)
  region size 1024K, 13 young (13312K), 3 survivors (3072K)
 Metaspace       used 59822K, committed 60544K, reserved 1114112K
  class space    used 7109K, committed 7424K, reserved 1048576K
}
Event: 17.506 GC heap after
{Heap after GC invocations=23 (full 0):
 garbage-first heap   total 78848K, used 49387K [0x0000000084000000, 0x0000000100000000)
  region size 1024K, 2 young (2048K), 2 survivors (2048K)
 Metaspace       used 59822K, committed 60544K, reserved 1114112K
  class space    used 7109K, committed 7424K, reserved 1048576K
}
Event: 18.329 GC heap before
{Heap before GC invocations=23 (full 0):
 garbage-first heap   total 78848K, used 67819K [0x0000000084000000, 0x0000000100000000)
  region size 1024K, 20 young (20480K), 2 survivors (2048K)
 Metaspace       used 60093K, committed 60800K, reserved 1114112K
  class space    used 7119K, committed 7424K, reserved 1048576K
}
Event: 18.351 GC heap after
{Heap after GC invocations=24 (full 0):
 garbage-first heap   total 105472K, used 52164K [0x0000000084000000, 0x0000000100000000)
  region size 1024K, 3 young (3072K), 3 survivors (3072K)
 Metaspace       used 60093K, committed 60800K, reserved 1114112K
  class space    used 7119K, committed 7424K, reserved 1048576K
}
Event: 19.417 GC heap before
{Heap before GC invocations=24 (full 0):
 garbage-first heap   total 105472K, used 88004K [0x0000000084000000, 0x0000000100000000)
  region size 1024K, 38 young (38912K), 3 survivors (3072K)
 Metaspace       used 60335K, committed 61056K, reserved 1114112K
  class space    used 7132K, committed 7488K, reserved 1048576K
}
Event: 19.459 GC heap after
{Heap after GC invocations=25 (full 0):
 garbage-first heap   total 105472K, used 59392K [0x0000000084000000, 0x0000000100000000)
  region size 1024K, 5 young (5120K), 5 survivors (5120K)
 Metaspace       used 60335K, committed 61056K, reserved 1114112K
  class space    used 7132K, committed 7488K, reserved 1048576K
}
Event: 20.204 GC heap before
{Heap before GC invocations=25 (full 0):
 garbage-first heap   total 105472K, used 88064K [0x0000000084000000, 0x0000000100000000)
  region size 1024K, 33 young (33792K), 5 survivors (5120K)
 Metaspace       used 61110K, committed 61824K, reserved 1114112K
  class space    used 7237K, committed 7552K, reserved 1048576K
}
Event: 20.242 GC heap after
{Heap after GC invocations=26 (full 0):
 garbage-first heap   total 105472K, used 63884K [0x0000000084000000, 0x0000000100000000)
  region size 1024K, 4 young (4096K), 4 survivors (4096K)
 Metaspace       used 61110K, committed 61824K, reserved 1114112K
  class space    used 7237K, committed 7552K, reserved 1048576K
}
Event: 20.783 GC heap before
{Heap before GC invocations=26 (full 0):
 garbage-first heap   total 105472K, used 90508K [0x0000000084000000, 0x0000000100000000)
  region size 1024K, 30 young (30720K), 4 survivors (4096K)
 Metaspace       used 62586K, committed 63296K, reserved 1114112K
  class space    used 7464K, committed 7808K, reserved 1048576K
}
Event: 20.801 GC heap after
{Heap after GC invocations=27 (full 0):
 garbage-first heap   total 105472K, used 65003K [0x0000000084000000, 0x0000000100000000)
  region size 1024K, 1 young (1024K), 1 survivors (1024K)
 Metaspace       used 62586K, committed 63296K, reserved 1114112K
  class space    used 7464K, committed 7808K, reserved 1048576K
}
Event: 21.454 GC heap before
{Heap before GC invocations=28 (full 0):
 garbage-first heap   total 109568K, used 92651K [0x0000000084000000, 0x0000000100000000)
  region size 1024K, 28 young (28672K), 1 survivors (1024K)
 Metaspace       used 65157K, committed 65792K, reserved 1114112K
  class space    used 7876K, committed 8192K, reserved 1048576K
}
Event: 21.464 GC heap after
{Heap after GC invocations=29 (full 0):
 garbage-first heap   total 109568K, used 65488K [0x0000000084000000, 0x0000000100000000)
  region size 1024K, 2 young (2048K), 2 survivors (2048K)
 Metaspace       used 65157K, committed 65792K, reserved 1114112K
  class space    used 7876K, committed 8192K, reserved 1048576K
}
Event: 21.566 GC heap before
{Heap before GC invocations=29 (full 0):
 garbage-first heap   total 109568K, used 97232K [0x0000000084000000, 0x0000000100000000)
  region size 1024K, 33 young (33792K), 2 survivors (2048K)
 Metaspace       used 65179K, committed 65856K, reserved 1114112K
  class space    used 7876K, committed 8192K, reserved 1048576K
}
Event: 21.578 GC heap after
{Heap after GC invocations=30 (full 0):
 garbage-first heap   total 147456K, used 64281K [0x0000000084000000, 0x0000000100000000)
  region size 1024K, 2 young (2048K), 2 survivors (2048K)
 Metaspace       used 65179K, committed 65856K, reserved 1114112K
  class space    used 7876K, committed 8192K, reserved 1048576K
}
Event: 27.318 GC heap before
{Heap before GC invocations=30 (full 0):
 garbage-first heap   total 147456K, used 125721K [0x0000000084000000, 0x0000000100000000)
  region size 1024K, 62 young (63488K), 2 survivors (2048K)
 Metaspace       used 70142K, committed 70912K, reserved 1114112K
  class space    used 8249K, committed 8640K, reserved 1048576K
}
Event: 27.348 GC heap after
{Heap after GC invocations=31 (full 0):
 garbage-first heap   total 147456K, used 71204K [0x0000000084000000, 0x0000000100000000)
  region size 1024K, 8 young (8192K), 8 survivors (8192K)
 Metaspace       used 70142K, committed 70912K, reserved 1114112K
  class space    used 8249K, committed 8640K, reserved 1048576K
}

Dll operation events (3 events):
Event: 0.020 Loaded shared library C:\Program Files\Android\Android Studio\jbr\bin\java.dll
Event: 0.033 Loaded shared library C:\Program Files\Android\Android Studio\jbr\bin\zip.dll
Event: 4.446 Loaded shared library C:\Program Files\Android\Android Studio\jbr\bin\verify.dll

Deoptimization events (20 events):
Event: 27.950 Thread 0x00000214f1872d00 Uncommon trap: trap_request=0xffffff45 fr.pc=0x0000021488022884 relative=0x00000000000003e4
Event: 27.950 Thread 0x00000214f1872d00 Uncommon trap: reason=unstable_if action=reinterpret pc=0x0000021488022884 method=org.jetbrains.org.objectweb.asm.ClassReader.readConst(I[C)Ljava/lang/Object; @ 15 c2
Event: 27.950 Thread 0x00000214f1872d00 DEOPT PACKING pc=0x0000021488022884 sp=0x000000c103ff5c70
Event: 27.950 Thread 0x00000214f1872d00 DEOPT UNPACKING pc=0x0000021487587aa2 sp=0x000000c103ff5bc8 mode 2
Event: 27.976 Thread 0x00000214f1872d00 Uncommon trap: trap_request=0xffffffbe fr.pc=0x0000021487f261a0 relative=0x0000000000002120
Event: 27.976 Thread 0x00000214f1872d00 Uncommon trap: reason=profile_predicate action=maybe_recompile pc=0x0000021487f261a0 method=org.jetbrains.kotlin.cli.jvm.index.JvmDependenciesIndexImpl.search(Lorg/jetbrains/kotlin/cli/jvm/index/JvmDependenciesIndexImpl$SearchRequest;Lkotlin/jvm/functions
Event: 27.976 Thread 0x00000214f1872d00 DEOPT PACKING pc=0x0000021487f261a0 sp=0x000000c103ff8610
Event: 27.976 Thread 0x00000214f1872d00 DEOPT UNPACKING pc=0x0000021487587aa2 sp=0x000000c103ff8610 mode 2
Event: 28.026 Thread 0x00000214f1872d00 Uncommon trap: trap_request=0xffffffbe fr.pc=0x0000021487f261a0 relative=0x0000000000002120
Event: 28.027 Thread 0x00000214f1872d00 Uncommon trap: reason=profile_predicate action=maybe_recompile pc=0x0000021487f261a0 method=org.jetbrains.kotlin.cli.jvm.index.JvmDependenciesIndexImpl.search(Lorg/jetbrains/kotlin/cli/jvm/index/JvmDependenciesIndexImpl$SearchRequest;Lkotlin/jvm/functions
Event: 28.027 Thread 0x00000214f1872d00 DEOPT PACKING pc=0x0000021487f261a0 sp=0x000000c103ff8610
Event: 28.027 Thread 0x00000214f1872d00 DEOPT UNPACKING pc=0x0000021487587aa2 sp=0x000000c103ff8610 mode 2
Event: 28.053 Thread 0x00000214f1872d00 Uncommon trap: trap_request=0xffffffc6 fr.pc=0x0000021487fdcc38 relative=0x0000000000000678
Event: 28.053 Thread 0x00000214f1872d00 Uncommon trap: reason=bimorphic_or_optimized_type_check action=maybe_recompile pc=0x0000021487fdcc38 method=org.jetbrains.kotlin.com.google.common.collect.AbstractMapBasedMultimap$WrappedCollection.size()I @ 8 c2
Event: 28.053 Thread 0x00000214f1872d00 DEOPT PACKING pc=0x0000021487fdcc38 sp=0x000000c103ffd150
Event: 28.053 Thread 0x00000214f1872d00 DEOPT UNPACKING pc=0x0000021487587aa2 sp=0x000000c103ffd110 mode 2
Event: 28.108 Thread 0x00000214f1872d00 Uncommon trap: trap_request=0xffffffc6 fr.pc=0x0000021487ed6bf8 relative=0x0000000000004478
Event: 28.108 Thread 0x00000214f1872d00 Uncommon trap: reason=bimorphic_or_optimized_type_check action=maybe_recompile pc=0x0000021487ed6bf8 method=org.jetbrains.kotlin.resolve.OverridingUtil.generateOverridesInFunctionGroup(Lorg/jetbrains/kotlin/name/Name;Ljava/util/Collection;Ljava/util/Colle
Event: 28.108 Thread 0x00000214f1872d00 DEOPT PACKING pc=0x0000021487ed6bf8 sp=0x000000c103ffaf90
Event: 28.108 Thread 0x00000214f1872d00 DEOPT UNPACKING pc=0x0000021487587aa2 sp=0x000000c103ffaf80 mode 2

Classes loaded (20 events):
Event: 23.463 Loading class jdk/internal/math/FloatingDecimal$ExceptionalBinaryToASCIIBuffer
Event: 23.463 Loading class jdk/internal/math/FloatingDecimal$BinaryToASCIIConverter
Event: 23.463 Loading class jdk/internal/math/FloatingDecimal$BinaryToASCIIConverter done
Event: 23.463 Loading class jdk/internal/math/FloatingDecimal$ExceptionalBinaryToASCIIBuffer done
Event: 23.463 Loading class jdk/internal/math/FloatingDecimal$BinaryToASCIIBuffer
Event: 23.464 Loading class jdk/internal/math/FloatingDecimal$BinaryToASCIIBuffer done
Event: 23.464 Loading class jdk/internal/math/FloatingDecimal$1
Event: 23.464 Loading class jdk/internal/math/FloatingDecimal$1 done
Event: 23.464 Loading class jdk/internal/math/FloatingDecimal$PreparedASCIIToBinaryBuffer
Event: 23.464 Loading class jdk/internal/math/FloatingDecimal$ASCIIToBinaryConverter
Event: 23.465 Loading class jdk/internal/math/FloatingDecimal$ASCIIToBinaryConverter done
Event: 23.465 Loading class jdk/internal/math/FloatingDecimal$PreparedASCIIToBinaryBuffer done
Event: 23.524 Loading class jdk/internal/math/FloatingDecimal$ASCIIToBinaryBuffer
Event: 23.524 Loading class jdk/internal/math/FloatingDecimal$ASCIIToBinaryBuffer done
Event: 27.005 Loading class java/util/regex/Pattern$Bound
Event: 27.005 Loading class java/util/regex/Pattern$Bound done
Event: 27.006 Loading class java/util/regex/Pattern$LookBehindEndNode
Event: 27.006 Loading class java/util/regex/Pattern$LookBehindEndNode done
Event: 27.007 Loading class java/util/regex/Pattern$NotBehind
Event: 27.007 Loading class java/util/regex/Pattern$NotBehind done

Classes unloaded (0 events):
No events

Classes redefined (0 events):
No events

Internal exceptions (20 events):
Event: 21.152 Thread 0x00000214f1872d00 Exception <a 'java/lang/NoSuchMethodError'{0x000000008a24c8d8}: 'void java.lang.invoke.DirectMethodHandle$Holder.invokeInterface(java.lang.Object, java.lang.Object)'> (0x000000008a24c8d8) 
thrown [s\src\hotspot\share\interpreter\linkResolver.cpp, line 784]
Event: 21.302 Thread 0x00000214f1872d00 Exception <a 'java/lang/IncompatibleClassChangeError'{0x000000008a042738}: Found class java.lang.Object, but interface was expected> (0x000000008a042738) 
thrown [s\src\hotspot\share\interpreter\linkResolver.cpp, line 851]
Event: 22.252 Thread 0x00000214f1872d00 Implicit null exception at 0x0000021487da873d to 0x0000021487dab8dc
Event: 22.252 Thread 0x00000214f1872d00 Implicit null exception at 0x0000021487da873d to 0x0000021487dab8dc
Event: 22.252 Thread 0x00000214f1872d00 Implicit null exception at 0x0000021487da873d to 0x0000021487dab8dc
Event: 22.252 Thread 0x00000214f1872d00 Implicit null exception at 0x0000021487da873d to 0x0000021487dab8dc
Event: 22.252 Thread 0x00000214f1872d00 Implicit null exception at 0x0000021487da873d to 0x0000021487dab8dc
Event: 22.252 Thread 0x00000214f1872d00 Implicit null exception at 0x0000021487da873d to 0x0000021487dab8dc
Event: 22.252 Thread 0x00000214f1872d00 Implicit null exception at 0x0000021487da873d to 0x0000021487dab8dc
Event: 22.253 Thread 0x00000214f1872d00 Implicit null exception at 0x0000021487da873d to 0x0000021487dab8dc
Event: 22.253 Thread 0x00000214f1872d00 Implicit null exception at 0x0000021487da873d to 0x0000021487dab8dc
Event: 22.253 Thread 0x00000214f1872d00 Implicit null exception at 0x0000021487da873d to 0x0000021487dab8dc
Event: 22.253 Thread 0x00000214f1872d00 Implicit null exception at 0x0000021487da873d to 0x0000021487dab8dc
Event: 22.253 Thread 0x00000214f1872d00 Implicit null exception at 0x0000021487d9d330 to 0x0000021487da0588
Event: 22.253 Thread 0x00000214f1872d00 Implicit null exception at 0x0000021487d90bdd to 0x0000021487d925e4
Event: 22.593 Thread 0x00000214f1872d00 Exception <a 'java/lang/IncompatibleClassChangeError'{0x000000008bb89408}: Found class java.lang.Object, but interface was expected> (0x000000008bb89408) 
thrown [s\src\hotspot\share\interpreter\linkResolver.cpp, line 851]
Event: 23.049 Thread 0x00000214f1872d00 Implicit null exception at 0x0000021487d8b735 to 0x0000021487d8c040
Event: 23.875 Thread 0x00000214f1872d00 Implicit null exception at 0x0000021487f6eff4 to 0x0000021487f6f0dc
Event: 23.937 Thread 0x00000214f1872d00 Implicit null exception at 0x0000021487cb9bb5 to 0x0000021487cbadac
Event: 25.239 Thread 0x00000214f1872d00 Implicit null exception at 0x0000021487f8606a to 0x0000021487f868cc

ZGC Phase Switch (0 events):
No events

VM Operations (20 events):
Event: 25.513 Executing VM operation: ICBufferFull
Event: 25.513 Executing VM operation: ICBufferFull done
Event: 25.973 Executing VM operation: ICBufferFull
Event: 25.973 Executing VM operation: ICBufferFull done
Event: 26.457 Executing VM operation: ICBufferFull
Event: 26.458 Executing VM operation: ICBufferFull done
Event: 26.900 Executing VM operation: ICBufferFull
Event: 26.900 Executing VM operation: ICBufferFull done
Event: 27.283 Executing VM operation: HandshakeAllThreads (Deoptimize)
Event: 27.283 Executing VM operation: HandshakeAllThreads (Deoptimize) done
Event: 27.311 Executing VM operation: HandshakeAllThreads (Deoptimize)
Event: 27.312 Executing VM operation: HandshakeAllThreads (Deoptimize) done
Event: 27.314 Executing VM operation: ICBufferFull
Event: 27.314 Executing VM operation: ICBufferFull done
Event: 27.318 Executing VM operation: G1CollectForAllocation (G1 Evacuation Pause)
Event: 27.348 Executing VM operation: G1CollectForAllocation (G1 Evacuation Pause) done
Event: 27.725 Executing VM operation: ICBufferFull
Event: 27.725 Executing VM operation: ICBufferFull done
Event: 28.146 Executing VM operation: ICBufferFull
Event: 28.147 Executing VM operation: ICBufferFull done

Memory protections (0 events):
No events

Nmethod flushes (20 events):
Event: 21.061 Thread 0x00000214fba41a80 flushing  nmethod 0x00000214808ca890
Event: 21.061 Thread 0x00000214fba41a80 flushing  nmethod 0x00000214808caf10
Event: 21.061 Thread 0x00000214fba41a80 flushing  nmethod 0x00000214808cc090
Event: 21.061 Thread 0x00000214fba41a80 flushing  nmethod 0x00000214808d4e90
Event: 21.061 Thread 0x00000214fba41a80 flushing  nmethod 0x00000214808d6f10
Event: 21.061 Thread 0x00000214fba41a80 flushing  nmethod 0x00000214808d9390
Event: 21.061 Thread 0x00000214fba41a80 flushing  nmethod 0x00000214808da410
Event: 21.061 Thread 0x00000214fba41a80 flushing  nmethod 0x00000214808db290
Event: 21.061 Thread 0x00000214fba41a80 flushing osr nmethod 0x0000021480911490
Event: 21.061 Thread 0x00000214fba41a80 flushing  nmethod 0x000002148091d210
Event: 21.061 Thread 0x00000214fba41a80 flushing  nmethod 0x0000021480925a90
Event: 21.061 Thread 0x00000214fba41a80 flushing  nmethod 0x000002148092fa10
Event: 21.061 Thread 0x00000214fba41a80 flushing  nmethod 0x0000021480930210
Event: 21.061 Thread 0x00000214fba41a80 flushing  nmethod 0x0000021480934c10
Event: 21.061 Thread 0x00000214fba41a80 flushing  nmethod 0x000002148093fc90
Event: 21.061 Thread 0x00000214fba41a80 flushing  nmethod 0x0000021480997390
Event: 21.061 Thread 0x00000214fba41a80 flushing  nmethod 0x00000214809c8c90
Event: 21.061 Thread 0x00000214fba41a80 flushing  nmethod 0x0000021480ada790
Event: 21.061 Thread 0x00000214fba41a80 flushing  nmethod 0x0000021480b05110
Event: 21.061 Thread 0x00000214fba41a80 flushing  nmethod 0x0000021480b34810

Events (20 events):
Event: 0.151 Thread 0x00000214f1872d00 Thread added: 0x00000214930668a0
Event: 0.152 Thread 0x00000214f1872d00 Thread added: 0x000002149306cb20
Event: 0.255 Thread 0x00000214f1872d00 Thread added: 0x0000021493222c00
Event: 0.283 Loaded shared library C:\Program Files\Android\Android Studio\jbr\bin\net.dll
Event: 0.288 Loaded shared library C:\Program Files\Android\Android Studio\jbr\bin\nio.dll
Event: 0.333 Thread 0x00000214930668a0 Thread added: 0x000002149328f9b0
Event: 0.354 Loaded shared library C:\Program Files\Android\Android Studio\jbr\bin\zip.dll
Event: 0.429 Loaded shared library C:\Program Files\Android\Android Studio\jbr\bin\jimage.dll
Event: 0.457 Thread 0x000002149328f9b0 Thread exited: 0x000002149328f9b0
Event: 0.743 Thread 0x00000214930668a0 Thread added: 0x00000214934f88d0
Event: 0.872 Thread 0x00000214934f88d0 Thread exited: 0x00000214934f88d0
Event: 2.649 Thread 0x00000214930668a0 Thread added: 0x0000021493b84ee0
Event: 4.533 Thread 0x0000021493b84ee0 Thread exited: 0x0000021493b84ee0
Event: 5.053 Thread 0x000002149306cb20 Thread added: 0x0000021495844080
Event: 6.111 Thread 0x0000021495844080 Thread exited: 0x0000021495844080
Event: 6.238 Thread 0x000002149306cb20 Thread added: 0x000002149561dbe0
Event: 6.498 Thread 0x000002149561dbe0 Thread exited: 0x000002149561dbe0
Event: 8.476 Thread 0x00000214930668a0 Thread added: 0x0000021493efadd0
Event: 20.866 Thread 0x0000021493efadd0 Thread exited: 0x0000021493efadd0
Event: 22.211 Thread 0x000002149306cb20 Thread added: 0x0000021494525880


Dynamic libraries:
0x00007ff75b340000 - 0x00007ff75b34a000 	C:\Program Files\Android\Android Studio\jbr\bin\java.exe
0x00007ffcace00000 - 0x00007ffcad067000 	C:\WINDOWS\SYSTEM32\ntdll.dll
0x00007ffcab510000 - 0x00007ffcab5d9000 	C:\WINDOWS\System32\KERNEL32.DLL
0x00007ffcaa4e0000 - 0x00007ffcaa8d1000 	C:\WINDOWS\System32\KERNELBASE.dll
0x00007ffc893a0000 - 0x00007ffc893b8000 	C:\Program Files\Android\Android Studio\jbr\bin\jli.dll
0x00007ffcabb00000 - 0x00007ffcabcc5000 	C:\WINDOWS\System32\USER32.dll
0x00007ffcaa360000 - 0x00007ffcaa387000 	C:\WINDOWS\System32\win32u.dll
0x00007ffcaa390000 - 0x00007ffcaa4db000 	C:\WINDOWS\System32\ucrtbase.dll
0x00007ffc95b20000 - 0x00007ffc95b3b000 	C:\Program Files\Android\Android Studio\jbr\bin\VCRUNTIME140.dll
0x00007ffc981e0000 - 0x00007ffc98473000 	C:\WINDOWS\WinSxS\amd64_microsoft.windows.common-controls_6595b64144ccf1df_6.0.26100.8037_none_3e092faae333b53b\COMCTL32.dll
0x00007ffcabf10000 - 0x00007ffcabfb9000 	C:\WINDOWS\System32\msvcrt.dll
0x00007ffcacc00000 - 0x00007ffcacc2b000 	C:\WINDOWS\System32\GDI32.dll
0x00007ffcaa230000 - 0x00007ffcaa35b000 	C:\WINDOWS\System32\gdi32full.dll
0x00007ffcaa8e0000 - 0x00007ffcaa983000 	C:\WINDOWS\System32\msvcp_win.dll
0x00007ffcac8e0000 - 0x00007ffcac911000 	C:\WINDOWS\System32\IMM32.DLL
0x00007ffc8e520000 - 0x00007ffc8e52c000 	C:\Program Files\Android\Android Studio\jbr\bin\vcruntime140_1.dll
0x00007ffc85770000 - 0x00007ffc857fd000 	C:\Program Files\Android\Android Studio\jbr\bin\msvcp140.dll
0x00007ffc2d160000 - 0x00007ffc2ddf6000 	C:\Program Files\Android\Android Studio\jbr\bin\server\jvm.dll
0x00007ffcabcd0000 - 0x00007ffcabd8b000 	C:\WINDOWS\System32\ADVAPI32.dll
0x00007ffcac610000 - 0x00007ffcac6b7000 	C:\WINDOWS\System32\sechost.dll
0x00007ffcac6c0000 - 0x00007ffcac7d8000 	C:\WINDOWS\System32\RPCRT4.dll
0x00007ffcacc30000 - 0x00007ffcacca4000 	C:\WINDOWS\System32\WS2_32.dll
0x00007ffca9560000 - 0x00007ffca95be000 	C:\WINDOWS\SYSTEM32\POWRPROF.dll
0x00007ffc9a510000 - 0x00007ffc9a51b000 	C:\WINDOWS\SYSTEM32\VERSION.dll
0x00007ffc96360000 - 0x00007ffc96395000 	C:\WINDOWS\SYSTEM32\WINMM.dll
0x00007ffca9540000 - 0x00007ffca9554000 	C:\WINDOWS\SYSTEM32\UMPDC.dll
0x00007ffca8430000 - 0x00007ffca844b000 	C:\WINDOWS\SYSTEM32\kernel.appcore.dll
0x00007ffc8e400000 - 0x00007ffc8e40a000 	C:\Program Files\Android\Android Studio\jbr\bin\jimage.dll
0x00007ffca7610000 - 0x00007ffca7852000 	C:\WINDOWS\SYSTEM32\DBGHELP.DLL
0x00007ffcac280000 - 0x00007ffcac602000 	C:\WINDOWS\System32\combase.dll
0x00007ffcabfc0000 - 0x00007ffcac097000 	C:\WINDOWS\System32\OLEAUT32.dll
0x00007ffc8f850000 - 0x00007ffc8f88b000 	C:\WINDOWS\SYSTEM32\dbgcore.DLL
0x00007ffca96e0000 - 0x00007ffca9785000 	C:\WINDOWS\System32\bcryptPrimitives.dll
0x00007ffc84240000 - 0x00007ffc84260000 	C:\Program Files\Android\Android Studio\jbr\bin\java.dll
0x00007ffc76980000 - 0x00007ffc76998000 	C:\Program Files\Android\Android Studio\jbr\bin\zip.dll
0x00007ffcaac00000 - 0x00007ffcab35f000 	C:\WINDOWS\System32\SHELL32.dll
0x00007ffca9790000 - 0x00007ffca98fa000 	C:\WINDOWS\System32\wintypes.dll
0x00007ffca9900000 - 0x00007ffcaa164000 	C:\WINDOWS\System32\windows.storage.dll
0x00007ffcaca30000 - 0x00007ffcacb27000 	C:\WINDOWS\System32\SHCORE.dll
0x00007ffcac7e0000 - 0x00007ffcac847000 	C:\WINDOWS\System32\shlwapi.dll
0x00007ffca9600000 - 0x00007ffca9629000 	C:\WINDOWS\SYSTEM32\profapi.dll
0x00007ffc8a2b0000 - 0x00007ffc8a2c0000 	C:\Program Files\Android\Android Studio\jbr\bin\net.dll
0x00007ffc9c630000 - 0x00007ffc9c757000 	C:\WINDOWS\SYSTEM32\WINHTTP.dll
0x00007ffca8980000 - 0x00007ffca89eb000 	C:\WINDOWS\system32\mswsock.dll
0x00007ffc75ff0000 - 0x00007ffc76006000 	C:\Program Files\Android\Android Studio\jbr\bin\nio.dll
0x00007ffc81170000 - 0x00007ffc81180000 	C:\Program Files\Android\Android Studio\jbr\bin\verify.dll

JVMTI agents: none

dbghelp: loaded successfully - version: 4.0.5 - missing functions: none
symbol engine: initialized successfully - sym options: 0x614 - pdb path: .;C:\Program Files\Android\Android Studio\jbr\bin;C:\WINDOWS\SYSTEM32;C:\WINDOWS\WinSxS\amd64_microsoft.windows.common-controls_6595b64144ccf1df_6.0.26100.8037_none_3e092faae333b53b;C:\Program Files\Android\Android Studio\jbr\bin\server

VM Arguments:
java_command: org.jetbrains.kotlin.cli.jvm.K2JVMCompiler @D:\PROJECT DAN REFERENSI\PROJECT MOBILE APPS\MedanSafe\app\build\20260413_7356235608358411053.compiler.options
java_class_path (initial): C:\Users\MyBook Hype\.gradle\caches\modules-2\files-2.1\org.jetbrains.kotlin\kotlin-compiler-embeddable\1.9.0\2c8c3a7402becca891f12739b3e9fd2dc2adbd7a\kotlin-compiler-embeddable-1.9.0.jar;C:\Users\MyBook Hype\.gradle\caches\modules-2\files-2.1\org.jetbrains.kotlin\kotlin-stdlib\1.9.0\8ee15ef0c67dc83d874f412d84378d7f0eb50b63\kotlin-stdlib-1.9.0.jar;C:\Users\MyBook Hype\.gradle\caches\modules-2\files-2.1\org.jetbrains.kotlin\kotlin-script-runtime\1.9.0\4b3102cbbb7e1b58d9d1adf89563f00069ffa7d1\kotlin-script-runtime-1.9.0.jar;C:\Users\MyBook Hype\.gradle\caches\modules-2\files-2.1\org.jetbrains.kotlin\kotlin-reflect\1.6.10\1cbe9c92c12a94eea200d23c2bbaedaf3daf5132\kotlin-reflect-1.6.10.jar;C:\Users\MyBook Hype\.gradle\caches\modules-2\files-2.1\org.jetbrains.kotlin\kotlin-daemon-embeddable\1.9.0\186543f5e28cf8d9a0290fecc2cf34301c40a65c\kotlin-daemon-embeddable-1.9.0.jar;C:\Users\MyBook Hype\.gradle\caches\modules-2\files-2.1\org.jetbrains.intellij.deps\trove4j\1.0.20200330\3afb14d5f9ceb459d724e907a21145e8ff394f02\trove4j-1.0.20200330.jar;C:\Users\MyBook Hype\.gradle\caches\modules-2\files-2.1\org.jetbrains.kotlin\kotlin-stdlib-common\1.9.0\cd65c21cfd1eec4d44ef09f9f52b6d9f8a720636\kotlin-stdlib-common-1.9.0.jar;C:\Users\MyBook Hype\.gradle\caches\modules-2\files-2.1\org.jetbrains\annotations\13.0\919f0dfe192fb4e063e7dacadee7f8bb9a2672a9\annotations-13.0.jar
Launcher Type: SUN_STANDARD

[Global flags]
     intx CICompilerCount                          = 3                                         {product} {ergonomic}
     uint ConcGCThreads                            = 1                                         {product} {ergonomic}
     uint G1ConcRefinementThreads                  = 4                                         {product} {ergonomic}
   size_t G1HeapRegionSize                         = 1048576                                   {product} {ergonomic}
    uintx GCDrainStackTargetSize                   = 64                                        {product} {ergonomic}
   size_t InitialHeapSize                          = 130023424                                 {product} {ergonomic}
   size_t MarkStackSize                            = 4194304                                   {product} {ergonomic}
   size_t MaxHeapSize                              = 2080374784                                {product} {ergonomic}
   size_t MaxNewSize                               = 1247805440                                {product} {ergonomic}
   size_t MinHeapDeltaBytes                        = 1048576                                   {product} {ergonomic}
   size_t MinHeapSize                              = 8388608                                   {product} {ergonomic}
    uintx NonNMethodCodeHeapSize                   = 5832780                                {pd product} {ergonomic}
    uintx NonProfiledCodeHeapSize                  = 122912730                              {pd product} {ergonomic}
    uintx ProfiledCodeHeapSize                     = 122912730                              {pd product} {ergonomic}
    uintx ReservedCodeCacheSize                    = 251658240                              {pd product} {ergonomic}
     bool SegmentedCodeCache                       = true                                      {product} {ergonomic}
   size_t SoftMaxHeapSize                          = 2080374784                             {manageable} {ergonomic}
     bool UseCompressedOops                        = true                           {product lp64_product} {ergonomic}
     bool UseG1GC                                  = true                                      {product} {ergonomic}
     bool UseLargePagesIndividualAllocation        = false                                  {pd product} {ergonomic}

Logging:
Log output configuration:
 #0: stdout all=warning uptime,level,tags foldmultilines=false
 #1: stderr all=off uptime,level,tags foldmultilines=false

Release file:
JAVA_VERSION="21.0.9" 
MODULES="java.base java.compiler java.datatransfer java.xml java.prefs java.desktop java.instrument java.logging java.management java.security.sasl java.naming java.rmi java.management.rmi java.net.http java.scripting java.security.jgss java.transaction.xa java.sql java.sql.rowset java.xml.crypto java.se java.smartcardio jdk.accessibility jdk.internal.jvmstat jdk.attach jdk.charsets jdk.internal.opt jdk.zipfs jdk.compiler jdk.crypto.ec jdk.crypto.cryptoki jdk.dynalink jdk.hotspot.agent jdk.httpserver jdk.internal.ed jdk.internal.le jdk.internal.vm.ci jdk.jartool jdk.javadoc jdk.jcmd jdk.jdeps jdk.jdwp.agent jdk.jdi jdk.jfr jdk.jlink jdk.jsobject jdk.localedata jdk.management jdk.management.agent jdk.management.jfr jdk.naming.dns jdk.naming.rmi jdk.net jdk.sctp jdk.security.auth jdk.security.jgss jdk.unsupported jdk.unsupported.desktop jdk.xml.dom" 
IMPLEMENTOR="JetBrains s.r.o." 
JAVA_RUNTIME_VERSION="21.0.9+-14787801-b1163.94" 
LIBC="default" 
OS_ARCH="x86_64" 
OS_NAME="Windows" 
SOURCE=".:git:0c757ddc9f2f" 

Environment Variables:
PATH=C:\Program Files\Eclipse Adoptium\jdk-17.0.18.8-hotspot\bin;C:\Program Files\Eclipse Adoptium\jre-17.0.8.101-hotspot\bin;C:\WINDOWS\system32;C:\WINDOWS;C:\WINDOWS\System32\Wbem;C:\WINDOWS\System32\WindowsPowerShell\v1.0\;C:\WINDOWS\System32\OpenSSH\;C:\Program Files (x86)\Microsoft ASP.NET\ASP.NET Web Pages\v1.0\;C:\Program Files\Microsoft SQL Server\110\Tools\Binn\;C:\Program Files\Microsoft SQL Server\150\Tools\Binn\;C:\Program Files (x86)\Windows Kits\8.0\Windows Performance Toolkit\;C:\wamp64\bin\php\php7.4.33;C:\ProgramData\ComposerSetup\bin;C:\Program Files\nodejs\;C:\Program Files\Git\cmd;C:\Program Files\dotnet\;D:\kotlin\kotlin-compiler-2.3.10\kotlinc\bin;C:\Users\MyBook Hype\AppData\Local\Programs\Python\Python311\Scripts\;C:\Users\MyBook Hype\AppData\Local\Programs\Python\Python311\;C:\Users\MyBook Hype\AppData\Local\Programs\Python\Python313\Scripts\;C:\Users\MyBook Hype\AppData\Local\Programs\Python\Python313\;C:\Users\MyBook Hype\AppData\Local\Programs\Python\Launcher\;C:\Users\MyBook Hype\AppData\Local\Microsoft\WindowsApps;C:\Users\MyBook Hype\AppData\Local\Programs\Microsoft VS Code\bin;C:\Program Files\nodejs\;C:\ProgramData\johanns\GitHubDesktop\bin;C:\Users\MyBook Hype\AppData\Roaming\npm;C:\Users\MyBook Hype\.bun\bin;C:\Users\MyBook Hype\AppData\Local\ComposerSetup\bin;C:\Users\MyBook Hype\AppData\Roaming\Composer\vendor\bin;C:\Users\MyBook Hype\.dotnet\tools;C:\Users\MyBook Hype\AppData\Local\Microsoft\WindowsApps;
USERNAME=johanns
OS=Windows_NT
PROCESSOR_IDENTIFIER=Intel64 Family 6 Model 126 Stepping 5, GenuineIntel
TMP=C:\Users\MYBOOK~1\AppData\Local\Temp
TEMP=C:\Users\MYBOOK~1\AppData\Local\Temp




Periodic native trim disabled

JNI global refs:
JNI global refs: 11, weak refs: 10

JNI global refs memory usage: 835, weak refs: 833

Process memory usage:
Resident Set Size: 363872K (4% of 8121160K total physical memory with 617504K free physical memory)

OOME stack traces (most recent first):
Classloader memory used:
Loader jdk.internal.loader.ClassLoaders$AppClassLoader                                 : 57276K
Loader bootstrap                                                                       : 13298K
Loader java.net.URLClassLoader                                                         : 115K

---------------  S Y S T E M  ---------------

OS:
 Windows 11 , 64 bit Build 26100 (10.0.26100.7920)
OS uptime: 0 days 9:25 hours
Hyper-V role detected

CPU: total 4 (initial active 4) (2 cores per cpu, 2 threads per core) family 6 model 126 stepping 5 microcode 0xbc, cx8, cmov, fxsr, ht, mmx, 3dnowpref, sse, sse2, sse3, ssse3, sse4.1, sse4.2, popcnt, lzcnt, tsc, tscinvbit, avx, avx2, aes, erms, clmul, bmi1, bmi2, adx, avx512f, avx512dq, avx512cd, avx512bw, avx512vl, sha, fma, vzeroupper, avx512_vpopcntdq, avx512_vpclmulqdq, avx512_vaes, avx512_vnni, clflush, clflushopt, avx512_vbmi2, avx512_vbmi, hv, rdtscp, rdpid, fsrm, gfni, avx512_bitalg, f16c, avx512_ifma
Processor Information for the first 4 processors :
  Max Mhz: 1190, Current Mhz: 1190, Mhz Limit: 1190

Memory: 4k page, system-wide physical 7930M (603M free)
TotalPageFile size 12026M (AvailPageFile size 13M)
current process WorkingSet (physical memory assigned to process): 356M, peak: 356M
current process commit charge ("private bytes"): 383M, peak: 387M

vm_info: OpenJDK 64-Bit Server VM (21.0.9+-14787801-b1163.94) for windows-amd64 JRE (21.0.9+-14787801-b1163.94), built on 2026-01-27T21:15:44Z by "builder" with MS VC++ 16.10 / 16.11 (VS2019)

END.
