#
# There is insufficient memory for the Java Runtime Environment to continue.
# Native memory allocation (malloc) failed to allocate 1589936 bytes. Error detail: Chunk::new
# Possible reasons:
#   The system is out of physical RAM or swap space
#   This process is running with CompressedOops enabled, and the Java Heap may be blocking the growth of the native heap
# Possible solutions:
#   Reduce memory load on the system
#   Increase physical memory or swap space
#   Check if swap backing store is full
#   Decrease Java heap size (-Xmx/-Xms)
#   Decrease number of Java threads
#   Decrease Java thread stack sizes (-Xss)
#   Set larger code cache with -XX:ReservedCodeCacheSize=
#   JVM is running with Zero Based Compressed Oops mode in which the Java heap is
#     placed in the first 32GB address space. The Java Heap base address is the
#     maximum limit for the native heap growth. Please use -XX:HeapBaseMinAddress
#     to set the Java Heap base and to place the Java Heap above 32GB virtual address.
# This output file may be truncated or incomplete.
#
#  Out of Memory Error (arena.cpp:168), pid=4716, tid=4184
#
# JRE version: OpenJDK Runtime Environment (21.0.9) (build 21.0.9+-14787801-b1163.94)
# Java VM: OpenJDK 64-Bit Server VM (21.0.9+-14787801-b1163.94, mixed mode, tiered, compressed oops, compressed class ptrs, g1 gc, windows-amd64)
# No core dump will be written. Minidumps are not enabled by default on client versions of Windows
#

---------------  S U M M A R Y ------------

Command Line: -XX:MaxMetaspaceSize=512m --add-opens=java.base/java.util=ALL-UNNAMED --add-opens=java.base/java.lang=ALL-UNNAMED --add-opens=java.base/java.lang.invoke=ALL-UNNAMED --add-opens=java.prefs/java.util.prefs=ALL-UNNAMED --add-opens=java.base/java.nio.charset=ALL-UNNAMED --add-opens=java.base/java.net=ALL-UNNAMED --add-opens=java.base/java.util.concurrent.atomic=ALL-UNNAMED -Xmx3072m -Dfile.encoding=UTF-8 -Duser.country=ID -Duser.language=en -Duser.variant -javaagent:C:\Users\MyBook Hype\.gradle\wrapper\dists\gradle-8.7-bin\bhs2wmbdwecv87pi65oeuq5iu\gradle-8.7\lib\agents\gradle-instrumentation-agent-8.7.jar org.gradle.launcher.daemon.bootstrap.GradleDaemon 8.7

Host: Intel(R) Core(TM) i3-1005G1 CPU @ 1.20GHz, 4 cores, 7G,  Windows 11 , 64 bit Build 26100 (10.0.26100.7920)
Time: Sat Apr 18 03:22:45 2026 SE Asia Standard Time elapsed time: 11.791610 seconds (0d 0h 0m 11s)

---------------  T H R E A D  ---------------

Current thread (0x0000022820b756b0):  JavaThread "C2 CompilerThread0" daemon [_thread_in_native, id=4184, stack(0x000000ad79a00000,0x000000ad79b00000) (1024K)]


Current CompileTask:
C2:11791 3079   !   4       java.lang.ClassLoader::loadClass (121 bytes)

Stack: [0x000000ad79a00000,0x000000ad79b00000]
Native frames: (J=compiled Java code, j=interpreted, Vv=VM code, C=native code)
V  [jvm.dll+0x6d6c99]
V  [jvm.dll+0x866b83]
V  [jvm.dll+0x8691ae]
V  [jvm.dll+0x869893]
V  [jvm.dll+0x280776]
V  [jvm.dll+0xc07cd]
V  [jvm.dll+0xc0d03]
V  [jvm.dll+0x3b9831]
V  [jvm.dll+0x3856a7]
V  [jvm.dll+0x384b1a]
V  [jvm.dll+0x249462]
V  [jvm.dll+0x248a31]
V  [jvm.dll+0x1c7344]
V  [jvm.dll+0x2581ae]
V  [jvm.dll+0x2566f6]
V  [jvm.dll+0x3f48a6]
V  [jvm.dll+0x80f118]
V  [jvm.dll+0x6d54ed]
C  [ucrtbase.dll+0x37b0]
C  [KERNEL32.DLL+0x2e8d7]
C  [ntdll.dll+0x8c48c]


---------------  P R O C E S S  ---------------

Threads class SMR info:
_java_thread_list=0x0000022827639640, length=25, elements={
0x00000228087287f0, 0x0000022820b43090, 0x0000022820b4dd00, 0x0000022820b50d30,
0x0000022820b70640, 0x0000022820b710a0, 0x0000022820b71b00, 0x0000022820b72690,
0x0000022820b756b0, 0x0000022820b66f50, 0x0000022820ea7980, 0x0000022826ab6690,
0x000002282651d7b0, 0x000002282720a070, 0x000002282642cde0, 0x000002282642d450,
0x0000022826345e30, 0x00000228263457a0, 0x00000228275c3d60, 0x00000228275c36d0,
0x00000228275c43f0, 0x00000228275c4a80, 0x00000228275c5110, 0x00000228275c3040,
0x00000228273b0b60
}

Java Threads: ( => current thread )
  0x00000228087287f0 JavaThread "main"                              [_thread_blocked, id=10224, stack(0x000000ad78b00000,0x000000ad78c00000) (1024K)]
  0x0000022820b43090 JavaThread "Common-Cleaner"             daemon [_thread_blocked, id=10636, stack(0x000000ad79300000,0x000000ad79400000) (1024K)]
  0x0000022820b4dd00 JavaThread "Reference Handler"          daemon [_thread_blocked, id=5176, stack(0x000000ad79400000,0x000000ad79500000) (1024K)]
  0x0000022820b50d30 JavaThread "Finalizer"                  daemon [_thread_blocked, id=5320, stack(0x000000ad79500000,0x000000ad79600000) (1024K)]
  0x0000022820b70640 JavaThread "Signal Dispatcher"          daemon [_thread_blocked, id=5048, stack(0x000000ad79600000,0x000000ad79700000) (1024K)]
  0x0000022820b710a0 JavaThread "Attach Listener"            daemon [_thread_blocked, id=6228, stack(0x000000ad79700000,0x000000ad79800000) (1024K)]
  0x0000022820b71b00 JavaThread "Service Thread"             daemon [_thread_blocked, id=11768, stack(0x000000ad79800000,0x000000ad79900000) (1024K)]
  0x0000022820b72690 JavaThread "Monitor Deflation Thread"   daemon [_thread_blocked, id=11696, stack(0x000000ad79900000,0x000000ad79a00000) (1024K)]
=>0x0000022820b756b0 JavaThread "C2 CompilerThread0"         daemon [_thread_in_native, id=4184, stack(0x000000ad79a00000,0x000000ad79b00000) (1024K)]
  0x0000022820b66f50 JavaThread "C1 CompilerThread0"         daemon [_thread_blocked, id=10572, stack(0x000000ad79b00000,0x000000ad79c00000) (1024K)]
  0x0000022820ea7980 JavaThread "Notification Thread"        daemon [_thread_blocked, id=8548, stack(0x000000ad79c00000,0x000000ad79d00000) (1024K)]
  0x0000022826ab6690 JavaThread "Daemon health stats"               [_thread_blocked, id=8604, stack(0x000000ad7a100000,0x000000ad7a200000) (1024K)]
  0x000002282651d7b0 JavaThread "Incoming local TCP Connector on port 16863"        [_thread_in_native, id=7444, stack(0x000000ad7a200000,0x000000ad7a300000) (1024K)]
  0x000002282720a070 JavaThread "Daemon periodic checks"            [_thread_blocked, id=10644, stack(0x000000ad7a300000,0x000000ad7a400000) (1024K)]
  0x000002282642cde0 JavaThread "Daemon"                            [_thread_blocked, id=8144, stack(0x000000ad7a400000,0x000000ad7a500000) (1024K)]
  0x000002282642d450 JavaThread "Handler for socket connection from /127.0.0.1:16863 to /127.0.0.1:16864"        [_thread_in_native, id=10948, stack(0x000000ad7a500000,0x000000ad7a600000) (1024K)]
  0x0000022826345e30 JavaThread "Cancel handler"                    [_thread_blocked, id=10296, stack(0x000000ad7a600000,0x000000ad7a700000) (1024K)]
  0x00000228263457a0 JavaThread "Daemon worker"                     [_thread_in_native, id=1012, stack(0x000000ad7a700000,0x000000ad7a800000) (1024K)]
  0x00000228275c3d60 JavaThread "Asynchronous log dispatcher for DefaultDaemonConnection: socket connection from /127.0.0.1:16863 to /127.0.0.1:16864"        [_thread_blocked, id=4536, stack(0x000000ad7a800000,0x000000ad7a900000) (1024K)]
  0x00000228275c36d0 JavaThread "Stdin handler"                     [_thread_blocked, id=11432, stack(0x000000ad7a900000,0x000000ad7aa00000) (1024K)]
  0x00000228275c43f0 JavaThread "Daemon client event forwarder"        [_thread_blocked, id=1600, stack(0x000000ad7aa00000,0x000000ad7ab00000) (1024K)]
  0x00000228275c4a80 JavaThread "Cache worker for journal cache (C:\Users\MyBook Hype\.gradle\caches\journal-1)"        [_thread_blocked, id=6032, stack(0x000000ad79d00000,0x000000ad79e00000) (1024K)]
  0x00000228275c5110 JavaThread "File lock request listener"        [_thread_in_native, id=2700, stack(0x000000ad7ab00000,0x000000ad7ac00000) (1024K)]
  0x00000228275c3040 JavaThread "Cache worker for file hash cache (C:\Users\MyBook Hype\.gradle\caches\8.7\fileHashes)"        [_thread_blocked, id=572, stack(0x000000ad7ac00000,0x000000ad7ad00000) (1024K)]
  0x00000228273b0b60 JavaThread "C2 CompilerThread1"         daemon [_thread_in_native, id=11632, stack(0x000000ad7ad00000,0x000000ad7ae00000) (1024K)]
Total: 25

Other Threads:
  0x00000228209876d0 VMThread "VM Thread"                           [id=2132, stack(0x000000ad79200000,0x000000ad79300000) (1024K)]
  0x000002282092ae80 WatcherThread "VM Periodic Task Thread"        [id=972, stack(0x000000ad79100000,0x000000ad79200000) (1024K)]
  0x000002280877d620 WorkerThread "GC Thread#0"                     [id=2632, stack(0x000000ad78c00000,0x000000ad78d00000) (1024K)]
  0x0000022820ee5c50 WorkerThread "GC Thread#1"                     [id=568, stack(0x000000ad79e00000,0x000000ad79f00000) (1024K)]
  0x0000022820ee6200 WorkerThread "GC Thread#2"                     [id=2804, stack(0x000000ad79f00000,0x000000ad7a000000) (1024K)]
  0x000002282538e3b0 WorkerThread "GC Thread#3"                     [id=11308, stack(0x000000ad7a000000,0x000000ad7a100000) (1024K)]
  0x000002280878b350 ConcurrentGCThread "G1 Main Marker"            [id=10556, stack(0x000000ad78d00000,0x000000ad78e00000) (1024K)]
  0x000002280878c500 WorkerThread "G1 Conc#0"                       [id=1152, stack(0x000000ad78e00000,0x000000ad78f00000) (1024K)]
  0x00000228207f4b50 ConcurrentGCThread "G1 Refine#0"               [id=1040, stack(0x000000ad78f00000,0x000000ad79000000) (1024K)]
  0x00000228207f6380 ConcurrentGCThread "G1 Service"                [id=5588, stack(0x000000ad79000000,0x000000ad79100000) (1024K)]
Total: 10

Threads with active compile tasks:
C2 CompilerThread0  11922 3079   !   4       java.lang.ClassLoader::loadClass (121 bytes)
C2 CompilerThread1  11922 3102   !   4       java.net.URLClassLoader::findClass (47 bytes)
Total: 2

VM state: not at safepoint (normal execution)

VM Mutex/Monitor currently owned by a thread: None

Heap address: 0x0000000740000000, size: 3072 MB, Compressed Oops mode: Zero based, Oop shift amount: 3

CDS archive(s) not mapped
Compressed class space mapped at: 0x0000000800000000-0x000000081a000000, reserved size: 436207616
Narrow klass base: 0x0000000800000000, Narrow klass shift: 0, Narrow klass range: 0x1a000000

GC Precious Log:
 CardTable entry size: 512
 Card Set container configuration: InlinePtr #cards 4 size 8 Array Of Cards #cards 16 size 48 Howl #buckets 8 coarsen threshold 3686 Howl Bitmap #cards 512 size 80 coarsen threshold 460 Card regions per heap region 1 cards per card region 4096
 CPUs: 4 total, 4 available
 Memory: 7930M
 Large Page Support: Disabled
 NUMA Support: Disabled
 Compressed Oops: Enabled (Zero based)
 Heap Region Size: 2M
 Heap Min Capacity: 8M
 Heap Initial Capacity: 124M
 Heap Max Capacity: 3G
 Pre-touch: Disabled
 Parallel Workers: 4
 Concurrent Workers: 1
 Concurrent Refinement Workers: 4
 Periodic GC: Disabled

Heap:
 garbage-first heap   total 69632K, used 43515K [0x0000000740000000, 0x0000000800000000)
  region size 2048K, 13 young (26624K), 1 survivors (2048K)
 Metaspace       used 30058K, committed 30592K, reserved 491520K
  class space    used 3971K, committed 4224K, reserved 425984K

Heap Regions: E=young(eden), S=young(survivor), O=old, HS=humongous(starts), HC=humongous(continues), CS=collection set, F=free, TAMS=top-at-mark-start, PB=parsable bottom
|   0|0x0000000740000000, 0x0000000740200000, 0x0000000740200000|100%|HS|  |TAMS 0x0000000740000000| PB 0x0000000740000000| Complete 
|   1|0x0000000740200000, 0x0000000740400000, 0x0000000740400000|100%|HC|  |TAMS 0x0000000740200000| PB 0x0000000740200000| Complete 
|   2|0x0000000740400000, 0x0000000740600000, 0x0000000740600000|100%| O|  |TAMS 0x0000000740400000| PB 0x0000000740400000| Untracked 
|   3|0x0000000740600000, 0x0000000740800000, 0x0000000740800000|100%| O|  |TAMS 0x0000000740600000| PB 0x0000000740600000| Untracked 
|   4|0x0000000740800000, 0x00000007409be038, 0x0000000740a00000| 87%| O|  |TAMS 0x0000000740800000| PB 0x0000000740800000| Untracked 
|   5|0x0000000740a00000, 0x0000000740c00000, 0x0000000740c00000|100%| O|  |TAMS 0x0000000740a00000| PB 0x0000000740a00000| Untracked 
|   6|0x0000000740c00000, 0x0000000740e00000, 0x0000000740e00000|100%| O|  |TAMS 0x0000000740c00000| PB 0x0000000740c00000| Untracked 
|   7|0x0000000740e00000, 0x0000000741000000, 0x0000000741000000|100%| O|  |TAMS 0x0000000740e00000| PB 0x0000000740e00000| Untracked 
|   8|0x0000000741000000, 0x0000000741200000, 0x0000000741200000|100%| O|  |TAMS 0x0000000741000000| PB 0x0000000741000000| Untracked 
|   9|0x0000000741200000, 0x00000007412dc780, 0x0000000741400000| 43%| O|  |TAMS 0x0000000741200000| PB 0x0000000741200000| Untracked 
|  10|0x0000000741400000, 0x0000000741400000, 0x0000000741600000|  0%| F|  |TAMS 0x0000000741400000| PB 0x0000000741400000| Untracked 
|  11|0x0000000741600000, 0x0000000741600000, 0x0000000741800000|  0%| F|  |TAMS 0x0000000741600000| PB 0x0000000741600000| Untracked 
|  12|0x0000000741800000, 0x0000000741800000, 0x0000000741a00000|  0%| F|  |TAMS 0x0000000741800000| PB 0x0000000741800000| Untracked 
|  13|0x0000000741a00000, 0x0000000741be47a0, 0x0000000741c00000| 94%| S|CS|TAMS 0x0000000741a00000| PB 0x0000000741a00000| Complete 
|  14|0x0000000741c00000, 0x0000000741c00000, 0x0000000741e00000|  0%| F|  |TAMS 0x0000000741c00000| PB 0x0000000741c00000| Untracked 
|  15|0x0000000741e00000, 0x0000000741e00000, 0x0000000742000000|  0%| F|  |TAMS 0x0000000741e00000| PB 0x0000000741e00000| Untracked 
|  16|0x0000000742000000, 0x0000000742000000, 0x0000000742200000|  0%| F|  |TAMS 0x0000000742000000| PB 0x0000000742000000| Untracked 
|  17|0x0000000742200000, 0x0000000742200000, 0x0000000742400000|  0%| F|  |TAMS 0x0000000742200000| PB 0x0000000742200000| Untracked 
|  18|0x0000000742400000, 0x0000000742400000, 0x0000000742600000|  0%| F|  |TAMS 0x0000000742400000| PB 0x0000000742400000| Untracked 
|  19|0x0000000742600000, 0x0000000742600000, 0x0000000742800000|  0%| F|  |TAMS 0x0000000742600000| PB 0x0000000742600000| Untracked 
|  20|0x0000000742800000, 0x0000000742800000, 0x0000000742a00000|  0%| F|  |TAMS 0x0000000742800000| PB 0x0000000742800000| Untracked 
|  21|0x0000000742a00000, 0x0000000742a00000, 0x0000000742c00000|  0%| F|  |TAMS 0x0000000742a00000| PB 0x0000000742a00000| Untracked 
|  22|0x0000000742c00000, 0x0000000742cba0b0, 0x0000000742e00000| 36%| E|  |TAMS 0x0000000742c00000| PB 0x0000000742c00000| Complete 
|  23|0x0000000742e00000, 0x0000000743000000, 0x0000000743000000|100%| E|CS|TAMS 0x0000000742e00000| PB 0x0000000742e00000| Complete 
|  24|0x0000000743000000, 0x0000000743200000, 0x0000000743200000|100%| E|CS|TAMS 0x0000000743000000| PB 0x0000000743000000| Complete 
|  25|0x0000000743200000, 0x0000000743400000, 0x0000000743400000|100%| E|CS|TAMS 0x0000000743200000| PB 0x0000000743200000| Complete 
|  26|0x0000000743400000, 0x0000000743600000, 0x0000000743600000|100%| E|CS|TAMS 0x0000000743400000| PB 0x0000000743400000| Complete 
|  27|0x0000000743600000, 0x0000000743800000, 0x0000000743800000|100%| E|CS|TAMS 0x0000000743600000| PB 0x0000000743600000| Complete 
|  39|0x0000000744e00000, 0x0000000745000000, 0x0000000745000000|100%| E|CS|TAMS 0x0000000744e00000| PB 0x0000000744e00000| Complete 
|  40|0x0000000745000000, 0x0000000745200000, 0x0000000745200000|100%| E|CS|TAMS 0x0000000745000000| PB 0x0000000745000000| Complete 
|  41|0x0000000745200000, 0x0000000745400000, 0x0000000745400000|100%| E|CS|TAMS 0x0000000745200000| PB 0x0000000745200000| Complete 
|  42|0x0000000745400000, 0x0000000745600000, 0x0000000745600000|100%| E|CS|TAMS 0x0000000745400000| PB 0x0000000745400000| Complete 
|  43|0x0000000745600000, 0x0000000745800000, 0x0000000745800000|100%| E|CS|TAMS 0x0000000745600000| PB 0x0000000745600000| Complete 
|  61|0x0000000747a00000, 0x0000000747c00000, 0x0000000747c00000|100%| E|CS|TAMS 0x0000000747a00000| PB 0x0000000747a00000| Complete 

Card table byte_map: [0x000002281ae90000,0x000002281b490000] _byte_map_base: 0x0000022817490000

Marking Bits: (CMBitMap*) 0x000002280877dc30
 Bits: [0x000002281b490000, 0x000002281e490000)

Polling page: 0x0000022806540000

Metaspace:

Usage:
  Non-class:     25.48 MB used.
      Class:      3.88 MB used.
       Both:     29.36 MB used.

Virtual space:
  Non-class space:       64.00 MB reserved,      25.75 MB ( 40%) committed,  1 nodes.
      Class space:      416.00 MB reserved,       4.12 MB ( <1%) committed,  1 nodes.
             Both:      480.00 MB reserved,      29.88 MB (  6%) committed. 

Chunk freelists:
   Non-Class:  5.75 MB
       Class:  11.88 MB
        Both:  17.62 MB

MaxMetaspaceSize: 512.00 MB
CompressedClassSpaceSize: 416.00 MB
Initial GC threshold: 21.00 MB
Current GC threshold: 35.25 MB
CDS: off
 - commit_granule_bytes: 65536.
 - commit_granule_words: 8192.
 - virtual_space_node_default_size: 8388608.
 - enlarge_chunks_in_place: 1.
 - use_allocation_guard: 0.


Internal statistics:

num_allocs_failed_limit: 3.
num_arena_births: 772.
num_arena_deaths: 0.
num_vsnodes_births: 2.
num_vsnodes_deaths: 0.
num_space_committed: 478.
num_space_uncommitted: 0.
num_chunks_returned_to_freelist: 3.
num_chunks_taken_from_freelist: 1570.
num_chunk_merges: 3.
num_chunk_splits: 1012.
num_chunks_enlarged: 668.
num_inconsistent_stats: 0.

CodeHeap 'non-profiled nmethods': size=120000Kb used=1915Kb max_used=1915Kb free=118084Kb
 bounds [0x0000022813360000, 0x00000228135d0000, 0x000002281a890000]
CodeHeap 'profiled nmethods': size=120000Kb used=6171Kb max_used=6171Kb free=113828Kb
 bounds [0x000002280b890000, 0x000002280bea0000, 0x0000022812dc0000]
CodeHeap 'non-nmethods': size=5760Kb used=1534Kb max_used=1605Kb free=4225Kb
 bounds [0x0000022812dc0000, 0x0000022813030000, 0x0000022813360000]
CodeCache: size=245760Kb, used=9620Kb, max_used=9691Kb, free=236137Kb
 total_blobs=3682, nmethods=3109, adapters=477, full_count=0
Compilation: enabled, stopped_count=0, restarted_count=0

Compilation events (20 events):
Event: 11.478 Thread 0x0000022820b66f50 nmethod 3100 0x000002280be91010 code [0x000002280be911e0, 0x000002280be916f8]
Event: 11.478 Thread 0x0000022820b66f50 3099       3       java.lang.WeakPairMap$Pair$Lookup::equals (31 bytes)
Event: 11.479 Thread 0x00000228273b0b60 3101       4       java.util.HashMap::getNode (150 bytes)
Event: 11.479 Thread 0x0000022820b66f50 nmethod 3099 0x000002280be91890 code [0x000002280be91a80, 0x000002280be92118]
Event: 11.489 Thread 0x00000228273b0b60 nmethod 3101 0x000002281353e190 code [0x000002281353e340, 0x000002281353e648]
Event: 11.517 Thread 0x00000228273b0b60 3102   !   4       java.net.URLClassLoader::findClass (47 bytes)
Event: 11.551 Thread 0x0000022820b66f50 3105       3       sun.reflect.annotation.AnnotationParser::parseArray (234 bytes)
Event: 11.554 Thread 0x0000022820b66f50 nmethod 3105 0x000002280be92290 code [0x000002280be92680, 0x000002280be93858]
Event: 11.557 Thread 0x0000022820b66f50 3107       3       jdk.internal.reflect.ReflectionFactory::copyConstructor (11 bytes)
Event: 11.557 Thread 0x0000022820b66f50 nmethod 3107 0x000002280be93d10 code [0x000002280be93ec0, 0x000002280be940b8]
Event: 11.557 Thread 0x0000022820b66f50 3108       3       java.lang.reflect.ReflectAccess::copyConstructor (5 bytes)
Event: 11.558 Thread 0x0000022820b66f50 nmethod 3108 0x000002280be94210 code [0x000002280be943c0, 0x000002280be94500]
Event: 11.571 Thread 0x0000022820b66f50 3109       3       java.lang.Class::privateGetDeclaredConstructors (79 bytes)
Event: 11.572 Thread 0x0000022820b66f50 nmethod 3109 0x000002280be94610 code [0x000002280be94820, 0x000002280be94d38]
Event: 11.618 Thread 0x0000022820b66f50 3110       3       java.lang.invoke.LambdaFormBuffer::lambdaForm (37 bytes)
Event: 11.618 Thread 0x0000022820b66f50 nmethod 3110 0x000002280be94f10 code [0x000002280be95100, 0x000002280be954e8]
Event: 11.619 Thread 0x0000022820b66f50 3111       3       jdk.internal.reflect.DirectMethodHandleAccessor::checkArgumentCount (53 bytes)
Event: 11.620 Thread 0x0000022820b66f50 nmethod 3111 0x000002280be95690 code [0x000002280be95900, 0x000002280be96070]
Event: 11.660 Thread 0x0000022820b66f50 3113       3       jdk.internal.misc.Unsafe::putReferenceOpaque (9 bytes)
Event: 11.660 Thread 0x0000022820b66f50 nmethod 3113 0x000002280be96390 code [0x000002280be96520, 0x000002280be96688]

GC Heap History (10 events):
Event: 1.413 GC heap before
{Heap before GC invocations=0 (full 0):
 garbage-first heap   total 126976K, used 12288K [0x0000000740000000, 0x0000000800000000)
  region size 2048K, 6 young (12288K), 0 survivors (0K)
 Metaspace       used 7881K, committed 8064K, reserved 491520K
  class space    used 743K, committed 832K, reserved 425984K
}
Event: 1.421 GC heap after
{Heap after GC invocations=1 (full 0):
 garbage-first heap   total 126976K, used 1578K [0x0000000740000000, 0x0000000800000000)
  region size 2048K, 1 young (2048K), 1 survivors (2048K)
 Metaspace       used 7881K, committed 8064K, reserved 491520K
  class space    used 743K, committed 832K, reserved 425984K
}
Event: 2.669 GC heap before
{Heap before GC invocations=1 (full 0):
 garbage-first heap   total 126976K, used 22058K [0x0000000740000000, 0x0000000800000000)
  region size 2048K, 9 young (18432K), 1 survivors (2048K)
 Metaspace       used 9798K, committed 9984K, reserved 491520K
  class space    used 962K, committed 1024K, reserved 425984K
}
Event: 2.684 GC heap after
{Heap after GC invocations=2 (full 0):
 garbage-first heap   total 126976K, used 10056K [0x0000000740000000, 0x0000000800000000)
  region size 2048K, 2 young (4096K), 2 survivors (4096K)
 Metaspace       used 9798K, committed 9984K, reserved 491520K
  class space    used 962K, committed 1024K, reserved 425984K
}
Event: 5.833 GC heap before
{Heap before GC invocations=2 (full 0):
 garbage-first heap   total 126976K, used 79688K [0x0000000740000000, 0x0000000800000000)
  region size 2048K, 37 young (75776K), 2 survivors (4096K)
 Metaspace       used 12425K, committed 12608K, reserved 491520K
  class space    used 1323K, committed 1408K, reserved 425984K
}
Event: 5.855 GC heap after
{Heap after GC invocations=3 (full 0):
 garbage-first heap   total 126976K, used 14710K [0x0000000740000000, 0x0000000800000000)
  region size 2048K, 5 young (10240K), 5 survivors (10240K)
 Metaspace       used 12425K, committed 12608K, reserved 491520K
  class space    used 1323K, committed 1408K, reserved 425984K
}
Event: 8.871 GC heap before
{Heap before GC invocations=3 (full 0):
 garbage-first heap   total 126976K, used 49526K [0x0000000740000000, 0x0000000800000000)
  region size 2048K, 23 young (47104K), 5 survivors (10240K)
 Metaspace       used 21194K, committed 21504K, reserved 491520K
  class space    used 2502K, committed 2624K, reserved 425984K
}
Event: 8.891 GC heap after
{Heap after GC invocations=4 (full 0):
 garbage-first heap   total 126976K, used 19365K [0x0000000740000000, 0x0000000800000000)
  region size 2048K, 5 young (10240K), 5 survivors (10240K)
 Metaspace       used 21194K, committed 21504K, reserved 491520K
  class space    used 2502K, committed 2624K, reserved 425984K
}
Event: 10.531 GC heap before
{Heap before GC invocations=5 (full 0):
 garbage-first heap   total 69632K, used 50085K [0x0000000740000000, 0x0000000800000000)
  region size 2048K, 20 young (40960K), 5 survivors (10240K)
 Metaspace       used 26742K, committed 27200K, reserved 491520K
  class space    used 3372K, committed 3520K, reserved 425984K
}
Event: 10.550 GC heap after
{Heap after GC invocations=6 (full 0):
 garbage-first heap   total 69632K, used 20987K [0x0000000740000000, 0x0000000800000000)
  region size 2048K, 1 young (2048K), 1 survivors (2048K)
 Metaspace       used 26742K, committed 27200K, reserved 491520K
  class space    used 3372K, committed 3520K, reserved 425984K
}

Dll operation events (3 events):
Event: 0.035 Loaded shared library C:\Program Files\Android\Android Studio\jbr\bin\java.dll
Event: 0.051 Loaded shared library C:\Program Files\Android\Android Studio\jbr\bin\zip.dll
Event: 2.083 Loaded shared library C:\Program Files\Android\Android Studio\jbr\bin\verify.dll

Deoptimization events (20 events):
Event: 9.904 Thread 0x00000228263457a0 Uncommon trap: trap_request=0xffffff45 fr.pc=0x000002281339c27c relative=0x000000000000013c
Event: 9.904 Thread 0x00000228263457a0 Uncommon trap: reason=unstable_if action=reinterpret pc=0x000002281339c27c method=java.util.regex.Matcher.reset()Ljava/util/regex/Matcher; @ 47 c2
Event: 9.904 Thread 0x00000228263457a0 DEOPT PACKING pc=0x000002281339c27c sp=0x000000ad7a7fb070
Event: 9.904 Thread 0x00000228263457a0 DEOPT UNPACKING pc=0x0000022812e17ba2 sp=0x000000ad7a7fb020 mode 2
Event: 10.067 Thread 0x00000228263457a0 Uncommon trap: trap_request=0xffffff45 fr.pc=0x00000228133a33cc relative=0x0000000000000e4c
Event: 10.067 Thread 0x00000228263457a0 Uncommon trap: reason=unstable_if action=reinterpret pc=0x00000228133a33cc method=java.io.WinNTFileSystem.resolve(Ljava/lang/String;Ljava/lang/String;)Ljava/lang/String; @ 19 c2
Event: 10.067 Thread 0x00000228263457a0 DEOPT PACKING pc=0x00000228133a33cc sp=0x000000ad7a7fbfa0
Event: 10.068 Thread 0x00000228263457a0 DEOPT UNPACKING pc=0x0000022812e17ba2 sp=0x000000ad7a7fbf38 mode 2
Event: 10.073 Thread 0x00000228263457a0 Uncommon trap: trap_request=0xffffff45 fr.pc=0x00000228134107cc relative=0x00000000000005ec
Event: 10.073 Thread 0x00000228263457a0 Uncommon trap: reason=unstable_if action=reinterpret pc=0x00000228134107cc method=java.io.File.getName()Ljava/lang/String; @ 16 c2
Event: 10.073 Thread 0x00000228263457a0 DEOPT PACKING pc=0x00000228134107cc sp=0x000000ad7a7fbf10
Event: 10.073 Thread 0x00000228263457a0 DEOPT UNPACKING pc=0x0000022812e17ba2 sp=0x000000ad7a7fbee0 mode 2
Event: 10.241 Thread 0x00000228263457a0 Uncommon trap: trap_request=0xffffff45 fr.pc=0x00000228134d70c8 relative=0x00000000000007c8
Event: 10.241 Thread 0x00000228263457a0 Uncommon trap: reason=unstable_if action=reinterpret pc=0x00000228134d70c8 method=java.util.HashMap.hash(Ljava/lang/Object;)I @ 1 c2
Event: 10.241 Thread 0x00000228263457a0 DEOPT PACKING pc=0x00000228134d70c8 sp=0x000000ad7a7fcc90
Event: 10.241 Thread 0x00000228263457a0 DEOPT UNPACKING pc=0x0000022812e17ba2 sp=0x000000ad7a7fcc10 mode 2
Event: 10.345 Thread 0x00000228263457a0 Uncommon trap: trap_request=0xffffff45 fr.pc=0x00000228134f34fc relative=0x000000000000063c
Event: 10.345 Thread 0x00000228263457a0 Uncommon trap: reason=unstable_if action=reinterpret pc=0x00000228134f34fc method=java.util.ArrayList.grow(I)[Ljava/lang/Object; @ 17 c2
Event: 10.345 Thread 0x00000228263457a0 DEOPT PACKING pc=0x00000228134f34fc sp=0x000000ad7a7fd810
Event: 10.345 Thread 0x00000228263457a0 DEOPT UNPACKING pc=0x0000022812e17ba2 sp=0x000000ad7a7fd7c8 mode 2

Classes loaded (20 events):
Event: 10.621 Loading class java/util/Collections$2
Event: 10.621 Loading class java/util/Collections$2 done
Event: 10.878 Loading class java/util/function/LongFunction
Event: 10.878 Loading class java/util/function/LongFunction done
Event: 10.960 Loading class java/security/InvalidKeyException
Event: 10.960 Loading class java/security/KeyException
Event: 10.961 Loading class java/security/KeyException done
Event: 10.962 Loading class java/security/InvalidKeyException done
Event: 11.147 Loading class java/util/regex/Pattern$Dollar
Event: 11.148 Loading class java/util/regex/Pattern$Dollar done
Event: 11.168 Loading class java/io/ObjectOutputStream
Event: 11.169 Loading class java/io/ObjectOutput
Event: 11.170 Loading class java/io/ObjectOutput done
Event: 11.170 Loading class java/io/ObjectStreamConstants
Event: 11.170 Loading class java/io/ObjectStreamConstants done
Event: 11.170 Loading class java/io/ObjectOutputStream done
Event: 11.172 Loading class java/io/ObjectInputStream
Event: 11.173 Loading class java/io/ObjectInput
Event: 11.173 Loading class java/io/ObjectInput done
Event: 11.174 Loading class java/io/ObjectInputStream done

Classes unloaded (0 events):
No events

Classes redefined (0 events):
No events

Internal exceptions (20 events):
Event: 10.455 Thread 0x00000228263457a0 Exception <a 'java/lang/NoSuchMethodError'{0x0000000741c36ea0}: 'java.lang.Object java.lang.invoke.DirectMethodHandle$Holder.invokeStatic(java.lang.Object, java.lang.Object, java.lang.Object, java.lang.Object, java.lang.Object, java.lang.Object, java.lang.Object, java.lang.Object, java.lang.Object, java.lang.Object, java.lang.Object, java.lang.Object, java.lang.Object, java.lang.Object, java.lang.Object, java.lang.Object, java.lang.Object, java.lang.Object, java.lang.Object)'> (0x0000000741c36ea0) 
thrown 
Event: 10.460 Thread 0x00000228263457a0 Exception <a 'java/lang/NoSuchMethodError'{0x0000000741c629e0}: 'java.lang.Object java.lang.invoke.DirectMethodHandle$Holder.invokeStatic(java.lang.Object, java.lang.Object, java.lang.Object, java.lang.Object, java.lang.Object, java.lang.Object, java.lang.Object, java.lang.Object, java.lang.Object, java.lang.Object, java.lang.Object, java.lang.Object, java.lang.Object, java.lang.Object, java.lang.Object, java.lang.Object, java.lang.Object, java.lang.Object, java.lang.Object, java.lang.Object)'> (0x00000007
Event: 10.465 Thread 0x00000228263457a0 Exception <a 'java/lang/NoSuchMethodError'{0x0000000741c8c130}: 'java.lang.Object java.lang.invoke.DirectMethodHandle$Holder.invokeStatic(java.lang.Object, java.lang.Object, java.lang.Object, java.lang.Object, java.lang.Object, java.lang.Object, java.lang.Object, java.lang.Object, java.lang.Object, java.lang.Object, java.lang.Object, java.lang.Object, java.lang.Object, java.lang.Object, java.lang.Object, java.lang.Object, java.lang.Object, java.lang.Object, java.lang.Object, java.lang.Object, java.lang.Obj
Event: 10.472 Thread 0x00000228263457a0 Exception <a 'java/lang/NoSuchMethodError'{0x0000000741cbcfd0}: 'java.lang.Object java.lang.invoke.DirectMethodHandle$Holder.invokeStatic(java.lang.Object, java.lang.Object, java.lang.Object, java.lang.Object, java.lang.Object, java.lang.Object, java.lang.Object, java.lang.Object, java.lang.Object, java.lang.Object, java.lang.Object, java.lang.Object, java.lang.Object, java.lang.Object, java.lang.Object, java.lang.Object, java.lang.Object, java.lang.Object, java.lang.Object, java.lang.Object, java.lang.Obj
Event: 10.477 Thread 0x00000228263457a0 Exception <a 'java/lang/NoSuchMethodError'{0x0000000741ceb508}: 'java.lang.Object java.lang.invoke.DirectMethodHandle$Holder.invokeStatic(java.lang.Object, java.lang.Object, java.lang.Object, java.lang.Object, java.lang.Object, java.lang.Object, java.lang.Object, java.lang.Object, java.lang.Object, java.lang.Object, java.lang.Object, java.lang.Object, java.lang.Object, java.lang.Object, java.lang.Object, java.lang.Object, java.lang.Object, java.lang.Object, java.lang.Object, java.lang.Object, java.lang.Obj
Event: 10.485 Thread 0x00000228263457a0 Exception <a 'java/lang/NoSuchMethodError'{0x0000000741d1a770}: 'java.lang.Object java.lang.invoke.DirectMethodHandle$Holder.invokeStatic(java.lang.Object, java.lang.Object, java.lang.Object, java.lang.Object, java.lang.Object, java.lang.Object, java.lang.Object, java.lang.Object, java.lang.Object, java.lang.Object, java.lang.Object, java.lang.Object, java.lang.Object, java.lang.Object, java.lang.Object, java.lang.Object, java.lang.Object, java.lang.Object, java.lang.Object, java.lang.Object, java.lang.Obj
Event: 10.491 Thread 0x00000228263457a0 Exception <a 'java/lang/NoSuchMethodError'{0x0000000741d4a7d8}: 'java.lang.Object java.lang.invoke.DirectMethodHandle$Holder.invokeStatic(java.lang.Object, java.lang.Object, java.lang.Object, java.lang.Object, java.lang.Object, java.lang.Object, java.lang.Object, java.lang.Object, java.lang.Object, java.lang.Object, java.lang.Object, java.lang.Object, java.lang.Object, java.lang.Object, java.lang.Object, java.lang.Object, java.lang.Object, java.lang.Object, java.lang.Object, java.lang.Object, java.lang.Obj
Event: 10.498 Thread 0x00000228263457a0 Exception <a 'java/lang/NoSuchMethodError'{0x0000000741d7c300}: 'java.lang.Object java.lang.invoke.DirectMethodHandle$Holder.invokeStatic(java.lang.Object, java.lang.Object, java.lang.Object, java.lang.Object, java.lang.Object, java.lang.Object, java.lang.Object, java.lang.Object, java.lang.Object, java.lang.Object, java.lang.Object, java.lang.Object, java.lang.Object, java.lang.Object, java.lang.Object, java.lang.Object, java.lang.Object, java.lang.Object, java.lang.Object, java.lang.Object, java.lang.Obj
Event: 10.582 Thread 0x00000228263457a0 Exception <a 'java/lang/IncompatibleClassChangeError'{0x0000000747a93778}: Found class java.lang.Object, but interface was expected> (0x0000000747a93778) 
thrown [s\src\hotspot\share\interpreter\linkResolver.cpp, line 851]
Event: 10.724 Thread 0x00000228263457a0 Exception <a 'sun/nio/fs/WindowsException'{0x0000000745731370}> (0x0000000745731370) 
thrown [s\src\hotspot\share\prims\jni.cpp, line 537]
Event: 11.111 Thread 0x00000228263457a0 Exception <a 'java/lang/IncompatibleClassChangeError'{0x00000007451f36f8}: Found class java.lang.Object, but interface was expected> (0x00000007451f36f8) 
thrown [s\src\hotspot\share\interpreter\linkResolver.cpp, line 851]
Event: 11.127 Thread 0x00000228263457a0 Exception <a 'java/lang/NoSuchMethodError'{0x0000000744e20f28}: 'java.lang.Object java.lang.invoke.DirectMethodHandle$Holder.newInvokeSpecial(java.lang.Object, java.lang.Object, java.lang.Object, java.lang.Object, java.lang.Object, java.lang.Object, java.lang.Object, java.lang.Object, java.lang.Object, java.lang.Object, java.lang.Object, java.lang.Object, java.lang.Object, java.lang.Object)'> (0x0000000744e20f28) 
thrown [s\src\hotspot\share\interpreter\linkResolver.cpp, line 784]
Event: 11.128 Thread 0x00000228263457a0 Exception <a 'java/lang/NoSuchMethodError'{0x0000000744e267d0}: 'java.lang.Object java.lang.invoke.DirectMethodHandle$Holder.invokeSpecial(java.lang.Object, java.lang.Object, java.lang.Object, java.lang.Object, java.lang.Object, java.lang.Object, java.lang.Object, java.lang.Object, java.lang.Object, java.lang.Object, java.lang.Object, java.lang.Object, java.lang.Object, java.lang.Object, java.lang.Object)'> (0x0000000744e267d0) 
thrown [s\src\hotspot\share\interpreter\linkResolver.cpp, line 784]
Event: 11.129 Thread 0x00000228263457a0 Exception <a 'java/lang/NoSuchMethodError'{0x0000000744e2b130}: 'java.lang.Object java.lang.invoke.DelegatingMethodHandle$Holder.reinvoke_L(java.lang.Object, java.lang.Object, java.lang.Object, java.lang.Object, java.lang.Object, java.lang.Object, java.lang.Object, java.lang.Object, java.lang.Object, java.lang.Object, java.lang.Object, java.lang.Object, java.lang.Object, java.lang.Object)'> (0x0000000744e2b130) 
thrown [s\src\hotspot\share\interpreter\linkResolver.cpp, line 784]
Event: 11.194 Thread 0x00000228263457a0 Exception <a 'java/lang/NoSuchMethodError'{0x0000000744f6c848}: 'java.lang.Object java.lang.invoke.DirectMethodHandle$Holder.newInvokeSpecial(java.lang.Object, java.lang.Object, java.lang.Object, java.lang.Object, java.lang.Object, java.lang.Object, java.lang.Object)'> (0x0000000744f6c848) 
thrown [s\src\hotspot\share\interpreter\linkResolver.cpp, line 784]
Event: 11.209 Thread 0x00000228263457a0 Exception <a 'sun/nio/fs/WindowsException'{0x0000000744facc78}> (0x0000000744facc78) 
thrown [s\src\hotspot\share\prims\jni.cpp, line 537]
Event: 11.222 Thread 0x00000228263457a0 Exception <a 'java/lang/NoSuchMethodError'{0x0000000744fea938}: 'java.lang.Object java.lang.invoke.DirectMethodHandle$Holder.invokeVirtual(java.lang.Object, java.lang.Object, java.lang.Object, java.lang.Object, java.lang.Object, java.lang.Object, java.lang.Object, java.lang.Object, java.lang.Object, java.lang.Object, java.lang.Object, java.lang.Object, java.lang.Object, java.lang.Object, java.lang.Object, java.lang.Object, java.lang.Object, java.lang.Object, java.lang.Object, java.lang.Object, java.lang.Ob
Event: 11.223 Thread 0x00000228263457a0 Exception <a 'java/lang/NoSuchMethodError'{0x0000000744ff0fd8}: 'java.lang.Object java.lang.invoke.DirectMethodHandle$Holder.invokeSpecial(java.lang.Object, java.lang.Object, java.lang.Object, java.lang.Object, java.lang.Object, java.lang.Object, java.lang.Object, java.lang.Object, java.lang.Object, java.lang.Object, java.lang.Object, java.lang.Object, java.lang.Object, java.lang.Object, java.lang.Object, java.lang.Object, java.lang.Object, java.lang.Object, java.lang.Object, java.lang.Object, java.lang.Ob
Event: 11.224 Thread 0x00000228263457a0 Exception <a 'java/lang/NoSuchMethodError'{0x0000000744ff6a00}: 'java.lang.Object java.lang.invoke.DelegatingMethodHandle$Holder.reinvoke_L(java.lang.Object, java.lang.Object, java.lang.Object, java.lang.Object, java.lang.Object, java.lang.Object, java.lang.Object, java.lang.Object, java.lang.Object, java.lang.Object, java.lang.Object, java.lang.Object, java.lang.Object, java.lang.Object, java.lang.Object, java.lang.Object, java.lang.Object, java.lang.Object, java.lang.Object, java.lang.Object, java.lang.O
Event: 11.474 Thread 0x00000228263457a0 Exception <a 'java/lang/NoSuchMethodError'{0x000000074330be70}: 'java.lang.Object java.lang.invoke.DirectMethodHandle$Holder.invokeSpecial(java.lang.Object, java.lang.Object, java.lang.Object, java.lang.Object, java.lang.Object, java.lang.Object, java.lang.Object, java.lang.Object, java.lang.Object, java.lang.Object, java.lang.Object, java.lang.Object, java.lang.Object, java.lang.Object, java.lang.Object, java.lang.Object, java.lang.Object, java.lang.Object, java.lang.Object, java.lang.Object, java.lang.Ob

ZGC Phase Switch (0 events):
No events

VM Operations (20 events):
Event: 8.909 Executing VM operation: G1PauseRemark
Event: 8.914 Executing VM operation: G1PauseRemark done
Event: 8.915 Executing VM operation: G1PauseCleanup
Event: 8.929 Executing VM operation: G1PauseCleanup done
Event: 9.223 Executing VM operation: HandshakeAllThreads (Deoptimize)
Event: 9.223 Executing VM operation: HandshakeAllThreads (Deoptimize) done
Event: 9.400 Executing VM operation: HandshakeAllThreads (Deoptimize)
Event: 9.400 Executing VM operation: HandshakeAllThreads (Deoptimize) done
Event: 9.837 Executing VM operation: HandshakeAllThreads (Deoptimize)
Event: 9.837 Executing VM operation: HandshakeAllThreads (Deoptimize) done
Event: 10.520 Executing VM operation: HandshakeAllThreads (Deoptimize)
Event: 10.520 Executing VM operation: HandshakeAllThreads (Deoptimize) done
Event: 10.520 Executing VM operation: Cleanup
Event: 10.521 Executing VM operation: Cleanup done
Event: 10.522 Executing VM operation: HandshakeAllThreads (Deoptimize)
Event: 10.522 Executing VM operation: HandshakeAllThreads (Deoptimize) done
Event: 10.531 Executing VM operation: G1CollectForAllocation (G1 Evacuation Pause)
Event: 10.550 Executing VM operation: G1CollectForAllocation (G1 Evacuation Pause) done
Event: 11.561 Executing VM operation: Cleanup
Event: 11.561 Executing VM operation: Cleanup done

Memory protections (0 events):
No events

Nmethod flushes (0 events):
No events

Events (20 events):
Event: 6.971 Loaded shared library C:\Program Files\Android\Android Studio\jbr\bin\management.dll
Event: 6.978 Loaded shared library C:\Program Files\Android\Android Studio\jbr\bin\management_ext.dll
Event: 7.079 Thread 0x00000228087287f0 Thread added: 0x0000022826ab6690
Event: 7.487 Thread 0x0000022825a20b10 Thread exited: 0x0000022825a20b10
Event: 7.775 Loaded shared library C:\Program Files\Android\Android Studio\jbr\bin\extnet.dll
Event: 7.834 Thread 0x0000022820b66f50 Thread added: 0x0000022826615e10
Event: 7.978 Thread 0x00000228087287f0 Thread added: 0x000002282651d7b0
Event: 8.289 Thread 0x00000228087287f0 Thread added: 0x000002282720a070
Event: 8.499 Thread 0x000002282651d7b0 Thread added: 0x000002282642cde0
Event: 8.506 Thread 0x000002282642cde0 Thread added: 0x000002282642d450
Event: 8.608 Thread 0x000002282642cde0 Thread added: 0x0000022826345e30
Event: 8.634 Thread 0x000002282642cde0 Thread added: 0x00000228263457a0
Event: 8.663 Thread 0x00000228263457a0 Thread added: 0x00000228275c3d60
Event: 8.673 Thread 0x00000228263457a0 Thread added: 0x00000228275c36d0
Event: 8.684 Thread 0x00000228263457a0 Thread added: 0x00000228275c43f0
Event: 9.000 Thread 0x0000022826615e10 Thread exited: 0x0000022826615e10
Event: 9.838 Thread 0x00000228263457a0 Thread added: 0x00000228275c4a80
Event: 9.873 Thread 0x00000228263457a0 Thread added: 0x00000228275c5110
Event: 9.962 Thread 0x00000228263457a0 Thread added: 0x00000228275c3040
Event: 10.348 Thread 0x0000022820b66f50 Thread added: 0x00000228273b0b60


Dynamic libraries:
0x00007ff73b5f0000 - 0x00007ff73b5fa000 	C:\Program Files\Android\Android Studio\jbr\bin\java.exe
0x00007ff8d2f80000 - 0x00007ff8d31e7000 	C:\WINDOWS\SYSTEM32\ntdll.dll
0x00007ff8d19f0000 - 0x00007ff8d1ab9000 	C:\WINDOWS\System32\KERNEL32.DLL
0x00007ff8d0710000 - 0x00007ff8d0b01000 	C:\WINDOWS\System32\KERNELBASE.dll
0x00007ff8cfbf0000 - 0x00007ff8cfd3b000 	C:\WINDOWS\System32\ucrtbase.dll
0x00007ff8c2840000 - 0x00007ff8c2858000 	C:\Program Files\Android\Android Studio\jbr\bin\jli.dll
0x00007ff8c29d0000 - 0x00007ff8c29eb000 	C:\Program Files\Android\Android Studio\jbr\bin\VCRUNTIME140.dll
0x00007ff8d2c00000 - 0x00007ff8d2dc5000 	C:\WINDOWS\System32\USER32.dll
0x00007ff8be220000 - 0x00007ff8be4b3000 	C:\WINDOWS\WinSxS\amd64_microsoft.windows.common-controls_6595b64144ccf1df_6.0.26100.8037_none_3e092faae333b53b\COMCTL32.dll
0x00007ff8cfd40000 - 0x00007ff8cfd67000 	C:\WINDOWS\System32\win32u.dll
0x00007ff8d1440000 - 0x00007ff8d14e9000 	C:\WINDOWS\System32\msvcrt.dll
0x00007ff8d1b80000 - 0x00007ff8d1bab000 	C:\WINDOWS\System32\GDI32.dll
0x00007ff8cfd70000 - 0x00007ff8cfe9b000 	C:\WINDOWS\System32\gdi32full.dll
0x00007ff8cfb40000 - 0x00007ff8cfbe3000 	C:\WINDOWS\System32\msvcp_win.dll
0x00007ff8d1870000 - 0x00007ff8d18a1000 	C:\WINDOWS\System32\IMM32.DLL
0x00007ff8bde90000 - 0x00007ff8bde9c000 	C:\Program Files\Android\Android Studio\jbr\bin\vcruntime140_1.dll
0x00007ff88e230000 - 0x00007ff88e2bd000 	C:\Program Files\Android\Android Studio\jbr\bin\msvcp140.dll
0x00007ff84def0000 - 0x00007ff84eb86000 	C:\Program Files\Android\Android Studio\jbr\bin\server\jvm.dll
0x00007ff8d17b0000 - 0x00007ff8d186b000 	C:\WINDOWS\System32\ADVAPI32.dll
0x00007ff8d2570000 - 0x00007ff8d2617000 	C:\WINDOWS\System32\sechost.dll
0x00007ff8d14f0000 - 0x00007ff8d1608000 	C:\WINDOWS\System32\RPCRT4.dll
0x00007ff8d1c40000 - 0x00007ff8d1cb4000 	C:\WINDOWS\System32\WS2_32.dll
0x00007ff8cf6e0000 - 0x00007ff8cf73e000 	C:\WINDOWS\SYSTEM32\POWRPROF.dll
0x00007ff8bc620000 - 0x00007ff8bc655000 	C:\WINDOWS\SYSTEM32\WINMM.dll
0x00007ff8c17d0000 - 0x00007ff8c17db000 	C:\WINDOWS\SYSTEM32\VERSION.dll
0x00007ff8cf6c0000 - 0x00007ff8cf6d4000 	C:\WINDOWS\SYSTEM32\UMPDC.dll
0x00007ff8ce5b0000 - 0x00007ff8ce5cb000 	C:\WINDOWS\SYSTEM32\kernel.appcore.dll
0x00007ff8bde80000 - 0x00007ff8bde8a000 	C:\Program Files\Android\Android Studio\jbr\bin\jimage.dll
0x00007ff8cd950000 - 0x00007ff8cdb92000 	C:\WINDOWS\SYSTEM32\DBGHELP.DLL
0x00007ff8d0d50000 - 0x00007ff8d10d2000 	C:\WINDOWS\System32\combase.dll
0x00007ff8d1d20000 - 0x00007ff8d1df7000 	C:\WINDOWS\System32\OLEAUT32.dll
0x00007ff8b7070000 - 0x00007ff8b70ab000 	C:\WINDOWS\SYSTEM32\dbgcore.DLL
0x00007ff8cf860000 - 0x00007ff8cf905000 	C:\WINDOWS\System32\bcryptPrimitives.dll
0x00007ff8ca920000 - 0x00007ff8ca92e000 	C:\Program Files\Android\Android Studio\jbr\bin\instrument.dll
0x00007ff8b8020000 - 0x00007ff8b8040000 	C:\Program Files\Android\Android Studio\jbr\bin\java.dll
0x00007ff8b5460000 - 0x00007ff8b5478000 	C:\Program Files\Android\Android Studio\jbr\bin\zip.dll
0x00007ff8d1e00000 - 0x00007ff8d255f000 	C:\WINDOWS\System32\SHELL32.dll
0x00007ff8cf9d0000 - 0x00007ff8cfb3a000 	C:\WINDOWS\System32\wintypes.dll
0x00007ff8cfea0000 - 0x00007ff8d0704000 	C:\WINDOWS\System32\windows.storage.dll
0x00007ff8d2ab0000 - 0x00007ff8d2ba7000 	C:\WINDOWS\System32\SHCORE.dll
0x00007ff8d2e50000 - 0x00007ff8d2eb7000 	C:\WINDOWS\System32\shlwapi.dll
0x00007ff8cf780000 - 0x00007ff8cf7a9000 	C:\WINDOWS\SYSTEM32\profapi.dll
0x00007ff8bd1c0000 - 0x00007ff8bd1d0000 	C:\Program Files\Android\Android Studio\jbr\bin\net.dll
0x00007ff8c2160000 - 0x00007ff8c2287000 	C:\WINDOWS\SYSTEM32\WINHTTP.dll
0x00007ff8ceb00000 - 0x00007ff8ceb6b000 	C:\WINDOWS\system32\mswsock.dll
0x00007ff8aaf20000 - 0x00007ff8aaf36000 	C:\Program Files\Android\Android Studio\jbr\bin\nio.dll
0x00007ff8b7f60000 - 0x00007ff8b7f70000 	C:\Program Files\Android\Android Studio\jbr\bin\verify.dll
0x00007ff8a2880000 - 0x00007ff8a28a7000 	C:\Users\MyBook Hype\.gradle\native\c067742578af261105cb4f569cf0c3c89f3d7b1fecec35dd04571415982c5e48\windows-amd64\native-platform.dll
0x00007ff86d760000 - 0x00007ff86d8a4000 	C:\Users\MyBook Hype\.gradle\native\38dada09dfb8b06ba9b0570ebf7e218e3eb74d4ef43ca46872605cf95ebc2f47\windows-amd64\native-platform-file-events.dll
0x00007ff8ba380000 - 0x00007ff8ba389000 	C:\Program Files\Android\Android Studio\jbr\bin\management.dll
0x00007ff8b9580000 - 0x00007ff8b958b000 	C:\Program Files\Android\Android Studio\jbr\bin\management_ext.dll
0x00007ff8d18b0000 - 0x00007ff8d18b8000 	C:\WINDOWS\System32\PSAPI.DLL
0x00007ff8cef00000 - 0x00007ff8cef1b000 	C:\WINDOWS\SYSTEM32\CRYPTSP.dll
0x00007ff8ce510000 - 0x00007ff8ce549000 	C:\WINDOWS\system32\rsaenh.dll
0x00007ff8cebb0000 - 0x00007ff8cebe2000 	C:\WINDOWS\SYSTEM32\USERENV.dll
0x00007ff8cf750000 - 0x00007ff8cf77a000 	C:\WINDOWS\SYSTEM32\bcrypt.dll
0x00007ff8ced60000 - 0x00007ff8ced6c000 	C:\WINDOWS\SYSTEM32\CRYPTBASE.dll
0x00007ff8cdfa0000 - 0x00007ff8cdfd3000 	C:\WINDOWS\SYSTEM32\IPHLPAPI.DLL
0x00007ff8d10f0000 - 0x00007ff8d10fa000 	C:\WINDOWS\System32\NSI.dll
0x00007ff8bbc40000 - 0x00007ff8bbc49000 	C:\Program Files\Android\Android Studio\jbr\bin\extnet.dll
0x00007ff8bc010000 - 0x00007ff8bc018000 	C:\WINDOWS\system32\wshunix.dll

JVMTI agents:
C:\Users\MyBook Hype\.gradle\wrapper\dists\gradle-8.7-bin\bhs2wmbdwecv87pi65oeuq5iu\gradle-8.7\lib\agents\gradle-instrumentation-agent-8.7.jar path:C:\Program Files\Android\Android Studio\jbr\bin\instrument.dll, loaded, initialized, instrumentlib options:none

dbghelp: loaded successfully - version: 4.0.5 - missing functions: none
symbol engine: initialized successfully - sym options: 0x614 - pdb path: .;C:\Program Files\Android\Android Studio\jbr\bin;C:\WINDOWS\SYSTEM32;C:\WINDOWS\WinSxS\amd64_microsoft.windows.common-controls_6595b64144ccf1df_6.0.26100.8037_none_3e092faae333b53b;C:\Program Files\Android\Android Studio\jbr\bin\server;C:\Users\MyBook Hype\.gradle\native\c067742578af261105cb4f569cf0c3c89f3d7b1fecec35dd04571415982c5e48\windows-amd64;C:\Users\MyBook Hype\.gradle\native\38dada09dfb8b06ba9b0570ebf7e218e3eb74d4ef43ca46872605cf95ebc2f47\windows-amd64

VM Arguments:
jvm_args: -XX:MaxMetaspaceSize=512m --add-opens=java.base/java.util=ALL-UNNAMED --add-opens=java.base/java.lang=ALL-UNNAMED --add-opens=java.base/java.lang.invoke=ALL-UNNAMED --add-opens=java.prefs/java.util.prefs=ALL-UNNAMED --add-opens=java.base/java.nio.charset=ALL-UNNAMED --add-opens=java.base/java.net=ALL-UNNAMED --add-opens=java.base/java.util.concurrent.atomic=ALL-UNNAMED -Xmx3072m -Dfile.encoding=UTF-8 -Duser.country=ID -Duser.language=en -Duser.variant -javaagent:C:\Users\MyBook Hype\.gradle\wrapper\dists\gradle-8.7-bin\bhs2wmbdwecv87pi65oeuq5iu\gradle-8.7\lib\agents\gradle-instrumentation-agent-8.7.jar 
java_command: org.gradle.launcher.daemon.bootstrap.GradleDaemon 8.7
java_class_path (initial): C:\Users\MyBook Hype\.gradle\wrapper\dists\gradle-8.7-bin\bhs2wmbdwecv87pi65oeuq5iu\gradle-8.7\lib\gradle-launcher-8.7.jar
Launcher Type: SUN_STANDARD

[Global flags]
     intx CICompilerCount                          = 3                                         {product} {ergonomic}
   size_t CompressedClassSpaceSize                 = 436207616                                 {product} {ergonomic}
     uint ConcGCThreads                            = 1                                         {product} {ergonomic}
     uint G1ConcRefinementThreads                  = 4                                         {product} {ergonomic}
   size_t G1HeapRegionSize                         = 2097152                                   {product} {ergonomic}
    uintx GCDrainStackTargetSize                   = 64                                        {product} {ergonomic}
   size_t InitialHeapSize                          = 130023424                                 {product} {ergonomic}
   size_t MarkStackSize                            = 4194304                                   {product} {ergonomic}
   size_t MaxHeapSize                              = 3221225472                                {product} {command line}
   size_t MaxMetaspaceSize                         = 536870912                                 {product} {command line}
   size_t MaxNewSize                               = 1931476992                                {product} {ergonomic}
   size_t MinHeapDeltaBytes                        = 2097152                                   {product} {ergonomic}
   size_t MinHeapSize                              = 8388608                                   {product} {ergonomic}
    uintx NonNMethodCodeHeapSize                   = 5832780                                {pd product} {ergonomic}
    uintx NonProfiledCodeHeapSize                  = 122912730                              {pd product} {ergonomic}
    uintx ProfiledCodeHeapSize                     = 122912730                              {pd product} {ergonomic}
    uintx ReservedCodeCacheSize                    = 251658240                              {pd product} {ergonomic}
     bool SegmentedCodeCache                       = true                                      {product} {ergonomic}
   size_t SoftMaxHeapSize                          = 3221225472                             {manageable} {ergonomic}
     bool UseCompressedOops                        = true                           {product lp64_product} {ergonomic}
     bool UseG1GC                                  = true                                      {product} {ergonomic}
     bool UseLargePagesIndividualAllocation        = false                                  {pd product} {ergonomic}

Logging:
Log output configuration:
 #0: stdout all=warning uptime,level,tags foldmultilines=false
 #1: stderr all=off uptime,level,tags foldmultilines=false

Release file:
JAVA_VERSION="21.0.9" 
MODULES="java.base java.compiler java.datatransfer java.xml java.prefs java.desktop java.instrument java.logging java.management java.security.sasl java.naming java.rmi java.management.rmi java.net.http java.scripting java.security.jgss java.transaction.xa java.sql java.sql.rowset java.xml.crypto java.se java.smartcardio jdk.accessibility jdk.internal.jvmstat jdk.attach jdk.charsets jdk.internal.opt jdk.zipfs jdk.compiler jdk.crypto.ec jdk.crypto.cryptoki jdk.dynalink jdk.hotspot.agent jdk.httpserver jdk.internal.ed jdk.internal.le jdk.internal.vm.ci jdk.jartool jdk.javadoc jdk.jcmd jdk.jdeps jdk.jdwp.agent jdk.jdi jdk.jfr jdk.jlink jdk.jsobject jdk.localedata jdk.management jdk.management.agent jdk.management.jfr jdk.naming.dns jdk.naming.rmi jdk.net jdk.sctp jdk.security.auth jdk.security.jgss jdk.unsupported jdk.unsupported.desktop jdk.xml.dom" 
IMPLEMENTOR="JetBrains s.r.o." 
JAVA_RUNTIME_VERSION="21.0.9+-14787801-b1163.94" 
LIBC="default" 
OS_ARCH="x86_64" 
OS_NAME="Windows" 
SOURCE=".:git:0c757ddc9f2f" 

Environment Variables:
PATH=C:\Program Files\Eclipse Adoptium\jdk-17.0.18.8-hotspot\bin;C:\Program Files\Eclipse Adoptium\jre-17.0.8.101-hotspot\bin;C:\WINDOWS\system32;C:\WINDOWS;C:\WINDOWS\System32\Wbem;C:\WINDOWS\System32\WindowsPowerShell\v1.0\;C:\WINDOWS\System32\OpenSSH\;C:\Program Files (x86)\Microsoft ASP.NET\ASP.NET Web Pages\v1.0\;C:\Program Files\Microsoft SQL Server\110\Tools\Binn\;C:\Program Files\Microsoft SQL Server\150\Tools\Binn\;C:\Program Files (x86)\Windows Kits\8.0\Windows Performance Toolkit\;C:\wamp64\bin\php\php7.4.33;C:\ProgramData\ComposerSetup\bin;C:\Program Files\nodejs\;C:\Program Files\Git\cmd;C:\Program Files\dotnet\;D:\kotlin\kotlin-compiler-2.3.10\kotlinc\bin;C:\Users\MyBook Hype\AppData\Local\Programs\Python\Python311\Scripts\;C:\Users\MyBook Hype\AppData\Local\Programs\Python\Python311\;C:\Users\MyBook Hype\AppData\Local\Programs\Python\Python313\Scripts\;C:\Users\MyBook Hype\AppData\Local\Programs\Python\Python313\;C:\Users\MyBook Hype\AppData\Local\Programs\Python\Launcher\;C:\Users\MyBook Hype\AppData\Local\Microsoft\WindowsApps;C:\Users\MyBook Hype\AppData\Local\Programs\Microsoft VS Code\bin;C:\Program Files\nodejs\;C:\ProgramData\johanns\GitHubDesktop\bin;C:\Users\MyBook Hype\AppData\Roaming\npm;C:\Users\MyBook Hype\.bun\bin;C:\Users\MyBook Hype\AppData\Local\ComposerSetup\bin;C:\Users\MyBook Hype\AppData\Roaming\Composer\vendor\bin;C:\Users\MyBook Hype\.dotnet\tools;C:\Users\MyBook Hype\AppData\Local\Microsoft\WindowsApps;
USERNAME=johanns
OS=Windows_NT
PROCESSOR_IDENTIFIER=Intel64 Family 6 Model 126 Stepping 5, GenuineIntel
TMP=C:\Users\MYBOOK~1\AppData\Local\Temp
TEMP=C:\Users\MYBOOK~1\AppData\Local\Temp




Periodic native trim disabled

JNI global refs:
JNI global refs: 22, weak refs: 0

JNI global refs memory usage: 835, weak refs: 833

Process memory usage:
Resident Set Size: 192564K (2% of 8121160K total physical memory with 1033128K free physical memory)

OOME stack traces (most recent first):
Classloader memory used:
Loader bootstrap                                                                       : 16769K
Loader org.gradle.internal.classloader.VisitableURLClassLoader                         : 11225K
Loader org.gradle.initialization.MixInLegacyTypesClassLoader                           : 1764K
Loader jdk.internal.loader.ClassLoaders$AppClassLoader                                 : 230K
Loader jdk.internal.loader.ClassLoaders$PlatformClassLoader                            : 115K

Classes loaded by more than one classloader:
Class org.gradle.internal.classloader.FilteringClassLoader                            : loaded 2 times (x 105B)
Class org.gradle.internal.classloader.ClassLoaderHierarchy                            : loaded 2 times (x 70B)
Class org.gradle.api.internal.classpath.ManifestUtil                                  : loaded 2 times (x 71B)
Class org.gradle.internal.classloader.DefaultClassLoaderFactory                       : loaded 2 times (x 82B)
Class org.gradle.internal.classloader.ClassLoaderVisitor                              : loaded 2 times (x 76B)
Class org.gradle.api.internal.classpath.EffectiveClassPath                            : loaded 2 times (x 90B)
Class org.gradle.api.internal.DefaultClassPathProvider                                : loaded 2 times (x 76B)
Class [Lorg.gradle.api.internal.ClassPathProvider;                                    : loaded 2 times (x 69B)
Class org.gradle.api.internal.ClassPathProvider                                       : loaded 2 times (x 70B)
Class org.gradle.internal.service.UnknownServiceException                             : loaded 2 times (x 83B)
Class org.gradle.internal.classpath.TransformedClassPath                              : loaded 2 times (x 96B)
Class org.gradle.internal.service.ServiceLocator                                      : loaded 2 times (x 70B)
Class org.gradle.internal.InternalTransformer                                         : loaded 2 times (x 70B)
Class org.gradle.internal.classloader.ClasspathUtil$1                                 : loaded 2 times (x 76B)
Class org.gradle.api.internal.classpath.DefaultModuleRegistry$DefaultModule           : loaded 2 times (x 86B)
Class org.gradle.api.internal.classpath.Module                                        : loaded 2 times (x 70B)
Class org.gradle.api.internal.classpath.UnknownModuleException                        : loaded 2 times (x 82B)
Class org.gradle.cache.GlobalCache                                                    : loaded 2 times (x 70B)
Class org.gradle.api.internal.DefaultClassPathRegistry                                : loaded 2 times (x 76B)
Class org.gradle.api.internal.ClassPathRegistry                                       : loaded 2 times (x 70B)
Class org.gradle.internal.classpath.DefaultClassPath$ImmutableUniqueList              : loaded 2 times (x 199B)
Class org.gradle.internal.classpath.ClassPath                                         : loaded 2 times (x 70B)
Class org.gradle.api.UncheckedIOException                                             : loaded 2 times (x 82B)
Class org.gradle.internal.installation.GradleInstallation$1                           : loaded 2 times (x 75B)
Class org.gradle.api.internal.classpath.ModuleRegistry                                : loaded 2 times (x 70B)
Class org.gradle.api.internal.classpath.DefaultModuleRegistry                         : loaded 2 times (x 86B)
Class org.gradle.internal.service.ServiceLookupException                              : loaded 2 times (x 82B)
Class org.gradle.internal.classloader.ClassLoaderFactory                              : loaded 2 times (x 70B)
Class org.gradle.internal.service.CachingServiceLocator                               : loaded 2 times (x 82B)
Class org.gradle.internal.classloader.ClasspathUtil                                   : loaded 2 times (x 71B)
Class org.gradle.api.specs.Spec                                                       : loaded 2 times (x 70B)
Class org.gradle.internal.classloader.VisitableURLClassLoader$InstrumentingVisitableURLClassLoader: loaded 2 times (x 123B)
Class org.gradle.internal.classloader.VisitableURLClassLoader$Spec                    : loaded 2 times (x 74B)
Class org.gradle.internal.classpath.DefaultClassPath                                  : loaded 2 times (x 90B)
Class org.gradle.internal.classloader.ClassLoaderSpec                                 : loaded 2 times (x 71B)
Class org.gradle.internal.classloader.VisitableURLClassLoader                         : loaded 2 times (x 117B)
Class org.gradle.internal.Cast                                                        : loaded 2 times (x 71B)
Class org.gradle.api.Action                                                           : loaded 2 times (x 70B)
Class org.gradle.internal.agents.InstrumentingClassLoader                             : loaded 2 times (x 70B)
Class org.gradle.internal.classpath.DefaultClassPath$ImmutableUniqueList$Builder      : loaded 2 times (x 75B)
Class org.gradle.api.GradleException                                                  : loaded 2 times (x 82B)
Class org.gradle.internal.IoActions                                                   : loaded 2 times (x 71B)
Class org.gradle.internal.classloader.SystemClassLoaderSpec                           : loaded 2 times (x 71B)
Class org.gradle.internal.installation.CurrentGradleInstallationLocator               : loaded 2 times (x 71B)
Class org.gradle.internal.service.DefaultServiceLocator                               : loaded 2 times (x 83B)
Class org.gradle.internal.installation.CurrentGradleInstallation                      : loaded 2 times (x 73B)
Class org.gradle.util.internal.GUtil                                                  : loaded 2 times (x 71B)
Class org.gradle.internal.installation.GradleInstallation                             : loaded 2 times (x 75B)

---------------  S Y S T E M  ---------------

OS:
 Windows 11 , 64 bit Build 26100 (10.0.26100.7920)
OS uptime: 0 days 10:55 hours
Hyper-V role detected

CPU: total 4 (initial active 4) (2 cores per cpu, 2 threads per core) family 6 model 126 stepping 5 microcode 0xbc, cx8, cmov, fxsr, ht, mmx, 3dnowpref, sse, sse2, sse3, ssse3, sse4.1, sse4.2, popcnt, lzcnt, tsc, tscinvbit, avx, avx2, aes, erms, clmul, bmi1, bmi2, adx, avx512f, avx512dq, avx512cd, avx512bw, avx512vl, sha, fma, vzeroupper, avx512_vpopcntdq, avx512_vpclmulqdq, avx512_vaes, avx512_vnni, clflush, clflushopt, avx512_vbmi2, avx512_vbmi, hv, rdtscp, rdpid, fsrm, gfni, avx512_bitalg, f16c, avx512_ifma
Processor Information for processor 0
  Max Mhz: 1190, Current Mhz: 1190, Mhz Limit: 1190
Processor Information for processor 1
  Max Mhz: 1190, Current Mhz: 1190, Mhz Limit: 1190
Processor Information for processor 2
  Max Mhz: 1190, Current Mhz: 991, Mhz Limit: 1190
Processor Information for processor 3
  Max Mhz: 1190, Current Mhz: 1190, Mhz Limit: 1190

Memory: 4k page, system-wide physical 7930M (1008M free)
TotalPageFile size 12026M (AvailPageFile size 1M)
current process WorkingSet (physical memory assigned to process): 188M, peak: 190M
current process commit charge ("private bytes"): 221M, peak: 248M

vm_info: OpenJDK 64-Bit Server VM (21.0.9+-14787801-b1163.94) for windows-amd64 JRE (21.0.9+-14787801-b1163.94), built on 2026-01-27T21:15:44Z by "builder" with MS VC++ 16.10 / 16.11 (VS2019)

END.
